#
# A fatal error has been detected by the Java Runtime Environment:
#
#  SIGSEGV (0xb) at pc=0x00007f7176540d2f, pid=18807, tid=0x00007f71af9f9700
#
# JRE version: Java(TM) SE Runtime Environment (8.0_121-b13) (build 1.8.0_121-b13)
# Java VM: Java HotSpot(TM) 64-Bit Server VM (25.121-b13 mixed mode linux-amd64 compressed oops)
# Problematic frame:
# C  [i965_dri.so+0x3f8d2f]
#
# Failed to write core dump. Core dumps have been disabled. To enable core dumping, try "ulimit -c unlimited" before starting Java again
#
# If you would like to submit a bug report, please visit:
#   http://bugreport.java.com/bugreport/crash.jsp
# The crash happened outside the Java Virtual Machine in native code.
# See problematic frame for where to report the bug.
#

---------------  T H R E A D  ---------------

Current thread (0x00007f71cc2bb000):  JavaThread "QuantumRenderer-0" daemon [_thread_in_native, id=18825, stack(0x00007f71af8f9000,0x00007f71af9fa000)]

siginfo: si_signo: 11 (SIGSEGV), si_code: 1 (SEGV_MAPERR), si_addr: 0x0000000000000210

Registers:
RAX=0x0000000000000000, RBX=0x00007f7179c4d040, RCX=0x0000000000000001, RDX=0x00007f7176203e40
RSP=0x00007f71af9f7fc0, RBP=0x0000000000000000, RSI=0x0000000000000052, RDI=0x0000000000000005
R8 =0x0000000000000000, R9 =0x0000000000000001, R10=0x0000000000000003, R11=0x00007f71d23fe800
R12=0x00007f7179c4d040, R13=0x00007f717820dd98, R14=0x0000000000000de1, R15=0x0000000000000001
RIP=0x00007f7176540d2f, EFLAGS=0x0000000000010246, CSGSFS=0x0000000000000033, ERR=0x0000000000000004
  TRAPNO=0x000000000000000e

Top of Stack: (sp=0x00007f71af9f7fc0)
0x00007f71af9f7fc0:   000000000000000d 0000068800000005
0x00007f71af9f7fd0:   0000000000000000 00007f717820dd98
0x00007f71af9f7fe0:   0000000000000008 00007f717820dd98
0x00007f71af9f7ff0:   0000000000000001 00007f7178232a74
0x00007f71af9f8000:   0000000000000001 00007f7178232a74
0x00007f71af9f8010:   00007f7179c82d40 00007f7176538225
0x00007f71af9f8020:   0000000000000000 000002e800000521
0x00007f71af9f8030:   00007f71782333c8 00007f717820dd98
0x00007f71af9f8040:   00007f7178233140 00007f7176924560
0x00007f71af9f8050:   00007f71782333c8 0000000000000000
0x00007f71af9f8060:   00007f71af9f81e0 00007f71765382c1
0x00007f71af9f8070:   00007f717820dd98 00007f717650d21b
0x00007f71af9f8080:   000000000001d84f 00000000378bd13d
0x00007f71af9f8090:   000000000c414008 ffffffffffffffff
0x00007f71af9f80a0:   0000000000000004 00007f717826af50
0x00007f71af9f80b0:   0000000000000000 00007f717820dd98
0x00007f71af9f80c0:   00007f71af9f81c0 00007f71af9f81e0
0x00007f71af9f80d0:   0000000000000003 0000000000000000
0x00007f71af9f80e0:   00007f71af9f81e0 00007f7176496cb7
0x00007f71af9f80f0:   0000000000000000 0000000000000000
0x00007f71af9f8100:   0000000000000000 00007f7179b33f78
0x00007f71af9f8110:   0000000000000000 0000000000000000
0x00007f71af9f8120:   00007f7176924560 00000001005cbae7
0x00007f71af9f8130:   00007f7178231a20 00007f717826af50
0x00007f71af9f8140:   00007f7100000000 0000000076277311
0x00007f71af9f8150:   00007f717820dd98 00007f717820dd98
0x00007f71af9f8160:   0000000000000006 0000000000000000
0x00007f71af9f8170:   00000000ffffffff 00007f7178267cb0
0x00007f71af9f8180:   0000000000000004 00007f71762d21db
0x00007f71af9f8190:   0000000000000003 0000000000000000
0x00007f71af9f81a0:   0000000000000000 0000000000000000
0x00007f71af9f81b0:   00007f71af9f8220 ffffffffbcded2bd 

Instructions: (pc=0x00007f7176540d2f)
0x00007f7176540d0f:   44 0f 45 bb a0 00 00 00 48 85 c0 0f 84 30 02 00
0x00007f7176540d1f:   00 48 8b 40 38 44 8b 70 38 48 8b 83 88 00 00 00
0x00007f7176540d2f:   83 b8 10 02 00 00 03 0f 84 cc 01 00 00 4c 8d 4c
0x00007f7176540d3f:   24 1c 45 31 c0 b9 20 00 00 00 ba 18 00 00 00 be 

Register to memory mapping:

RAX=0x0000000000000000 is an unknown value
RBX=0x00007f7179c4d040 is an unknown value
RCX=0x0000000000000001 is an unknown value
RDX=0x00007f7176203e40: <offset 0xbbe40> in /usr/lib/x86_64-linux-gnu/dri/i965_dri.so at 0x00007f7176148000
RSP=0x00007f71af9f7fc0 is pointing into the stack for thread: 0x00007f71cc2bb000
RBP=0x0000000000000000 is an unknown value
RSI=0x0000000000000052 is an unknown value
RDI=0x0000000000000005 is an unknown value
R8 =0x0000000000000000 is an unknown value
R9 =0x0000000000000001 is an unknown value
R10=0x0000000000000003 is an unknown value
R11=0x00007f71d23fe800: <offset 0x186800> in /lib/x86_64-linux-gnu/libc.so.6 at 0x00007f71d2278000
R12=0x00007f7179c4d040 is an unknown value
R13=0x00007f717820dd98 is an unknown value
R14=0x0000000000000de1 is an unknown value
R15=0x0000000000000001 is an unknown value


Stack: [0x00007f71af8f9000,0x00007f71af9fa000],  sp=0x00007f71af9f7fc0,  free space=1019k
Native frames: (J=compiled Java code, j=interpreted, Vv=VM code, C=native code)
C  [i965_dri.so+0x3f8d2f]

Java frames: (J=compiled Java code, j=interpreted, Vv=VM code)
J 2854  com.sun.prism.es2.GLContext.nDrawIndexedQuads(JI[F[B)V (0 bytes) @ 0x00007f71bd69a2ac [0x00007f71bd69a240+0x6c]
J 2495 C1 com.sun.prism.es2.ES2Context.renderQuads([F[BI)V (11 bytes) @ 0x00007f71bd57355c [0x00007f71bd573400+0x15c]
J 2228 C1 com.sun.prism.impl.BaseContext.flushVertexBuffer()V (8 bytes) @ 0x00007f71bd4cf904 [0x00007f71bd4cf560+0x3a4]
j  com.sun.prism.es2.ES2SwapChain.drawTexture(Lcom/sun/prism/es2/ES2Graphics;Lcom/sun/prism/RTTexture;FFFFFFFF)V+68
j  com.sun.prism.es2.ES2SwapChain.prepare(Lcom/sun/javafx/geom/Rectangle;)Z+146
j  com.sun.javafx.tk.quantum.PresentingPainter.run()V+350
j  java.util.concurrent.Executors$RunnableAdapter.call()Ljava/lang/Object;+4
j  java.util.concurrent.FutureTask.runAndReset()Z+47
j  com.sun.javafx.tk.RenderJob.run()V+1
j  java.util.concurrent.ThreadPoolExecutor.runWorker(Ljava/util/concurrent/ThreadPoolExecutor$Worker;)V+95
j  java.util.concurrent.ThreadPoolExecutor$Worker.run()V+5
j  com.sun.javafx.tk.quantum.QuantumRenderer$PipelineRunnable.run()V+8
j  java.lang.Thread.run()V+11
v  ~StubRoutines::call_stub

---------------  P R O C E S S  ---------------

Java Threads: ( => current thread )
  0x00007f715c149000 JavaThread "Prism Font Disposer" daemon [_thread_blocked, id=18831, stack(0x00007f7171b0d000,0x00007f7171c0e000)]
  0x00007f71cc368000 JavaThread "JavaFX-Launcher" [_thread_blocked, id=18830, stack(0x00007f71728ca000,0x00007f71729cb000)]
  0x00007f71cc363800 JavaThread "JavaFX Application Thread" [_thread_blocked, id=18829, stack(0x00007f717c024000,0x00007f717c125000)]
  0x00007f71cc35f800 JavaThread "Thread-1" daemon [_thread_blocked, id=18827, stack(0x00007f71ac07a000,0x00007f71ac17b000)]
=>0x00007f71cc2bb000 JavaThread "QuantumRenderer-0" daemon [_thread_in_native, id=18825, stack(0x00007f71af8f9000,0x00007f71af9fa000)]
  0x00007f71cc18f800 JavaThread "Service Thread" daemon [_thread_blocked, id=18823, stack(0x00007f71afafb000,0x00007f71afbfc000)]
  0x00007f71cc184000 JavaThread "C1 CompilerThread2" daemon [_thread_blocked, id=18822, stack(0x00007f71afbfc000,0x00007f71afcfd000)]
  0x00007f71cc182800 JavaThread "C2 CompilerThread1" daemon [_thread_in_native, id=18821, stack(0x00007f71afcfd000,0x00007f71afdfe000)]
  0x00007f71cc17f800 JavaThread "C2 CompilerThread0" daemon [_thread_in_native, id=18820, stack(0x00007f71afdfe000,0x00007f71afeff000)]
  0x00007f71cc17e000 JavaThread "Signal Dispatcher" daemon [_thread_blocked, id=18819, stack(0x00007f71afeff000,0x00007f71b0000000)]
  0x00007f71cc14b000 JavaThread "Finalizer" daemon [_thread_blocked, id=18818, stack(0x00007f71b479f000,0x00007f71b48a0000)]
  0x00007f71cc146800 JavaThread "Reference Handler" daemon [_thread_blocked, id=18817, stack(0x00007f71b48a0000,0x00007f71b49a1000)]
  0x00007f71cc00a000 JavaThread "main" [_thread_blocked, id=18810, stack(0x00007f71d2d70000,0x00007f71d2e71000)]

Other Threads:
  0x00007f71cc13e800 VMThread [stack: 0x00007f71b49a1000,0x00007f71b4aa2000] [id=18816]
  0x00007f71cc192000 WatcherThread [stack: 0x00007f71af9fa000,0x00007f71afafb000] [id=18824]

VM state:not at safepoint (normal execution)

VM Mutex/Monitor currently owned by a thread: None

Heap:
 PSYoungGen      total 33280K, used 32087K [0x00000000ec000000, 0x00000000ee300000, 0x0000000100000000)
  eden space 30720K, 96% used [0x00000000ec000000,0x00000000edcd9c90,0x00000000ede00000)
  from space 2560K, 99% used [0x00000000ee080000,0x00000000ee2fc2e0,0x00000000ee300000)
  to   space 2560K, 0% used [0x00000000ede00000,0x00000000ede00000,0x00000000ee080000)
 ParOldGen       total 40960K, used 5263K [0x00000000c4000000, 0x00000000c6800000, 0x00000000ec000000)
  object space 40960K, 12% used [0x00000000c4000000,0x00000000c4523d28,0x00000000c6800000)
 Metaspace       used 19740K, capacity 21094K, committed 21296K, reserved 1067008K
  class space    used 2891K, capacity 3148K, committed 3200K, reserved 1048576K

Card table byte_map: [0x00007f71bc844000,0x00007f71bca25000] byte_map_base: 0x00007f71bc224000

Marking Bits: (ParMarkBitMap*) 0x00007f71d224ac80
 Begin Bits: [0x00007f71b6200000, 0x00007f71b7100000)
 End Bits:   [0x00007f71b7100000, 0x00007f71b8000000)

Polling page: 0x00007f71d2e94000

CodeCache: size=245760Kb used=9649Kb max_used=9649Kb free=236110Kb
 bounds [0x00007f71bcde5000, 0x00007f71bd765000, 0x00007f71cbde5000]
 total_blobs=3683 nmethods=3027 adapters=568
 compilation: enabled

Compilation events (10 events):
Event: 8.614 Thread 0x00007f71cc184000 nmethod 3034 0x00007f71bd746e10 code [0x00007f71bd746f60, 0x00007f71bd747050]
Event: 8.614 Thread 0x00007f71cc184000 3035       1       com.sun.glass.ui.InvokeLaterDispatcher$Future::isDone (5 bytes)
Event: 8.615 Thread 0x00007f71cc184000 nmethod 3035 0x00007f71bd7470d0 code [0x00007f71bd747220, 0x00007f71bd747330]
Event: 8.615 Thread 0x00007f71cc184000 3036       3       com.sun.javafx.sg.prism.NGNode::renderOpacity (322 bytes)
Event: 8.622 Thread 0x00007f71cc184000 nmethod 3036 0x00007f71bd747390 code [0x00007f71bd7477e0, 0x00007f71bd74a8d8]
Event: 8.622 Thread 0x00007f71cc184000 3039       3       java.util.concurrent.locks.AbstractOwnableSynchronizer::setExclusiveOwnerThread (6 bytes)
Event: 8.622 Thread 0x00007f71cc184000 nmethod 3039 0x00007f71bd74be10 code [0x00007f71bd74bf60, 0x00007f71bd74c0d0]
Event: 8.622 Thread 0x00007f71cc184000 3038       3       java.util.WeakHashMap::isEmpty (13 bytes)
Event: 8.623 Thread 0x00007f71cc184000 nmethod 3038 0x00007f71bd74c150 code [0x00007f71bd74c2c0, 0x00007f71bd74c5e8]
Event: 8.623 Thread 0x00007f71cc184000 3037       3       com.sun.javafx.sg.prism.NGRegion::renderBackgroundRectangle (1152 bytes)

GC Heap History (4 events):
Event: 0.661 GC heap before
{Heap before GC invocations=1 (full 0):
 PSYoungGen      total 17920K, used 15360K [0x00000000ec000000, 0x00000000ed400000, 0x0000000100000000)
  eden space 15360K, 100% used [0x00000000ec000000,0x00000000ecf00000,0x00000000ecf00000)
  from space 2560K, 0% used [0x00000000ed180000,0x00000000ed180000,0x00000000ed400000)
  to   space 2560K, 0% used [0x00000000ecf00000,0x00000000ecf00000,0x00000000ed180000)
 ParOldGen       total 40960K, used 0K [0x00000000c4000000, 0x00000000c6800000, 0x00000000ec000000)
  object space 40960K, 0% used [0x00000000c4000000,0x00000000c4000000,0x00000000c6800000)
 Metaspace       used 9347K, capacity 9726K, committed 10112K, reserved 1058816K
  class space    used 1214K, capacity 1301K, committed 1408K, reserved 1048576K
Event: 0.669 GC heap after
Heap after GC invocations=1 (full 0):
 PSYoungGen      total 17920K, used 2544K [0x00000000ec000000, 0x00000000ee300000, 0x0000000100000000)
  eden space 15360K, 0% used [0x00000000ec000000,0x00000000ec000000,0x00000000ecf00000)
  from space 2560K, 99% used [0x00000000ecf00000,0x00000000ed17c300,0x00000000ed180000)
  to   space 2560K, 0% used [0x00000000ee080000,0x00000000ee080000,0x00000000ee300000)
 ParOldGen       total 40960K, used 2871K [0x00000000c4000000, 0x00000000c6800000, 0x00000000ec000000)
  object space 40960K, 7% used [0x00000000c4000000,0x00000000c42cdcf8,0x00000000c6800000)
 Metaspace       used 9347K, capacity 9726K, committed 10112K, reserved 1058816K
  class space    used 1214K, capacity 1301K, committed 1408K, reserved 1048576K
}
Event: 1.275 GC heap before
{Heap before GC invocations=2 (full 0):
 PSYoungGen      total 17920K, used 17904K [0x00000000ec000000, 0x00000000ee300000, 0x0000000100000000)
  eden space 15360K, 100% used [0x00000000ec000000,0x00000000ecf00000,0x00000000ecf00000)
  from space 2560K, 99% used [0x00000000ecf00000,0x00000000ed17c300,0x00000000ed180000)
  to   space 2560K, 0% used [0x00000000ee080000,0x00000000ee080000,0x00000000ee300000)
 ParOldGen       total 40960K, used 2871K [0x00000000c4000000, 0x00000000c6800000, 0x00000000ec000000)
  object space 40960K, 7% used [0x00000000c4000000,0x00000000c42cdcf8,0x00000000c6800000)
 Metaspace       used 15417K, capacity 16132K, committed 16384K, reserved 1062912K
  class space    used 2379K, capacity 2528K, committed 2560K, reserved 1048576K
Event: 1.282 GC heap after
Heap after GC invocations=2 (full 0):
 PSYoungGen      total 33280K, used 2544K [0x00000000ec000000, 0x00000000ee300000, 0x0000000100000000)
  eden space 30720K, 0% used [0x00000000ec000000,0x00000000ec000000,0x00000000ede00000)
  from space 2560K, 99% used [0x00000000ee080000,0x00000000ee2fc2e0,0x00000000ee300000)
  to   space 2560K, 0% used [0x00000000ede00000,0x00000000ede00000,0x00000000ee080000)
 ParOldGen       total 40960K, used 5263K [0x00000000c4000000, 0x00000000c6800000, 0x00000000ec000000)
  object space 40960K, 12% used [0x00000000c4000000,0x00000000c4523d28,0x00000000c6800000)
 Metaspace       used 15417K, capacity 16132K, committed 16384K, reserved 1062912K
  class space    used 2379K, capacity 2528K, committed 2560K, reserved 1048576K
}

Deoptimization events (10 events):
Event: 2.195 Thread 0x00007f71cc363800 Uncommon trap: reason=bimorphic action=maybe_recompile pc=0x00007f71bd3e7e64 method=javafx.scene.Node.impl_geomChanged()V @ 33
Event: 2.195 Thread 0x00007f71cc363800 Uncommon trap: reason=bimorphic action=maybe_recompile pc=0x00007f71bd3e7e64 method=javafx.scene.Node.impl_geomChanged()V @ 33
Event: 2.195 Thread 0x00007f71cc363800 Uncommon trap: reason=bimorphic action=maybe_recompile pc=0x00007f71bd3e7e64 method=javafx.scene.Node.impl_geomChanged()V @ 33
Event: 2.229 Thread 0x00007f71cc363800 Uncommon trap: reason=unstable_if action=reinterpret pc=0x00007f71bd4681bc method=java.lang.Math.max(FF)F @ 29
Event: 2.276 Thread 0x00007f71cc363800 Uncommon trap: reason=unstable_if action=reinterpret pc=0x00007f71bd494f30 method=javafx.scene.Node.impl_isDirtyEmpty()Z @ 4
Event: 2.435 Thread 0x00007f71cc2bb000 Uncommon trap: reason=unstable_if action=reinterpret pc=0x00007f71bd2549ec method=java.util.WeakHashMap.eq(Ljava/lang/Object;Ljava/lang/Object;)Z @ 2
Event: 2.439 Thread 0x00007f71cc2bb000 Uncommon trap: reason=unstable_if action=reinterpret pc=0x00007f71bd24ded8 method=java.util.WeakHashMap.eq(Ljava/lang/Object;Ljava/lang/Object;)Z @ 2
Event: 2.624 Thread 0x00007f71cc363800 Uncommon trap: reason=unstable_if action=reinterpret pc=0x00007f71bd475ba0 method=javafx.scene.Node.impl_isDirty(Lcom/sun/javafx/scene/DirtyBits;)Z @ 12
Event: 2.649 Thread 0x00007f71cc363800 Uncommon trap: reason=unstable_if action=reinterpret pc=0x00007f71bd498238 method=com.sun.javafx.sg.prism.NGNode.markDirty()V @ 7
Event: 8.338 Thread 0x00007f71cc363800 Uncommon trap: reason=unstable_if action=reinterpret pc=0x00007f71bd611248 method=javafx.scene.Node.updateBounds()V @ 37

Internal exceptions (10 events):
Event: 0.182 Thread 0x00007f71cc00a000 Exception <a 'java/lang/NoSuchFieldError': method resolution failed> (0x00000000ec1d6d98) thrown at [/HUDSON3/workspace/8-2-build-linux-amd64/jdk8u121/8372/hotspot/src/share/vm/prims/methodHandles.cpp, line 1146]
Event: 0.185 Thread 0x00007f71cc00a000 Exception <a 'java/lang/NoSuchFieldError': method resolution failed> (0x00000000ec1e4118) thrown at [/HUDSON3/workspace/8-2-build-linux-amd64/jdk8u121/8372/hotspot/src/share/vm/prims/methodHandles.cpp, line 1146]
Event: 0.215 Thread 0x00007f71cc00a000 Exception <a 'java/security/PrivilegedActionException'> (0x00000000ec26d848) thrown at [/HUDSON3/workspace/8-2-build-linux-amd64/jdk8u121/8372/hotspot/src/share/vm/prims/jvm.cpp, line 1390]
Event: 0.215 Thread 0x00007f71cc00a000 Exception <a 'java/security/PrivilegedActionException'> (0x00000000ec26da58) thrown at [/HUDSON3/workspace/8-2-build-linux-amd64/jdk8u121/8372/hotspot/src/share/vm/prims/jvm.cpp, line 1390]
Event: 0.216 Thread 0x00007f71cc00a000 Exception <a 'java/security/PrivilegedActionException'> (0x00000000ec26fec0) thrown at [/HUDSON3/workspace/8-2-build-linux-amd64/jdk8u121/8372/hotspot/src/share/vm/prims/jvm.cpp, line 1390]
Event: 0.216 Thread 0x00007f71cc00a000 Exception <a 'java/security/PrivilegedActionException'> (0x00000000ec2700d0) thrown at [/HUDSON3/workspace/8-2-build-linux-amd64/jdk8u121/8372/hotspot/src/share/vm/prims/jvm.cpp, line 1390]
Event: 0.216 Thread 0x00007f71cc00a000 Exception <a 'java/lang/NullPointerException'> (0x00000000ec2706a8) thrown at [/HUDSON3/workspace/8-2-build-linux-amd64/jdk8u121/8372/hotspot/src/share/vm/interpreter/linkResolver.cpp, line 1178]
Event: 0.647 Thread 0x00007f71cc363800 Exception <a 'java/lang/NullPointerException'> (0x00000000ececc010) thrown at [/HUDSON3/workspace/8-2-build-linux-amd64/jdk8u121/8372/hotspot/src/share/vm/interpreter/linkResolver.cpp, line 1178]
Event: 0.647 Thread 0x00007f71cc363800 Exception <a 'java/lang/NullPointerException'> (0x00000000ececc010) thrown at [/HUDSON3/workspace/8-2-build-linux-amd64/jdk8u121/8372/hotspot/src/share/vm/prims/jvm.cpp, line 1394]
Event: 1.032 Thread 0x00007f71cc363800 Implicit null exception at 0x00007f71bd0629f5 to 0x00007f71bd062bd9

Events (10 events):
Event: 8.338 Thread 0x00007f71cc363800 DEOPT PACKING pc=0x00007f71bd611248 sp=0x00007f717c122070
Event: 8.338 Thread 0x00007f71cc363800 DEOPT UNPACKING pc=0x00007f71bcdea229 sp=0x00007f717c1220b8 mode 2
Event: 8.411 Thread 0x00007f71cc2bb000 DEOPT PACKING pc=0x00007f71bd5d3ce1 sp=0x00007f71af9f6060
Event: 8.411 Thread 0x00007f71cc2bb000 DEOPT UNPACKING pc=0x00007f71bce2c633 sp=0x00007f71af9f5de0 mode 0
Event: 8.414 Thread 0x00007f71cc2bb000 DEOPT PACKING pc=0x00007f71bd5d3ce1 sp=0x00007f71af9f6060
Event: 8.414 Thread 0x00007f71cc2bb000 DEOPT UNPACKING pc=0x00007f71bce2c633 sp=0x00007f71af9f5de0 mode 0
Event: 8.418 Thread 0x00007f71cc2bb000 DEOPT PACKING pc=0x00007f71bd5d3ce1 sp=0x00007f71af9f6110
Event: 8.418 Thread 0x00007f71cc2bb000 DEOPT UNPACKING pc=0x00007f71bce2c633 sp=0x00007f71af9f5e90 mode 0
Event: 8.427 Thread 0x00007f71cc2bb000 DEOPT PACKING pc=0x00007f71bd5d3ce1 sp=0x00007f71af9f5330
Event: 8.427 Thread 0x00007f71cc2bb000 DEOPT UNPACKING pc=0x00007f71bce2c633 sp=0x00007f71af9f50b0 mode 0


Dynamic libraries:
00400000-00401000 r-xp 00000000 08:06 6293058                            /home/freddie/jdk1.8.0_121/jre/bin/java
00600000-00601000 rw-p 00000000 08:06 6293058                            /home/freddie/jdk1.8.0_121/jre/bin/java
00e62000-00e83000 rw-p 00000000 00:00 0                                  [heap]
c4000000-c6800000 rw-p 00000000 00:00 0 
c6800000-ec000000 ---p 00000000 00:00 0 
ec000000-ee300000 rw-p 00000000 00:00 0 
ee300000-100000000 ---p 00000000 00:00 0 
100000000-100320000 rw-p 00000000 00:00 0 
100320000-140000000 ---p 00000000 00:00 0 
7f7154000000-7f7154021000 rw-p 00000000 00:00 0 
7f7154021000-7f7158000000 ---p 00000000 00:00 0 
7f715c000000-7f715c3e4000 rw-p 00000000 00:00 0 
7f715c3e4000-7f7160000000 ---p 00000000 00:00 0 
7f7160000000-7f7160021000 rw-p 00000000 00:00 0 
7f7160021000-7f7164000000 ---p 00000000 00:00 0 
7f7164000000-7f7164021000 rw-p 00000000 00:00 0 
7f7164021000-7f7168000000 ---p 00000000 00:00 0 
7f7168000000-7f7168022000 rw-p 00000000 00:00 0 
7f7168022000-7f716c000000 ---p 00000000 00:00 0 
7f716c000000-7f716c021000 rw-p 00000000 00:00 0 
7f716c021000-7f7170000000 ---p 00000000 00:00 0 
7f7170ce7000-7f7170ceb000 rw-s 00000000 00:05 1345899                    /drm mm object (deleted)
7f7170ceb000-7f7170cef000 rw-s 00000000 00:05 1345898                    /drm mm object (deleted)
7f7170cef000-7f7170cfb000 rw-s 00000000 00:05 1345897                    /drm mm object (deleted)
7f7170cfb000-7f7170d0b000 rw-s 00000000 00:05 1347308                    /drm mm object (deleted)
7f7170d10000-7f7170d11000 rw-p 00000000 00:00 0 
7f7170d11000-7f7170d13000 rw-s 00000000 00:05 1345911                    /drm mm object (deleted)
7f7170d13000-7f7170d1b000 rw-s 00000000 00:05 1345894                    /drm mm object (deleted)
7f7170d1b000-7f7170d2b000 rw-s 00000000 00:05 1345909                    /drm mm object (deleted)
7f7170d2b000-7f7170d33000 rw-s 00000000 00:05 1345908                    /drm mm object (deleted)
7f7170d33000-7f7170d43000 rw-s 00000000 00:05 1345907                    /drm mm object (deleted)
7f7170d43000-7f7170ec3000 rw-s 00000000 00:05 1345890                    /drm mm object (deleted)
7f7170ec3000-7f7170ec7000 rw-s 1074c1000 00:06 449                       /dev/dri/card0
7f7170ec7000-7f7171047000 rw-s 107341000 00:06 449                       /dev/dri/card0
7f7171047000-7f71711c7000 rw-s 00000000 00:05 1345885                    /drm mm object (deleted)
7f71711c7000-7f71711cf000 rw-s 00000000 00:05 1347948                    /drm mm object (deleted)
7f71711cf000-7f71711d7000 rw-s 00000000 00:05 1344839                    /drm mm object (deleted)
7f71711d7000-7f71711e7000 rw-s 00000000 00:05 1347954                    /drm mm object (deleted)
7f71711e7000-7f7171247000 rw-s 00000000 00:05 1347945                    /drm mm object (deleted)
7f7171247000-7f7171253000 rw-s 00000000 00:05 1347944                    /drm mm object (deleted)
7f7171253000-7f7171263000 rw-s 00000000 00:05 1347952                    /drm mm object (deleted)
7f7171263000-7f717140f000 rw-p 00000000 00:00 0 
7f717140f000-7f7171463000 ---p 00000000 00:00 0 
7f7171463000-7f717150d000 r--p 00000000 08:05 1442495                    /usr/share/fonts/truetype/dejavu/DejaVuSans-Bold.ttf
7f717150d000-7f717170d000 rw-p 00000000 00:00 0 
7f717170d000-7f717190d000 rw-p 00000000 00:00 0 
7f717190d000-7f7171b0d000 rw-p 00000000 00:00 0 
7f7171b0d000-7f7171b10000 ---p 00000000 00:00 0 
7f7171b10000-7f7171c0e000 rw-p 00000000 00:00 0                          [stack:18831]
7f7171c0e000-7f7171cc4000 r--p 00000000 08:05 1442496                    /usr/share/fonts/truetype/dejavu/DejaVuSans.ttf
7f7171cc4000-7f7171d6f000 r--p 00000000 08:06 6292701                    /home/freddie/jdk1.8.0_121/jre/lib/fonts/LucidaSansRegular.ttf
7f7171d6f000-7f7171dbd000 r--p 00000000 08:06 6292686                    /home/freddie/jdk1.8.0_121/jre/lib/fonts/LucidaSansDemiBold.ttf
7f7171dbd000-7f7171df9000 r--p 00000000 08:06 6292646                    /home/freddie/jdk1.8.0_121/jre/lib/fonts/LucidaTypewriterRegular.ttf
7f7171df9000-7f7171e4e000 r--p 00000000 08:06 6292669                    /home/freddie/jdk1.8.0_121/jre/lib/fonts/LucidaBrightRegular.ttf
7f7171e4e000-7f7171e88000 r--p 00000000 08:06 6292661                    /home/freddie/jdk1.8.0_121/jre/lib/fonts/LucidaTypewriterBold.ttf
7f7171e88000-7f7171e8c000 r-xp 00000000 08:06 6292668                    /home/freddie/jdk1.8.0_121/jre/lib/amd64/libjavafx_font_pango.so
7f7171e8c000-7f717208b000 ---p 00004000 08:06 6292668                    /home/freddie/jdk1.8.0_121/jre/lib/amd64/libjavafx_font_pango.so
7f717208b000-7f717208c000 rw-p 00003000 08:06 6292668                    /home/freddie/jdk1.8.0_121/jre/lib/amd64/libjavafx_font_pango.so
7f717208c000-7f7172091000 r-xp 00000000 08:06 6292650                    /home/freddie/jdk1.8.0_121/jre/lib/amd64/libjavafx_font_freetype.so
7f7172091000-7f7172290000 ---p 00005000 08:06 6292650                    /home/freddie/jdk1.8.0_121/jre/lib/amd64/libjavafx_font_freetype.so
7f7172290000-7f7172291000 rw-p 00004000 08:06 6292650                    /home/freddie/jdk1.8.0_121/jre/lib/amd64/libjavafx_font_freetype.so
7f7172291000-7f7172294000 r-xp 00000000 08:06 6292758                    /home/freddie/jdk1.8.0_121/jre/lib/amd64/libjavafx_font.so
7f7172294000-7f7172493000 ---p 00003000 08:06 6292758                    /home/freddie/jdk1.8.0_121/jre/lib/amd64/libjavafx_font.so
7f7172493000-7f7172494000 rw-p 00002000 08:06 6292758                    /home/freddie/jdk1.8.0_121/jre/lib/amd64/libjavafx_font.so
7f7172494000-7f7172694000 rw-p 00000000 00:00 0 
7f7172694000-7f71726ca000 r-xp 00000000 08:06 6292776                    /home/freddie/jdk1.8.0_121/jre/lib/amd64/libjavafx_iio.so
7f71726ca000-7f71728c9000 ---p 00036000 08:06 6292776                    /home/freddie/jdk1.8.0_121/jre/lib/amd64/libjavafx_iio.so
7f71728c9000-7f71728ca000 rw-p 00035000 08:06 6292776                    /home/freddie/jdk1.8.0_121/jre/lib/amd64/libjavafx_iio.so
7f71728ca000-7f71728cd000 ---p 00000000 00:00 0 
7f71728cd000-7f71729cb000 rw-p 00000000 00:00 0                          [stack:18830]
7f71729cb000-7f71729cc000 ---p 00000000 00:00 0 
7f71729cc000-7f71731cc000 rw-p 00000000 00:00 0                          [stack:18828]
7f71731cc000-7f71731cd000 ---p 00000000 00:00 0 
7f71731cd000-7f71739cd000 rw-p 00000000 00:00 0                          [stack:18826]
7f71739cd000-7f71739d8000 r-xp 00000000 08:05 787413                     /usr/lib/x86_64-linux-gnu/gio/modules/libdconfsettings.so
7f71739d8000-7f7173bd8000 ---p 0000b000 08:05 787413                     /usr/lib/x86_64-linux-gnu/gio/modules/libdconfsettings.so
7f7173bd8000-7f7173bd9000 r--p 0000b000 08:05 787413                     /usr/lib/x86_64-linux-gnu/gio/modules/libdconfsettings.so
7f7173bd9000-7f7173bda000 rw-p 0000c000 08:05 787413                     /usr/lib/x86_64-linux-gnu/gio/modules/libdconfsettings.so
7f7173bda000-7f7173be1000 r-xp 00000000 08:05 401995                     /usr/lib/x86_64-linux-gnu/libogg.so.0.8.1
7f7173be1000-7f7173de1000 ---p 00007000 08:05 401995                     /usr/lib/x86_64-linux-gnu/libogg.so.0.8.1
7f7173de1000-7f7173de2000 r--p 00007000 08:05 401995                     /usr/lib/x86_64-linux-gnu/libogg.so.0.8.1
7f7173de2000-7f7173de3000 rw-p 00008000 08:05 401995                     /usr/lib/x86_64-linux-gnu/libogg.so.0.8.1
7f7173de3000-7f7173e0f000 r-xp 00000000 08:05 402267                     /usr/lib/x86_64-linux-gnu/libvorbis.so.0.4.5
7f7173e0f000-7f717400e000 ---p 0002c000 08:05 402267                     /usr/lib/x86_64-linux-gnu/libvorbis.so.0.4.5
7f717400e000-7f717400f000 r--p 0002b000 08:05 402267                     /usr/lib/x86_64-linux-gnu/libvorbis.so.0.4.5
7f717400f000-7f7174010000 rw-p 0002c000 08:05 402267                     /usr/lib/x86_64-linux-gnu/libvorbis.so.0.4.5
7f7174010000-7f7174019000 r-xp 00000000 08:05 401901                     /usr/lib/x86_64-linux-gnu/libltdl.so.7.3.0
7f7174019000-7f7174218000 ---p 00009000 08:05 401901                     /usr/lib/x86_64-linux-gnu/libltdl.so.7.3.0
7f7174218000-7f7174219000 r--p 00008000 08:05 401901                     /usr/lib/x86_64-linux-gnu/libltdl.so.7.3.0
7f7174219000-7f717421a000 rw-p 00009000 08:05 401901                     /usr/lib/x86_64-linux-gnu/libltdl.so.7.3.0
7f717421a000-7f717422b000 r-xp 00000000 08:05 402190                     /usr/lib/x86_64-linux-gnu/libtdb.so.1.2.12
7f717422b000-7f717442a000 ---p 00011000 08:05 402190                     /usr/lib/x86_64-linux-gnu/libtdb.so.1.2.12
7f717442a000-7f717442b000 r--p 00010000 08:05 402190                     /usr/lib/x86_64-linux-gnu/libtdb.so.1.2.12
7f717442b000-7f717442c000 rw-p 00011000 08:05 402190                     /usr/lib/x86_64-linux-gnu/libtdb.so.1.2.12
7f717442c000-7f7174433000 r-xp 00000000 08:05 402271                     /usr/lib/x86_64-linux-gnu/libvorbisfile.so.3.3.4
7f7174433000-7f7174632000 ---p 00007000 08:05 402271                     /usr/lib/x86_64-linux-gnu/libvorbisfile.so.3.3.4
7f7174632000-7f7174633000 r--p 00006000 08:05 402271                     /usr/lib/x86_64-linux-gnu/libvorbisfile.so.3.3.4
7f7174633000-7f7174634000 rw-p 00007000 08:05 402271                     /usr/lib/x86_64-linux-gnu/libvorbisfile.so.3.3.4
7f7174634000-7f7174643000 r-xp 00000000 08:05 401413                     /usr/lib/x86_64-linux-gnu/libcanberra.so.0.2.5
7f7174643000-7f7174842000 ---p 0000f000 08:05 401413                     /usr/lib/x86_64-linux-gnu/libcanberra.so.0.2.5
7f7174842000-7f7174843000 r--p 0000e000 08:05 401413                     /usr/lib/x86_64-linux-gnu/libcanberra.so.0.2.5
7f7174843000-7f7174844000 rw-p 0000f000 08:05 401413                     /usr/lib/x86_64-linux-gnu/libcanberra.so.0.2.5
7f7174844000-7f7174848000 r-xp 00000000 08:05 401409                     /usr/lib/x86_64-linux-gnu/libcanberra-gtk.so.0.1.9
7f7174848000-7f7174a47000 ---p 00004000 08:05 401409                     /usr/lib/x86_64-linux-gnu/libcanberra-gtk.so.0.1.9
7f7174a47000-7f7174a48000 r--p 00003000 08:05 401409                     /usr/lib/x86_64-linux-gnu/libcanberra-gtk.so.0.1.9
7f7174a48000-7f7174a49000 rw-p 00004000 08:05 401409                     /usr/lib/x86_64-linux-gnu/libcanberra-gtk.so.0.1.9
7f7174a49000-7f7174a4e000 r-xp 00000000 08:05 787668                     /usr/lib/x86_64-linux-gnu/gtk-2.0/modules/libcanberra-gtk-module.so
7f7174a4e000-7f7174c4d000 ---p 00005000 08:05 787668                     /usr/lib/x86_64-linux-gnu/gtk-2.0/modules/libcanberra-gtk-module.so
7f7174c4d000-7f7174c4e000 r--p 00004000 08:05 787668                     /usr/lib/x86_64-linux-gnu/gtk-2.0/modules/libcanberra-gtk-module.so
7f7174c4e000-7f7174c4f000 rw-p 00005000 08:05 787668                     /usr/lib/x86_64-linux-gnu/gtk-2.0/modules/libcanberra-gtk-module.so
7f7174c4f000-7f7174c7e000 r-xp 00000000 08:05 787650                     /usr/lib/x86_64-linux-gnu/gtk-2.0/2.10.0/engines/libmurrine.so
7f7174c7e000-7f7174e7e000 ---p 0002f000 08:05 787650                     /usr/lib/x86_64-linux-gnu/gtk-2.0/2.10.0/engines/libmurrine.so
7f7174e7e000-7f7174e7f000 r--p 0002f000 08:05 787650                     /usr/lib/x86_64-linux-gnu/gtk-2.0/2.10.0/engines/libmurrine.so
7f7174e7f000-7f7174e80000 rw-p 00030000 08:05 787650                     /usr/lib/x86_64-linux-gnu/gtk-2.0/2.10.0/engines/libmurrine.so
7f7174e80000-7f7174e90000 r-xp 00000000 08:05 402237                     /usr/lib/x86_64-linux-gnu/libunity-gtk2-parser.so.0.0.0
7f7174e90000-7f717508f000 ---p 00010000 08:05 402237                     /usr/lib/x86_64-linux-gnu/libunity-gtk2-parser.so.0.0.0
7f717508f000-7f7175090000 r--p 0000f000 08:05 402237                     /usr/lib/x86_64-linux-gnu/libunity-gtk2-parser.so.0.0.0
7f7175090000-7f7175091000 rw-p 00010000 08:05 402237                     /usr/lib/x86_64-linux-gnu/libunity-gtk2-parser.so.0.0.0
7f7175091000-7f7175096000 r-xp 00000000 08:05 787672                     /usr/lib/x86_64-linux-gnu/gtk-2.0/modules/libunity-gtk-module.so
7f7175096000-7f7175295000 ---p 00005000 08:05 787672                     /usr/lib/x86_64-linux-gnu/gtk-2.0/modules/libunity-gtk-module.so
7f7175295000-7f7175296000 r--p 00004000 08:05 787672                     /usr/lib/x86_64-linux-gnu/gtk-2.0/modules/libunity-gtk-module.so
7f7175296000-7f7175297000 rw-p 00005000 08:05 787672                     /usr/lib/x86_64-linux-gnu/gtk-2.0/modules/libunity-gtk-module.so
7f7175297000-7f71752a8000 r-xp 00000000 08:05 787671                     /usr/lib/x86_64-linux-gnu/gtk-2.0/modules/liboverlay-scrollbar.so
7f71752a8000-7f71754a7000 ---p 00011000 08:05 787671                     /usr/lib/x86_64-linux-gnu/gtk-2.0/modules/liboverlay-scrollbar.so
7f71754a7000-7f71754a8000 r--p 00010000 08:05 787671                     /usr/lib/x86_64-linux-gnu/gtk-2.0/modules/liboverlay-scrollbar.so
7f71754a8000-7f71754a9000 rw-p 00011000 08:05 787671                     /usr/lib/x86_64-linux-gnu/gtk-2.0/modules/liboverlay-scrollbar.so
7f71754a9000-7f71754d2000 r-xp 00000000 08:06 6292870                    /home/freddie/jdk1.8.0_121/jre/lib/amd64/libglass.so
7f71754d2000-7f71756d1000 ---p 00029000 08:06 6292870                    /home/freddie/jdk1.8.0_121/jre/lib/amd64/libglass.so
7f71756d1000-7f71756d4000 rw-p 00028000 08:06 6292870                    /home/freddie/jdk1.8.0_121/jre/lib/amd64/libglass.so
7f71756d4000-7f717570b000 r-xp 00000000 08:05 402222                     /usr/lib/x86_64-linux-gnu/libtxc_dxtn_s2tc.so.0.0.0
7f717570b000-7f717590a000 ---p 00037000 08:05 402222                     /usr/lib/x86_64-linux-gnu/libtxc_dxtn_s2tc.so.0.0.0
7f717590a000-7f717590b000 r--p 00036000 08:05 402222                     /usr/lib/x86_64-linux-gnu/libtxc_dxtn_s2tc.so.0.0.0
7f717590b000-7f717590c000 rw-p 00037000 08:05 402222                     /usr/lib/x86_64-linux-gnu/libtxc_dxtn_s2tc.so.0.0.0
7f717590c000-7f7175914000 r-xp 00000000 08:05 402027                     /usr/lib/x86_64-linux-gnu/libpciaccess.so.0.11.1
7f7175914000-7f7175b13000 ---p 00008000 08:05 402027                     /usr/lib/x86_64-linux-gnu/libpciaccess.so.0.11.1
7f7175b13000-7f7175b14000 r--p 00007000 08:05 402027                     /usr/lib/x86_64-linux-gnu/libpciaccess.so.0.11.1
7f7175b14000-7f7175b15000 rw-p 00008000 08:05 402027                     /usr/lib/x86_64-linux-gnu/libpciaccess.so.0.11.1
7f7175b15000-7f7175b20000 r-xp 00000000 08:05 401524                     /usr/lib/x86_64-linux-gnu/libdrm_radeon.so.1.0.1
7f7175b20000-7f7175d1f000 ---p 0000b000 08:05 401524                     /usr/lib/x86_64-linux-gnu/libdrm_radeon.so.1.0.1
7f7175d1f000-7f7175d20000 r--p 0000a000 08:05 401524                     /usr/lib/x86_64-linux-gnu/libdrm_radeon.so.1.0.1
7f7175d20000-7f7175d21000 rw-p 0000b000 08:05 401524                     /usr/lib/x86_64-linux-gnu/libdrm_radeon.so.1.0.1
7f7175d21000-7f7175d27000 r-xp 00000000 08:05 401522                     /usr/lib/x86_64-linux-gnu/libdrm_nouveau.so.2.0.0
7f7175d27000-7f7175f26000 ---p 00006000 08:05 401522                     /usr/lib/x86_64-linux-gnu/libdrm_nouveau.so.2.0.0
7f7175f26000-7f7175f27000 r--p 00005000 08:05 401522                     /usr/lib/x86_64-linux-gnu/libdrm_nouveau.so.2.0.0
7f7175f27000-7f7175f28000 rw-p 00006000 08:05 401522                     /usr/lib/x86_64-linux-gnu/libdrm_nouveau.so.2.0.0
7f7175f28000-7f7175f47000 r-xp 00000000 08:05 401520                     /usr/lib/x86_64-linux-gnu/libdrm_intel.so.1.0.0
7f7175f47000-7f7176146000 ---p 0001f000 08:05 401520                     /usr/lib/x86_64-linux-gnu/libdrm_intel.so.1.0.0
7f7176146000-7f7176147000 r--p 0001e000 08:05 401520                     /usr/lib/x86_64-linux-gnu/libdrm_intel.so.1.0.0
7f7176147000-7f7176148000 rw-p 0001f000 08:05 401520                     /usr/lib/x86_64-linux-gnu/libdrm_intel.so.1.0.0
7f7176148000-7f71766ec000 r-xp 00000000 08:05 786753                     /usr/lib/x86_64-linux-gnu/dri/i965_dri.so
7f71766ec000-7f71768ec000 ---p 005a4000 08:05 786753                     /usr/lib/x86_64-linux-gnu/dri/i965_dri.so
7f71768ec000-7f7176919000 r--p 005a4000 08:05 786753                     /usr/lib/x86_64-linux-gnu/dri/i965_dri.so
7f7176919000-7f7176920000 rw-p 005d1000 08:05 786753                     /usr/lib/x86_64-linux-gnu/dri/i965_dri.so
7f7176920000-7f7176927000 rw-p 00000000 00:00 0 
7f7176927000-7f717696b000 r-xp 00000000 08:05 8130796                    /lib/x86_64-linux-gnu/libdbus-1.so.3.7.6
7f717696b000-7f7176b6a000 ---p 00044000 08:05 8130796                    /lib/x86_64-linux-gnu/libdbus-1.so.3.7.6
7f7176b6a000-7f7176b6b000 r--p 00043000 08:05 8130796                    /lib/x86_64-linux-gnu/libdbus-1.so.3.7.6
7f7176b6b000-7f7176b6c000 rw-p 00044000 08:05 8130796                    /lib/x86_64-linux-gnu/libdbus-1.so.3.7.6
7f7176b6c000-7f7176b74000 r-xp 00000000 08:05 8130844                    /lib/x86_64-linux-gnu/libnih-dbus.so.1.0.0
7f7176b74000-7f7176d74000 ---p 00008000 08:05 8130844                    /lib/x86_64-linux-gnu/libnih-dbus.so.1.0.0
7f7176d74000-7f7176d75000 r--p 00008000 08:05 8130844                    /lib/x86_64-linux-gnu/libnih-dbus.so.1.0.0
7f7176d75000-7f7176d76000 rw-p 00009000 08:05 8130844                    /lib/x86_64-linux-gnu/libnih-dbus.so.1.0.0
7f7176d76000-7f7176d8d000 r-xp 00000000 08:05 8130846                    /lib/x86_64-linux-gnu/libnih.so.1.0.0
7f7176d8d000-7f7176f8c000 ---p 00017000 08:05 8130846                    /lib/x86_64-linux-gnu/libnih.so.1.0.0
7f7176f8c000-7f7176f8d000 r--p 00016000 08:05 8130846                    /lib/x86_64-linux-gnu/libnih.so.1.0.0
7f7176f8d000-7f7176f8e000 rw-p 00017000 08:05 8130846                    /lib/x86_64-linux-gnu/libnih.so.1.0.0
7f7176f8e000-7f7176fa7000 r-xp 00000000 08:05 8130787                    /lib/x86_64-linux-gnu/libcgmanager.so.0.0.0
7f7176fa7000-7f71771a6000 ---p 00019000 08:05 8130787                    /lib/x86_64-linux-gnu/libcgmanager.so.0.0.0
7f71771a6000-7f71771a8000 r--p 00018000 08:05 8130787                    /lib/x86_64-linux-gnu/libcgmanager.so.0.0.0
7f71771a8000-7f71771a9000 rw-p 0001a000 08:05 8130787                    /lib/x86_64-linux-gnu/libcgmanager.so.0.0.0
7f71771a9000-7f71771b9000 r-xp 00000000 08:05 8130930                    /lib/x86_64-linux-gnu/libudev.so.1.3.5
7f71771b9000-7f71773b8000 ---p 00010000 08:05 8130930                    /lib/x86_64-linux-gnu/libudev.so.1.3.5
7f71773b8000-7f71773b9000 r--p 0000f000 08:05 8130930                    /lib/x86_64-linux-gnu/libudev.so.1.3.5
7f71773b9000-7f71773ba000 rw-p 00010000 08:05 8130930                    /lib/x86_64-linux-gnu/libudev.so.1.3.5
7f71773ba000-7f71773c0000 r-xp 00000000 08:05 401477                     /usr/lib/x86_64-linux-gnu/libdatrie.so.1.3.1
7f71773c0000-7f71775bf000 ---p 00006000 08:05 401477                     /usr/lib/x86_64-linux-gnu/libdatrie.so.1.3.1
7f71775bf000-7f71775c0000 r--p 00005000 08:05 401477                     /usr/lib/x86_64-linux-gnu/libdatrie.so.1.3.1
7f71775c0000-7f71775c1000 rw-p 00006000 08:05 401477                     /usr/lib/x86_64-linux-gnu/libdatrie.so.1.3.1
7f71775c1000-7f71775c6000 r-xp 00000000 08:05 401283                     /usr/lib/x86_64-linux-gnu/libXdmcp.so.6.0.0
7f71775c6000-7f71777c5000 ---p 00005000 08:05 401283                     /usr/lib/x86_64-linux-gnu/libXdmcp.so.6.0.0
7f71777c5000-7f71777c6000 r--p 00004000 08:05 401283                     /usr/lib/x86_64-linux-gnu/libXdmcp.so.6.0.0
7f71777c6000-7f71777c7000 rw-p 00005000 08:05 401283                     /usr/lib/x86_64-linux-gnu/libXdmcp.so.6.0.0
7f71777c7000-7f71777c9000 r-xp 00000000 08:05 401272                     /usr/lib/x86_64-linux-gnu/libXau.so.6.0.0
7f71777c9000-7f71779c9000 ---p 00002000 08:05 401272                     /usr/lib/x86_64-linux-gnu/libXau.so.6.0.0
7f71779c9000-7f71779ca000 r--p 00002000 08:05 401272                     /usr/lib/x86_64-linux-gnu/libXau.so.6.0.0
7f71779ca000-7f71779cb000 rw-p 00003000 08:05 401272                     /usr/lib/x86_64-linux-gnu/libXau.so.6.0.0
7f71779cb000-7f71779ef000 r-xp 00000000 08:05 393722                     /usr/lib/x86_64-linux-gnu/libgraphite2.so.3.0.1
7f71779ef000-7f7177bee000 ---p 00024000 08:05 393722                     /usr/lib/x86_64-linux-gnu/libgraphite2.so.3.0.1
7f7177bee000-7f7177bf0000 r--p 00023000 08:05 393722                     /usr/lib/x86_64-linux-gnu/libgraphite2.so.3.0.1
7f7177bf0000-7f7177bf1000 rw-p 00025000 08:05 393722                     /usr/lib/x86_64-linux-gnu/libgraphite2.so.3.0.1
7f7177bf1000-7f7177bfd000 r-xp 00000000 08:05 401516                     /usr/lib/x86_64-linux-gnu/libdrm.so.2.4.0
7f7177bfd000-7f7177dfc000 ---p 0000c000 08:05 401516                     /usr/lib/x86_64-linux-gnu/libdrm.so.2.4.0
7f7177dfc000-7f7177dfd000 r--p 0000b000 08:05 401516                     /usr/lib/x86_64-linux-gnu/libdrm.so.2.4.0
7f7177dfd000-7f7177dfe000 rw-p 0000c000 08:05 401516                     /usr/lib/x86_64-linux-gnu/libdrm.so.2.4.0
7f7177dfe000-7f7177dff000 r-xp 00000000 08:05 402350                     /usr/lib/x86_64-linux-gnu/libxshmfence.so.1.0.0
7f7177dff000-7f7177ffe000 ---p 00001000 08:05 402350                     /usr/lib/x86_64-linux-gnu/libxshmfence.so.1.0.0
7f7177ffe000-7f7177fff000 r--p 00000000 08:05 402350                     /usr/lib/x86_64-linux-gnu/libxshmfence.so.1.0.0
7f7177fff000-7f7178000000 rw-p 00001000 08:05 402350                     /usr/lib/x86_64-linux-gnu/libxshmfence.so.1.0.0
7f7178000000-7f7179cfc000 rw-p 00000000 00:00 0 
7f7179cfc000-7f717c000000 ---p 00000000 00:00 0 
7f717c000000-7f717c002000 rw-s 00000000 00:05 1345900                    /drm mm object (deleted)
7f717c002000-7f717c003000 rw-s 1074c5000 00:06 449                       /dev/dri/card0
7f717c003000-7f717c005000 rw-s 10733f000 00:06 449                       /dev/dri/card0
7f717c005000-7f717c011000 rw-s 00000000 00:05 1347916                    /drm mm object (deleted)
7f717c011000-7f717c024000 r--s 00345000 08:06 6292787                    /home/freddie/jdk1.8.0_121/jre/lib/resources.jar
7f717c024000-7f717c027000 ---p 00000000 00:00 0 
7f717c027000-7f717c125000 rw-p 00000000 00:00 0                          [stack:18829]
7f717c125000-7f717c12a000 r-xp 00000000 08:05 402332                     /usr/lib/x86_64-linux-gnu/libxcb-sync.so.1.0.0
7f717c12a000-7f717c329000 ---p 00005000 08:05 402332                     /usr/lib/x86_64-linux-gnu/libxcb-sync.so.1.0.0
7f717c329000-7f717c32a000 r--p 00004000 08:05 402332                     /usr/lib/x86_64-linux-gnu/libxcb-sync.so.1.0.0
7f717c32a000-7f717c32b000 rw-p 00005000 08:05 402332                     /usr/lib/x86_64-linux-gnu/libxcb-sync.so.1.0.0
7f717c32b000-7f717c32d000 r-xp 00000000 08:05 402320                     /usr/lib/x86_64-linux-gnu/libxcb-present.so.0.0.0
7f717c32d000-7f717c52c000 ---p 00002000 08:05 402320                     /usr/lib/x86_64-linux-gnu/libxcb-present.so.0.0.0
7f717c52c000-7f717c52d000 r--p 00001000 08:05 402320                     /usr/lib/x86_64-linux-gnu/libxcb-present.so.0.0.0
7f717c52d000-7f717c52e000 rw-p 00002000 08:05 402320                     /usr/lib/x86_64-linux-gnu/libxcb-present.so.0.0.0
7f717c52e000-7f717c530000 r-xp 00000000 08:05 402310                     /usr/lib/x86_64-linux-gnu/libxcb-dri3.so.0.0.0
7f717c530000-7f717c72f000 ---p 00002000 08:05 402310                     /usr/lib/x86_64-linux-gnu/libxcb-dri3.so.0.0.0
7f717c72f000-7f717c730000 r--p 00001000 08:05 402310                     /usr/lib/x86_64-linux-gnu/libxcb-dri3.so.0.0.0
7f717c730000-7f717c731000 rw-p 00002000 08:05 402310                     /usr/lib/x86_64-linux-gnu/libxcb-dri3.so.0.0.0
7f717c731000-7f717c734000 r-xp 00000000 08:05 402308                     /usr/lib/x86_64-linux-gnu/libxcb-dri2.so.0.0.0
7f717c734000-7f717c934000 ---p 00003000 08:05 402308                     /usr/lib/x86_64-linux-gnu/libxcb-dri2.so.0.0.0
7f717c934000-7f717c935000 r--p 00003000 08:05 402308                     /usr/lib/x86_64-linux-gnu/libxcb-dri2.so.0.0.0
7f717c935000-7f717c936000 rw-p 00004000 08:05 402308                     /usr/lib/x86_64-linux-gnu/libxcb-dri2.so.0.0.0
7f717c936000-7f717c94b000 r-xp 00000000 08:05 402312                     /usr/lib/x86_64-linux-gnu/libxcb-glx.so.0.0.0
7f717c94b000-7f717cb4a000 ---p 00015000 08:05 402312                     /usr/lib/x86_64-linux-gnu/libxcb-glx.so.0.0.0
7f717cb4a000-7f717cb4c000 r--p 00014000 08:05 402312                     /usr/lib/x86_64-linux-gnu/libxcb-glx.so.0.0.0
7f717cb4c000-7f717cb4d000 rw-p 00016000 08:05 402312                     /usr/lib/x86_64-linux-gnu/libxcb-glx.so.0.0.0
7f717cb4d000-7f717cb4e000 r-xp 00000000 08:05 401266                     /usr/lib/x86_64-linux-gnu/libX11-xcb.so.1.0.0
7f717cb4e000-7f717cd4d000 ---p 00001000 08:05 401266                     /usr/lib/x86_64-linux-gnu/libX11-xcb.so.1.0.0
7f717cd4d000-7f717cd4e000 r--p 00000000 08:05 401266                     /usr/lib/x86_64-linux-gnu/libX11-xcb.so.1.0.0
7f717cd4e000-7f717cd4f000 rw-p 00001000 08:05 401266                     /usr/lib/x86_64-linux-gnu/libX11-xcb.so.1.0.0
7f717cd4f000-7f717cd78000 r-xp 00000000 08:05 401663                     /usr/lib/x86_64-linux-gnu/libglapi.so.0.0.0
7f717cd78000-7f717cf77000 ---p 00029000 08:05 401663                     /usr/lib/x86_64-linux-gnu/libglapi.so.0.0.0
7f717cf77000-7f717cf7b000 r--p 00028000 08:05 401663                     /usr/lib/x86_64-linux-gnu/libglapi.so.0.0.0
7f717cf7b000-7f717cf7c000 rw-p 0002c000 08:05 401663                     /usr/lib/x86_64-linux-gnu/libglapi.so.0.0.0
7f717cf7c000-7f717cf7d000 rw-p 00000000 00:00 0 
7f717cf7d000-7f717cfba000 r-xp 00000000 08:05 8130885                    /lib/x86_64-linux-gnu/libpcre.so.3.13.1
7f717cfba000-7f717d1b9000 ---p 0003d000 08:05 8130885                    /lib/x86_64-linux-gnu/libpcre.so.3.13.1
7f717d1b9000-7f717d1ba000 r--p 0003c000 08:05 8130885                    /lib/x86_64-linux-gnu/libpcre.so.3.13.1
7f717d1ba000-7f717d1bb000 rw-p 0003d000 08:05 8130885                    /lib/x86_64-linux-gnu/libpcre.so.3.13.1
7f717d1bb000-7f717d1c2000 r-xp 00000000 08:05 401558                     /usr/lib/x86_64-linux-gnu/libffi.so.6.0.1
7f717d1c2000-7f717d3c1000 ---p 00007000 08:05 401558                     /usr/lib/x86_64-linux-gnu/libffi.so.6.0.1
7f717d3c1000-7f717d3c2000 r--p 00006000 08:05 401558                     /usr/lib/x86_64-linux-gnu/libffi.so.6.0.1
7f717d3c2000-7f717d3c3000 rw-p 00007000 08:05 401558                     /usr/lib/x86_64-linux-gnu/libffi.so.6.0.1
7f717d3c3000-7f717d3ea000 r-xp 00000000 08:05 8130804                    /lib/x86_64-linux-gnu/libexpat.so.1.6.0
7f717d3ea000-7f717d5ea000 ---p 00027000 08:05 8130804                    /lib/x86_64-linux-gnu/libexpat.so.1.6.0
7f717d5ea000-7f717d5ec000 r--p 00027000 08:05 8130804                    /lib/x86_64-linux-gnu/libexpat.so.1.6.0
7f717d5ec000-7f717d5ed000 rw-p 00029000 08:05 8130804                    /lib/x86_64-linux-gnu/libexpat.so.1.6.0
7f717d5ed000-7f717d5f5000 r-xp 00000000 08:05 402202                     /usr/lib/x86_64-linux-gnu/libthai.so.0.2.0
7f717d5f5000-7f717d7f4000 ---p 00008000 08:05 402202                     /usr/lib/x86_64-linux-gnu/libthai.so.0.2.0
7f717d7f4000-7f717d7f5000 r--p 00007000 08:05 402202                     /usr/lib/x86_64-linux-gnu/libthai.so.0.2.0
7f717d7f5000-7f717d7f6000 rw-p 00008000 08:05 402202                     /usr/lib/x86_64-linux-gnu/libthai.so.0.2.0
7f717d7f6000-7f717d813000 r-xp 00000000 08:05 402340                     /usr/lib/x86_64-linux-gnu/libxcb.so.1.1.0
7f717d813000-7f717da13000 ---p 0001d000 08:05 402340                     /usr/lib/x86_64-linux-gnu/libxcb.so.1.1.0
7f717da13000-7f717da14000 r--p 0001d000 08:05 402340                     /usr/lib/x86_64-linux-gnu/libxcb.so.1.1.0
7f717da14000-7f717da15000 rw-p 0001e000 08:05 402340                     /usr/lib/x86_64-linux-gnu/libxcb.so.1.1.0
7f717da15000-7f717da1d000 r-xp 00000000 08:05 402326                     /usr/lib/x86_64-linux-gnu/libxcb-render.so.0.0.0
7f717da1d000-7f717dc1c000 ---p 00008000 08:05 402326                     /usr/lib/x86_64-linux-gnu/libxcb-render.so.0.0.0
7f717dc1c000-7f717dc1d000 r--p 00007000 08:05 402326                     /usr/lib/x86_64-linux-gnu/libxcb-render.so.0.0.0
7f717dc1d000-7f717dc1e000 rw-p 00008000 08:05 402326                     /usr/lib/x86_64-linux-gnu/libxcb-render.so.0.0.0
7f717dc1e000-7f717dc20000 r-xp 00000000 08:05 402330                     /usr/lib/x86_64-linux-gnu/libxcb-shm.so.0.0.0
7f717dc20000-7f717de1f000 ---p 00002000 08:05 402330                     /usr/lib/x86_64-linux-gnu/libxcb-shm.so.0.0.0
7f717de1f000-7f717de20000 r--p 00001000 08:05 402330                     /usr/lib/x86_64-linux-gnu/libxcb-shm.so.0.0.0
7f717de20000-7f717de21000 rw-p 00002000 08:05 402330                     /usr/lib/x86_64-linux-gnu/libxcb-shm.so.0.0.0
7f717de21000-7f717de46000 r-xp 00000000 08:05 8130897                    /lib/x86_64-linux-gnu/libpng12.so.0.50.0
7f717de46000-7f717e045000 ---p 00025000 08:05 8130897                    /lib/x86_64-linux-gnu/libpng12.so.0.50.0
7f717e045000-7f717e046000 r--p 00024000 08:05 8130897                    /lib/x86_64-linux-gnu/libpng12.so.0.50.0
7f717e046000-7f717e047000 rw-p 00025000 08:05 8130897                    /lib/x86_64-linux-gnu/libpng12.so.0.50.0
7f717e047000-7f717e0e7000 r-xp 00000000 08:05 394131                     /usr/lib/x86_64-linux-gnu/libpixman-1.so.0.30.2
7f717e0e7000-7f717e2e7000 ---p 000a0000 08:05 394131                     /usr/lib/x86_64-linux-gnu/libpixman-1.so.0.30.2
7f717e2e7000-7f717e2ee000 r--p 000a0000 08:05 394131                     /usr/lib/x86_64-linux-gnu/libpixman-1.so.0.30.2
7f717e2ee000-7f717e2ef000 rw-p 000a7000 08:05 394131                     /usr/lib/x86_64-linux-gnu/libpixman-1.so.0.30.2
7f717e2ef000-7f717e342000 r-xp 00000000 08:05 401818                     /usr/lib/x86_64-linux-gnu/libharfbuzz.so.0.927.0
7f717e342000-7f717e542000 ---p 00053000 08:05 401818                     /usr/lib/x86_64-linux-gnu/libharfbuzz.so.0.927.0
7f717e542000-7f717e543000 r--p 00053000 08:05 401818                     /usr/lib/x86_64-linux-gnu/libharfbuzz.so.0.927.0
7f717e543000-7f717e544000 rw-p 00054000 08:05 401818                     /usr/lib/x86_64-linux-gnu/libharfbuzz.so.0.927.0
7f717e544000-7f717e55b000 r-xp 00000000 08:05 8130908                    /lib/x86_64-linux-gnu/libresolv-2.19.so
7f717e55b000-7f717e75b000 ---p 00017000 08:05 8130908                    /lib/x86_64-linux-gnu/libresolv-2.19.so
7f717e75b000-7f717e75c000 r--p 00017000 08:05 8130908                    /lib/x86_64-linux-gnu/libresolv-2.19.so
7f717e75c000-7f717e75d000 rw-p 00018000 08:05 8130908                    /lib/x86_64-linux-gnu/libresolv-2.19.so
7f717e75d000-7f717e75f000 rw-p 00000000 00:00 0 
7f717e75f000-7f717e77f000 r-xp 00000000 08:05 8130912                    /lib/x86_64-linux-gnu/libselinux.so.1
7f717e77f000-7f717e97e000 ---p 00020000 08:05 8130912                    /lib/x86_64-linux-gnu/libselinux.so.1
7f717e97e000-7f717e97f000 r--p 0001f000 08:05 8130912                    /lib/x86_64-linux-gnu/libselinux.so.1
7f717e97f000-7f717e980000 rw-p 00020000 08:05 8130912                    /lib/x86_64-linux-gnu/libselinux.so.1
7f717e980000-7f717e982000 rw-p 00000000 00:00 0 
7f717e982000-7f717e99a000 r-xp 00000000 08:05 8130945                    /lib/x86_64-linux-gnu/libz.so.1.2.8
7f717e99a000-7f717eb99000 ---p 00018000 08:05 8130945                    /lib/x86_64-linux-gnu/libz.so.1.2.8
7f717eb99000-7f717eb9a000 r--p 00017000 08:05 8130945                    /lib/x86_64-linux-gnu/libz.so.1.2.8
7f717eb9a000-7f717eb9b000 rw-p 00018000 08:05 8130945                    /lib/x86_64-linux-gnu/libz.so.1.2.8
7f717eb9b000-7f717ebac000 r-xp 00000000 08:05 401285                     /usr/lib/x86_64-linux-gnu/libXext.so.6.4.0
7f717ebac000-7f717edab000 ---p 00011000 08:05 401285                     /usr/lib/x86_64-linux-gnu/libXext.so.6.4.0
7f717edab000-7f717edac000 r--p 00010000 08:05 401285                     /usr/lib/x86_64-linux-gnu/libXext.so.6.4.0
7f717edac000-7f717edad000 rw-p 00011000 08:05 401285                     /usr/lib/x86_64-linux-gnu/libXext.so.6.4.0
7f717edad000-7f717edaf000 r-xp 00000000 08:05 401281                     /usr/lib/x86_64-linux-gnu/libXdamage.so.1.1.0
7f717edaf000-7f717efae000 ---p 00002000 08:05 401281                     /usr/lib/x86_64-linux-gnu/libXdamage.so.1.1.0
7f717efae000-7f717efaf000 r--p 00001000 08:05 401281                     /usr/lib/x86_64-linux-gnu/libXdamage.so.1.1.0
7f717efaf000-7f717efb0000 rw-p 00002000 08:05 401281                     /usr/lib/x86_64-linux-gnu/libXdamage.so.1.1.0
7f717efb0000-7f717efb2000 r-xp 00000000 08:05 401277                     /usr/lib/x86_64-linux-gnu/libXcomposite.so.1.0.0
7f717efb2000-7f717f1b1000 ---p 00002000 08:05 401277                     /usr/lib/x86_64-linux-gnu/libXcomposite.so.1.0.0
7f717f1b1000-7f717f1b2000 r--p 00001000 08:05 401277                     /usr/lib/x86_64-linux-gnu/libXcomposite.so.1.0.0
7f717f1b2000-7f717f1b3000 rw-p 00002000 08:05 401277                     /usr/lib/x86_64-linux-gnu/libXcomposite.so.1.0.0
7f717f1b3000-7f717f1bc000 r-xp 00000000 08:05 401279                     /usr/lib/x86_64-linux-gnu/libXcursor.so.1.0.2
7f717f1bc000-7f717f3bb000 ---p 00009000 08:05 401279                     /usr/lib/x86_64-linux-gnu/libXcursor.so.1.0.2
7f717f3bb000-7f717f3bc000 r--p 00008000 08:05 401279                     /usr/lib/x86_64-linux-gnu/libXcursor.so.1.0.2
7f717f3bc000-7f717f3bd000 rw-p 00009000 08:05 401279                     /usr/lib/x86_64-linux-gnu/libXcursor.so.1.0.2
7f717f3bd000-7f717f3c6000 r-xp 00000000 08:05 401305                     /usr/lib/x86_64-linux-gnu/libXrandr.so.2.2.0
7f717f3c6000-7f717f5c5000 ---p 00009000 08:05 401305                     /usr/lib/x86_64-linux-gnu/libXrandr.so.2.2.0
7f717f5c5000-7f717f5c6000 r--p 00008000 08:05 401305                     /usr/lib/x86_64-linux-gnu/libXrandr.so.2.2.0
7f717f5c6000-7f717f5c7000 rw-p 00009000 08:05 401305                     /usr/lib/x86_64-linux-gnu/libXrandr.so.2.2.0
7f717f5c7000-7f717f5d6000 r-xp 00000000 08:05 401293                     /usr/lib/x86_64-linux-gnu/libXi.so.6.1.0
7f717f5d6000-7f717f7d5000 ---p 0000f000 08:05 401293                     /usr/lib/x86_64-linux-gnu/libXi.so.6.1.0
7f717f7d5000-7f717f7d6000 r--p 0000e000 08:05 401293                     /usr/lib/x86_64-linux-gnu/libXi.so.6.1.0
7f717f7d6000-7f717f7d7000 rw-p 0000f000 08:05 401293                     /usr/lib/x86_64-linux-gnu/libXi.so.6.1.0
7f717f7d7000-7f717f7d9000 r-xp 00000000 08:05 401295                     /usr/lib/x86_64-linux-gnu/libXinerama.so.1.0.0
7f717f7d9000-7f717f9d8000 ---p 00002000 08:05 401295                     /usr/lib/x86_64-linux-gnu/libXinerama.so.1.0.0
7f717f9d8000-7f717f9d9000 r--p 00001000 08:05 401295                     /usr/lib/x86_64-linux-gnu/libXinerama.so.1.0.0
7f717f9d9000-7f717f9da000 rw-p 00002000 08:05 401295                     /usr/lib/x86_64-linux-gnu/libXinerama.so.1.0.0
7f717f9da000-7f717f9e3000 r-xp 00000000 08:05 401307                     /usr/lib/x86_64-linux-gnu/libXrender.so.1.3.0
7f717f9e3000-7f717fbe2000 ---p 00009000 08:05 401307                     /usr/lib/x86_64-linux-gnu/libXrender.so.1.3.0
7f717fbe2000-7f717fbe3000 r--p 00008000 08:05 401307                     /usr/lib/x86_64-linux-gnu/libXrender.so.1.3.0
7f717fbe3000-7f717fbe4000 rw-p 00009000 08:05 401307                     /usr/lib/x86_64-linux-gnu/libXrender.so.1.3.0
7f717fbe4000-7f717fbe9000 r-xp 00000000 08:05 401287                     /usr/lib/x86_64-linux-gnu/libXfixes.so.3.1.0
7f717fbe9000-7f717fde8000 ---p 00005000 08:05 401287                     /usr/lib/x86_64-linux-gnu/libXfixes.so.3.1.0
7f717fde8000-7f717fde9000 r--p 00004000 08:05 401287                     /usr/lib/x86_64-linux-gnu/libXfixes.so.3.1.0
7f717fde9000-7f717fdea000 rw-p 00005000 08:05 401287                     /usr/lib/x86_64-linux-gnu/libXfixes.so.3.1.0
7f717fdea000-7f717fe00000 r-xp 00000000 08:05 8130809                    /lib/x86_64-linux-gnu/libgcc_s.so.1
7f717fe00000-7f717ffff000 ---p 00016000 08:05 8130809                    /lib/x86_64-linux-gnu/libgcc_s.so.1
7f717ffff000-7f7180000000 rw-p 00015000 08:05 8130809                    /lib/x86_64-linux-gnu/libgcc_s.so.1
7f7180000000-7f7180021000 rw-p 00000000 00:00 0 
7f7180021000-7f7184000000 ---p 00000000 00:00 0 
7f7184000000-7f7184021000 rw-p 00000000 00:00 0 
7f7184021000-7f7188000000 ---p 00000000 00:00 0 
7f7188000000-7f71887a7000 rw-p 00000000 00:00 0 
7f71887a7000-7f718c000000 ---p 00000000 00:00 0 
7f718c000000-7f718ca66000 rw-p 00000000 00:00 0 
7f718ca66000-7f7190000000 ---p 00000000 00:00 0 
7f7190000000-7f7190021000 rw-p 00000000 00:00 0 
7f7190021000-7f7194000000 ---p 00000000 00:00 0 
7f7194000000-7f7194865000 rw-p 00000000 00:00 0 
7f7194865000-7f7198000000 ---p 00000000 00:00 0 
7f7198000000-7f7198021000 rw-p 00000000 00:00 0 
7f7198021000-7f719c000000 ---p 00000000 00:00 0 
7f719c000000-7f719c021000 rw-p 00000000 00:00 0 
7f719c021000-7f71a0000000 ---p 00000000 00:00 0 
7f71a0000000-7f71a0021000 rw-p 00000000 00:00 0 
7f71a0021000-7f71a4000000 ---p 00000000 00:00 0 
7f71a4000000-7f71a4021000 rw-p 00000000 00:00 0 
7f71a4021000-7f71a8000000 ---p 00000000 00:00 0 
7f71a8000000-7f71a8021000 rw-p 00000000 00:00 0 
7f71a8021000-7f71ac000000 ---p 00000000 00:00 0 
7f71ac000000-7f71ac005000 r--s 00084000 08:06 6292910                    /home/freddie/jdk1.8.0_121/jre/lib/jfr.jar
7f71ac005000-7f71ac019000 r--p 00000000 08:06 6292684                    /home/freddie/jdk1.8.0_121/jre/lib/fonts/LucidaBrightItalic.ttf
7f71ac019000-7f71ac02c000 r--p 00000000 08:06 6292662                    /home/freddie/jdk1.8.0_121/jre/lib/fonts/LucidaBrightDemiBold.ttf
7f71ac02c000-7f71ac03f000 r--p 00000000 08:06 6292651                    /home/freddie/jdk1.8.0_121/jre/lib/fonts/LucidaBrightDemiItalic.ttf
7f71ac03f000-7f71ac040000 r--s 00000000 08:05 1597601                    /var/cache/fontconfig/c05880de57d1f5e948fdfacc138775d9-le64.cache-4
7f71ac040000-7f71ac04b000 r--s 00000000 08:05 1597595                    /var/cache/fontconfig/945677eb7aeaf62f1d50efc3fb3ec7d8-le64.cache-4
7f71ac04b000-7f71ac051000 r--s 00000000 08:05 1597581                    /var/cache/fontconfig/2cd17615ca594fa2959ae173292e504c-le64.cache-4
7f71ac051000-7f71ac052000 r--s 00000000 08:05 1597611                    /var/cache/fontconfig/e7071f4a29fa870f4323321c154eba04-le64.cache-4
7f71ac052000-7f71ac053000 r--s 00000000 08:05 1597578                    /var/cache/fontconfig/0d8c3b2ac0904cb8a57a757ad11a4a08-le64.cache-4
7f71ac053000-7f71ac05a000 r--s 00000000 08:05 1597598                    /var/cache/fontconfig/a755afe4a08bf5b97852ceb7400b47bc-le64.cache-4
7f71ac05a000-7f71ac06e000 r--s 00000000 08:05 1597576                    /var/cache/fontconfig/04aabc0a78ac019cf9454389977116d2-le64.cache-4
7f71ac06e000-7f71ac06f000 r--s 00000000 08:05 1597580                    /var/cache/fontconfig/1ac9eb803944fde146138c791f5cc56a-le64.cache-4
7f71ac06f000-7f71ac073000 r--s 00000000 08:05 1597584                    /var/cache/fontconfig/385c0604a188198f04d133e54aba7fe7-le64.cache-4
7f71ac073000-7f71ac075000 r--s 00000000 08:05 1597592                    /var/cache/fontconfig/767a8244fc0220cfb567a839d0392e0b-le64.cache-4
7f71ac075000-7f71ac07a000 r--s 00000000 08:05 1597594                    /var/cache/fontconfig/8801497958630a81b71ace7c5f9b32a8-le64.cache-4
7f71ac07a000-7f71ac07d000 ---p 00000000 00:00 0 
7f71ac07d000-7f71ac17b000 rw-p 00000000 00:00 0                          [stack:18827]
7f71ac17b000-7f71ac1bb000 r--p 00000000 08:05 794068                     /usr/share/glib-2.0/schemas/gschemas.compiled
7f71ac1bb000-7f71ac2a1000 r-xp 00000000 08:05 402180                     /usr/lib/x86_64-linux-gnu/libstdc++.so.6.0.19
7f71ac2a1000-7f71ac4a0000 ---p 000e6000 08:05 402180                     /usr/lib/x86_64-linux-gnu/libstdc++.so.6.0.19
7f71ac4a0000-7f71ac4a8000 r--p 000e5000 08:05 402180                     /usr/lib/x86_64-linux-gnu/libstdc++.so.6.0.19
7f71ac4a8000-7f71ac4aa000 rw-p 000ed000 08:05 402180                     /usr/lib/x86_64-linux-gnu/libstdc++.so.6.0.19
7f71ac4aa000-7f71ac4bf000 rw-p 00000000 00:00 0 
7f71ac4bf000-7f71ac549000 r-xp 00000000 08:05 787859                     /usr/lib/x86_64-linux-gnu/mesa/libGL.so.1.2.0
7f71ac549000-7f71ac749000 ---p 0008a000 08:05 787859                     /usr/lib/x86_64-linux-gnu/mesa/libGL.so.1.2.0
7f71ac749000-7f71ac74c000 r--p 0008a000 08:05 787859                     /usr/lib/x86_64-linux-gnu/mesa/libGL.so.1.2.0
7f71ac74c000-7f71ac74d000 rw-p 0008d000 08:05 787859                     /usr/lib/x86_64-linux-gnu/mesa/libGL.so.1.2.0
7f71ac74d000-7f71ac74e000 rw-p 00000000 00:00 0 
7f71ac74e000-7f71ac752000 r-xp 00000000 08:05 401323                     /usr/lib/x86_64-linux-gnu/libXxf86vm.so.1.0.0
7f71ac752000-7f71ac952000 ---p 00004000 08:05 401323                     /usr/lib/x86_64-linux-gnu/libXxf86vm.so.1.0.0
7f71ac952000-7f71ac953000 r--p 00004000 08:05 401323                     /usr/lib/x86_64-linux-gnu/libXxf86vm.so.1.0.0
7f71ac953000-7f71ac954000 rw-p 00005000 08:05 401323                     /usr/lib/x86_64-linux-gnu/libXxf86vm.so.1.0.0
7f71ac954000-7f71aca84000 r-xp 00000000 08:05 401268                     /usr/lib/x86_64-linux-gnu/libX11.so.6.3.0
7f71aca84000-7f71acc84000 ---p 00130000 08:05 401268                     /usr/lib/x86_64-linux-gnu/libX11.so.6.3.0
7f71acc84000-7f71acc85000 r--p 00130000 08:05 401268                     /usr/lib/x86_64-linux-gnu/libX11.so.6.3.0
7f71acc85000-7f71acc89000 rw-p 00131000 08:05 401268                     /usr/lib/x86_64-linux-gnu/libX11.so.6.3.0
7f71acc89000-7f71acc8e000 r-xp 00000000 08:05 401313                     /usr/lib/x86_64-linux-gnu/libXtst.so.6.1.0
7f71acc8e000-7f71ace8d000 ---p 00005000 08:05 401313                     /usr/lib/x86_64-linux-gnu/libXtst.so.6.1.0
7f71ace8d000-7f71ace8e000 r--p 00004000 08:05 401313                     /usr/lib/x86_64-linux-gnu/libXtst.so.6.1.0
7f71ace8e000-7f71ace8f000 rw-p 00005000 08:05 401313                     /usr/lib/x86_64-linux-gnu/libXtst.so.6.1.0
7f71ace8f000-7f71acf95000 r-xp 00000000 08:05 8130813                    /lib/x86_64-linux-gnu/libglib-2.0.so.0.4002.0
7f71acf95000-7f71ad194000 ---p 00106000 08:05 8130813                    /lib/x86_64-linux-gnu/libglib-2.0.so.0.4002.0
7f71ad194000-7f71ad195000 r--p 00105000 08:05 8130813                    /lib/x86_64-linux-gnu/libglib-2.0.so.0.4002.0
7f71ad195000-7f71ad196000 rw-p 00106000 08:05 8130813                    /lib/x86_64-linux-gnu/libglib-2.0.so.0.4002.0
7f71ad196000-7f71ad197000 rw-p 00000000 00:00 0 
7f71ad197000-7f71ad198000 r-xp 00000000 08:05 401794                     /usr/lib/x86_64-linux-gnu/libgthread-2.0.so.0.4002.0
7f71ad198000-7f71ad397000 ---p 00001000 08:05 401794                     /usr/lib/x86_64-linux-gnu/libgthread-2.0.so.0.4002.0
7f71ad397000-7f71ad398000 r--p 00000000 08:05 401794                     /usr/lib/x86_64-linux-gnu/libgthread-2.0.so.0.4002.0
7f71ad398000-7f71ad399000 rw-p 00001000 08:05 401794                     /usr/lib/x86_64-linux-gnu/libgthread-2.0.so.0.4002.0
7f71ad399000-7f71ad39c000 r-xp 00000000 08:05 401671                     /usr/lib/x86_64-linux-gnu/libgmodule-2.0.so.0.4002.0
7f71ad39c000-7f71ad59b000 ---p 00003000 08:05 401671                     /usr/lib/x86_64-linux-gnu/libgmodule-2.0.so.0.4002.0
7f71ad59b000-7f71ad59c000 r--p 00002000 08:05 401671                     /usr/lib/x86_64-linux-gnu/libgmodule-2.0.so.0.4002.0
7f71ad59c000-7f71ad59d000 rw-p 00003000 08:05 401671                     /usr/lib/x86_64-linux-gnu/libgmodule-2.0.so.0.4002.0
7f71ad59d000-7f71ad5ec000 r-xp 00000000 08:05 401687                     /usr/lib/x86_64-linux-gnu/libgobject-2.0.so.0.4002.0
7f71ad5ec000-7f71ad7ec000 ---p 0004f000 08:05 401687                     /usr/lib/x86_64-linux-gnu/libgobject-2.0.so.0.4002.0
7f71ad7ec000-7f71ad7ed000 r--p 0004f000 08:05 401687                     /usr/lib/x86_64-linux-gnu/libgobject-2.0.so.0.4002.0
7f71ad7ed000-7f71ad7ee000 rw-p 00050000 08:05 401687                     /usr/lib/x86_64-linux-gnu/libgobject-2.0.so.0.4002.0
7f71ad7ee000-7f71ad828000 r-xp 00000000 08:05 401572                     /usr/lib/x86_64-linux-gnu/libfontconfig.so.1.8.0
7f71ad828000-7f71ada27000 ---p 0003a000 08:05 401572                     /usr/lib/x86_64-linux-gnu/libfontconfig.so.1.8.0
7f71ada27000-7f71ada29000 r--p 00039000 08:05 401572                     /usr/lib/x86_64-linux-gnu/libfontconfig.so.1.8.0
7f71ada29000-7f71ada2a000 rw-p 0003b000 08:05 401572                     /usr/lib/x86_64-linux-gnu/libfontconfig.so.1.8.0
7f71ada2a000-7f71adac7000 r-xp 00000000 08:05 401600                     /usr/lib/x86_64-linux-gnu/libfreetype.so.6.11.1
7f71adac7000-7f71adcc6000 ---p 0009d000 08:05 401600                     /usr/lib/x86_64-linux-gnu/libfreetype.so.6.11.1
7f71adcc6000-7f71adccc000 r--p 0009c000 08:05 401600                     /usr/lib/x86_64-linux-gnu/libfreetype.so.6.11.1
7f71adccc000-7f71adccd000 rw-p 000a2000 08:05 401600                     /usr/lib/x86_64-linux-gnu/libfreetype.so.6.11.1
7f71adccd000-7f71add17000 r-xp 00000000 08:05 402011                     /usr/lib/x86_64-linux-gnu/libpango-1.0.so.0.3600.3
7f71add17000-7f71adf17000 ---p 0004a000 08:05 402011                     /usr/lib/x86_64-linux-gnu/libpango-1.0.so.0.3600.3
7f71adf17000-7f71adf19000 r--p 0004a000 08:05 402011                     /usr/lib/x86_64-linux-gnu/libpango-1.0.so.0.3600.3
7f71adf19000-7f71adf1a000 rw-p 0004c000 08:05 402011                     /usr/lib/x86_64-linux-gnu/libpango-1.0.so.0.3600.3
7f71adf1a000-7f71ae020000 r-xp 00000000 08:05 401405                     /usr/lib/x86_64-linux-gnu/libcairo.so.2.11301.0
7f71ae020000-7f71ae21f000 ---p 00106000 08:05 401405                     /usr/lib/x86_64-linux-gnu/libcairo.so.2.11301.0
7f71ae21f000-7f71ae222000 r--p 00105000 08:05 401405                     /usr/lib/x86_64-linux-gnu/libcairo.so.2.11301.0
7f71ae222000-7f71ae223000 rw-p 00108000 08:05 401405                     /usr/lib/x86_64-linux-gnu/libcairo.so.2.11301.0
7f71ae223000-7f71ae225000 rw-p 00000000 00:00 0 
7f71ae225000-7f71ae230000 r-xp 00000000 08:05 402013                     /usr/lib/x86_64-linux-gnu/libpangocairo-1.0.so.0.3600.3
7f71ae230000-7f71ae430000 ---p 0000b000 08:05 402013                     /usr/lib/x86_64-linux-gnu/libpangocairo-1.0.so.0.3600.3
7f71ae430000-7f71ae431000 r--p 0000b000 08:05 402013                     /usr/lib/x86_64-linux-gnu/libpangocairo-1.0.so.0.3600.3
7f71ae431000-7f71ae432000 rw-p 0000c000 08:05 402013                     /usr/lib/x86_64-linux-gnu/libpangocairo-1.0.so.0.3600.3
7f71ae432000-7f71ae452000 r-xp 00000000 08:05 401635                     /usr/lib/x86_64-linux-gnu/libgdk_pixbuf-2.0.so.0.3000.7
7f71ae452000-7f71ae651000 ---p 00020000 08:05 401635                     /usr/lib/x86_64-linux-gnu/libgdk_pixbuf-2.0.so.0.3000.7
7f71ae651000-7f71ae652000 r--p 0001f000 08:05 401635                     /usr/lib/x86_64-linux-gnu/libgdk_pixbuf-2.0.so.0.3000.7
7f71ae652000-7f71ae653000 rw-p 00020000 08:05 401635                     /usr/lib/x86_64-linux-gnu/libgdk_pixbuf-2.0.so.0.3000.7
7f71ae653000-7f71ae667000 r-xp 00000000 08:05 402015                     /usr/lib/x86_64-linux-gnu/libpangoft2-1.0.so.0.3600.3
7f71ae667000-7f71ae866000 ---p 00014000 08:05 402015                     /usr/lib/x86_64-linux-gnu/libpangoft2-1.0.so.0.3600.3
7f71ae866000-7f71ae867000 r--p 00013000 08:05 402015                     /usr/lib/x86_64-linux-gnu/libpangoft2-1.0.so.0.3600.3
7f71ae867000-7f71ae868000 rw-p 00014000 08:05 402015                     /usr/lib/x86_64-linux-gnu/libpangoft2-1.0.so.0.3600.3
7f71ae868000-7f71ae9d4000 r-xp 00000000 08:05 401659                     /usr/lib/x86_64-linux-gnu/libgio-2.0.so.0.4002.0
7f71ae9d4000-7f71aebd3000 ---p 0016c000 08:05 401659                     /usr/lib/x86_64-linux-gnu/libgio-2.0.so.0.4002.0
7f71aebd3000-7f71aebd7000 r--p 0016b000 08:05 401659                     /usr/lib/x86_64-linux-gnu/libgio-2.0.so.0.4002.0
7f71aebd7000-7f71aebd9000 rw-p 0016f000 08:05 401659                     /usr/lib/x86_64-linux-gnu/libgio-2.0.so.0.4002.0
7f71aebd9000-7f71aebdb000 rw-p 00000000 00:00 0 
7f71aebdb000-7f71aebfa000 r-xp 00000000 08:05 401366                     /usr/lib/x86_64-linux-gnu/libatk-1.0.so.0.21009.1
7f71aebfa000-7f71aedfa000 ---p 0001f000 08:05 401366                     /usr/lib/x86_64-linux-gnu/libatk-1.0.so.0.21009.1
7f71aedfa000-7f71aedfc000 r--p 0001f000 08:05 401366                     /usr/lib/x86_64-linux-gnu/libatk-1.0.so.0.21009.1
7f71aedfc000-7f71aedfd000 rw-p 00021000 08:05 401366                     /usr/lib/x86_64-linux-gnu/libatk-1.0.so.0.21009.1
7f71aedfd000-7f71aeeaa000 r-xp 00000000 08:05 401633                     /usr/lib/x86_64-linux-gnu/libgdk-x11-2.0.so.0.2400.23
7f71aeeaa000-7f71af0aa000 ---p 000ad000 08:05 401633                     /usr/lib/x86_64-linux-gnu/libgdk-x11-2.0.so.0.2400.23
7f71af0aa000-7f71af0ae000 r--p 000ad000 08:05 401633                     /usr/lib/x86_64-linux-gnu/libgdk-x11-2.0.so.0.2400.23
7f71af0ae000-7f71af0b0000 rw-p 000b1000 08:05 401633                     /usr/lib/x86_64-linux-gnu/libgdk-x11-2.0.so.0.2400.23
7f71af0b0000-7f71af4e0000 r-xp 00000000 08:05 401798                     /usr/lib/x86_64-linux-gnu/libgtk-x11-2.0.so.0.2400.23
7f71af4e0000-7f71af6df000 ---p 00430000 08:05 401798                     /usr/lib/x86_64-linux-gnu/libgtk-x11-2.0.so.0.2400.23
7f71af6df000-7f71af6e6000 r--p 0042f000 08:05 401798                     /usr/lib/x86_64-linux-gnu/libgtk-x11-2.0.so.0.2400.23
7f71af6e6000-7f71af6ea000 rw-p 00436000 08:05 401798                     /usr/lib/x86_64-linux-gnu/libgtk-x11-2.0.so.0.2400.23
7f71af6ea000-7f71af6ed000 rw-p 00000000 00:00 0 
7f71af6ed000-7f71af6f9000 r-xp 00000000 08:06 6292790                    /home/freddie/jdk1.8.0_121/jre/lib/amd64/libprism_es2.so
7f71af6f9000-7f71af8f8000 ---p 0000c000 08:06 6292790                    /home/freddie/jdk1.8.0_121/jre/lib/amd64/libprism_es2.so
7f71af8f8000-7f71af8f9000 rw-p 0000b000 08:06 6292790                    /home/freddie/jdk1.8.0_121/jre/lib/amd64/libprism_es2.so
7f71af8f9000-7f71af8fc000 ---p 00000000 00:00 0 
7f71af8fc000-7f71af9fa000 rw-p 00000000 00:00 0                          [stack:18825]
7f71af9fa000-7f71af9fb000 ---p 00000000 00:00 0 
7f71af9fb000-7f71afafb000 rw-p 00000000 00:00 0                          [stack:18824]
7f71afafb000-7f71afafe000 ---p 00000000 00:00 0 
7f71afafe000-7f71afbfc000 rw-p 00000000 00:00 0                          [stack:18823]
7f71afbfc000-7f71afbff000 ---p 00000000 00:00 0 
7f71afbff000-7f71afcfd000 rw-p 00000000 00:00 0                          [stack:18822]
7f71afcfd000-7f71afd00000 ---p 00000000 00:00 0 
7f71afd00000-7f71afdfe000 rw-p 00000000 00:00 0                          [stack:18821]
7f71afdfe000-7f71afe01000 ---p 00000000 00:00 0 
7f71afe01000-7f71afeff000 rw-p 00000000 00:00 0                          [stack:18820]
7f71afeff000-7f71aff02000 ---p 00000000 00:00 0 
7f71aff02000-7f71b0000000 rw-p 00000000 00:00 0                          [stack:18819]
7f71b0000000-7f71b0021000 rw-p 00000000 00:00 0 
7f71b0021000-7f71b4000000 ---p 00000000 00:00 0 
7f71b4000000-7f71b4001000 r--s 00000000 08:05 1597608                    /var/cache/fontconfig/dc05db6664285cc2f12bf69c139ae4c3-le64.cache-4
7f71b4001000-7f71b4002000 r--s 00000000 08:05 1597586                    /var/cache/fontconfig/4794a0821666d79190d59a36cb4f44b5-le64.cache-4
7f71b4002000-7f71b4006000 r--s 00000000 08:05 1598905                    /var/cache/fontconfig/c57959a16110560c8d0fcea73374aeeb-le64.cache-4
7f71b4006000-7f71b400d000 r--s 00000000 08:05 1597582                    /var/cache/fontconfig/3047814df9a2f067bd2d96a2b9c36e5a-le64.cache-4
7f71b400d000-7f71b400e000 r--s 00000000 08:05 1597588                    /var/cache/fontconfig/56cf4f4769d0f4abc89a4895d7bd3ae1-le64.cache-4
7f71b400e000-7f71b400f000 r--s 00000000 08:05 1597600                    /var/cache/fontconfig/b9d506c9ac06c20b433354fa67a72993-le64.cache-4
7f71b400f000-7f71b4015000 r--s 00000000 08:05 1597599                    /var/cache/fontconfig/b47c4e1ecd0709278f4910c18777a504-le64.cache-4
7f71b4015000-7f71b4028000 r--s 00000000 08:05 1597605                    /var/cache/fontconfig/d52a8644073d54c13679302ca1180695-le64.cache-4
7f71b4028000-7f71b40bd000 r--s 01101000 08:06 6292794                    /home/freddie/jdk1.8.0_121/jre/lib/ext/jfxrt.jar
7f71b40bd000-7f71b479f000 r--p 00000000 08:05 400257                     /usr/lib/locale/locale-archive
7f71b479f000-7f71b47a2000 ---p 00000000 00:00 0 
7f71b47a2000-7f71b48a0000 rw-p 00000000 00:00 0                          [stack:18818]
7f71b48a0000-7f71b48a3000 ---p 00000000 00:00 0 
7f71b48a3000-7f71b49a1000 rw-p 00000000 00:00 0                          [stack:18817]
7f71b49a1000-7f71b49a2000 ---p 00000000 00:00 0 
7f71b49a2000-7f71b8000000 rw-p 00000000 00:00 0                          [stack:18816]
7f71b8000000-7f71b8021000 rw-p 00000000 00:00 0 
7f71b8021000-7f71bc000000 ---p 00000000 00:00 0 
7f71bc000000-7f71bc009000 r--s 00000000 08:05 1597585                    /var/cache/fontconfig/3f7329c5293ffd510edef78f73874cfd-le64.cache-4
7f71bc009000-7f71bc00d000 r--s 00000000 08:05 1597606                    /var/cache/fontconfig/d589a48862398ed80a3d6066f4f56f4c-le64.cache-4
7f71bc00d000-7f71bc01a000 r--s 00000000 08:05 1597719                    /var/cache/fontconfig/089dead882dea3570ffc31a9898cfb69-le64.cache-4
7f71bc01a000-7f71bc01b000 r--s 00000000 08:05 1597577                    /var/cache/fontconfig/0c9eb80ebd1c36541ebe2852d3bb0c49-le64.cache-4
7f71bc01b000-7f71bc01e000 r--s 00000000 08:05 1597624                    /var/cache/fontconfig/e13b20fdb08344e0e664864cc2ede53d-le64.cache-4
7f71bc01e000-7f71bc022000 r--s 00000000 08:05 1598904                    /var/cache/fontconfig/7ef2298fde41cc6eeb7af42e48b7d293-le64.cache-4
7f71bc022000-7f71bc02a000 rw-s 00000000 00:05 1347915                    /drm mm object (deleted)
7f71bc02a000-7f71bc02b000 rw-s 00000000 00:05 1345904                    /drm mm object (deleted)
7f71bc02b000-7f71bc033000 rw-s 00000000 00:05 1347953                    /drm mm object (deleted)
7f71bc033000-7f71bc039000 r--p 00000000 08:06 5250699                    /home/freddie/.config/dconf/user
7f71bc039000-7f71bc040000 r--s 00000000 08:05 787320                     /usr/lib/x86_64-linux-gnu/gconv/gconv-modules.cache
7f71bc040000-7f71bc048000 rw-s 00000000 00:05 1345871                    /drm mm object (deleted)
7f71bc048000-7f71bc221000 r--s 03d3e000 08:06 6293039                    /home/freddie/jdk1.8.0_121/jre/lib/rt.jar
7f71bc221000-7f71bc401000 rw-p 00000000 00:00 0 
7f71bc401000-7f71bc402000 ---p 00000000 00:00 0 
7f71bc402000-7f71bc502000 rw-p 00000000 00:00 0                          [stack:18815]
7f71bc502000-7f71bc503000 ---p 00000000 00:00 0 
7f71bc503000-7f71bc603000 rw-p 00000000 00:00 0                          [stack:18814]
7f71bc603000-7f71bc604000 ---p 00000000 00:00 0 
7f71bc604000-7f71bc718000 rw-p 00000000 00:00 0                          [stack:18813]
7f71bc718000-7f71bc844000 ---p 00000000 00:00 0 
7f71bc844000-7f71bc858000 rw-p 00000000 00:00 0 
7f71bc858000-7f71bc984000 ---p 00000000 00:00 0 
7f71bc984000-7f71bc996000 rw-p 00000000 00:00 0 
7f71bc996000-7f71bca24000 ---p 00000000 00:00 0 
7f71bca24000-7f71bca4b000 rw-p 00000000 00:00 0 
7f71bca4b000-7f71bcde5000 ---p 00000000 00:00 0 
7f71bcde5000-7f71bd765000 rwxp 00000000 00:00 0 
7f71bd765000-7f71cbde5000 ---p 00000000 00:00 0 
7f71cbde5000-7f71cbdff000 r-xp 00000000 08:06 6292913                    /home/freddie/jdk1.8.0_121/jre/lib/amd64/libzip.so
7f71cbdff000-7f71cbfff000 ---p 0001a000 08:06 6292913                    /home/freddie/jdk1.8.0_121/jre/lib/amd64/libzip.so
7f71cbfff000-7f71cc000000 rw-p 0001a000 08:06 6292913                    /home/freddie/jdk1.8.0_121/jre/lib/amd64/libzip.so
7f71cc000000-7f71cc50c000 rw-p 00000000 00:00 0 
7f71cc50c000-7f71d0000000 ---p 00000000 00:00 0 
7f71d0000000-7f71d0001000 r--s 00000000 00:17 27                         /run/user/1000/dconf/user
7f71d0001000-7f71d0002000 ---p 00000000 00:00 0 
7f71d0002000-7f71d0102000 rw-p 00000000 00:00 0                          [stack:18812]
7f71d0102000-7f71d010d000 r-xp 00000000 08:05 8130857                    /lib/x86_64-linux-gnu/libnss_files-2.19.so
7f71d010d000-7f71d030c000 ---p 0000b000 08:05 8130857                    /lib/x86_64-linux-gnu/libnss_files-2.19.so
7f71d030c000-7f71d030d000 r--p 0000a000 08:05 8130857                    /lib/x86_64-linux-gnu/libnss_files-2.19.so
7f71d030d000-7f71d030e000 rw-p 0000b000 08:05 8130857                    /lib/x86_64-linux-gnu/libnss_files-2.19.so
7f71d030e000-7f71d0319000 r-xp 00000000 08:05 8130867                    /lib/x86_64-linux-gnu/libnss_nis-2.19.so
7f71d0319000-7f71d0518000 ---p 0000b000 08:05 8130867                    /lib/x86_64-linux-gnu/libnss_nis-2.19.so
7f71d0518000-7f71d0519000 r--p 0000a000 08:05 8130867                    /lib/x86_64-linux-gnu/libnss_nis-2.19.so
7f71d0519000-7f71d051a000 rw-p 0000b000 08:05 8130867                    /lib/x86_64-linux-gnu/libnss_nis-2.19.so
7f71d051a000-7f71d0531000 r-xp 00000000 08:05 8130851                    /lib/x86_64-linux-gnu/libnsl-2.19.so
7f71d0531000-7f71d0730000 ---p 00017000 08:05 8130851                    /lib/x86_64-linux-gnu/libnsl-2.19.so
7f71d0730000-7f71d0731000 r--p 00016000 08:05 8130851                    /lib/x86_64-linux-gnu/libnsl-2.19.so
7f71d0731000-7f71d0732000 rw-p 00017000 08:05 8130851                    /lib/x86_64-linux-gnu/libnsl-2.19.so
7f71d0732000-7f71d0734000 rw-p 00000000 00:00 0 
7f71d0734000-7f71d073d000 r-xp 00000000 08:05 8130853                    /lib/x86_64-linux-gnu/libnss_compat-2.19.so
7f71d073d000-7f71d093c000 ---p 00009000 08:05 8130853                    /lib/x86_64-linux-gnu/libnss_compat-2.19.so
7f71d093c000-7f71d093d000 r--p 00008000 08:05 8130853                    /lib/x86_64-linux-gnu/libnss_compat-2.19.so
7f71d093d000-7f71d093e000 rw-p 00009000 08:05 8130853                    /lib/x86_64-linux-gnu/libnss_compat-2.19.so
7f71d093e000-7f71d0969000 r-xp 00000000 08:06 6292888                    /home/freddie/jdk1.8.0_121/jre/lib/amd64/libjava.so
7f71d0969000-7f71d0b68000 ---p 0002b000 08:06 6292888                    /home/freddie/jdk1.8.0_121/jre/lib/amd64/libjava.so
7f71d0b68000-7f71d0b6a000 rw-p 0002a000 08:06 6292888                    /home/freddie/jdk1.8.0_121/jre/lib/amd64/libjava.so
7f71d0b6a000-7f71d0b77000 r-xp 00000000 08:06 6292853                    /home/freddie/jdk1.8.0_121/jre/lib/amd64/libverify.so
7f71d0b77000-7f71d0d76000 ---p 0000d000 08:06 6292853                    /home/freddie/jdk1.8.0_121/jre/lib/amd64/libverify.so
7f71d0d76000-7f71d0d78000 rw-p 0000c000 08:06 6292853                    /home/freddie/jdk1.8.0_121/jre/lib/amd64/libverify.so
7f71d0d78000-7f71d0d7f000 r-xp 00000000 08:05 8130910                    /lib/x86_64-linux-gnu/librt-2.19.so
7f71d0d7f000-7f71d0f7e000 ---p 00007000 08:05 8130910                    /lib/x86_64-linux-gnu/librt-2.19.so
7f71d0f7e000-7f71d0f7f000 r--p 00006000 08:05 8130910                    /lib/x86_64-linux-gnu/librt-2.19.so
7f71d0f7f000-7f71d0f80000 rw-p 00007000 08:05 8130910                    /lib/x86_64-linux-gnu/librt-2.19.so
7f71d0f80000-7f71d1085000 r-xp 00000000 08:05 8130832                    /lib/x86_64-linux-gnu/libm-2.19.so
7f71d1085000-7f71d1284000 ---p 00105000 08:05 8130832                    /lib/x86_64-linux-gnu/libm-2.19.so
7f71d1284000-7f71d1285000 r--p 00104000 08:05 8130832                    /lib/x86_64-linux-gnu/libm-2.19.so
7f71d1285000-7f71d1286000 rw-p 00105000 08:05 8130832                    /lib/x86_64-linux-gnu/libm-2.19.so
7f71d1286000-7f71d1f54000 r-xp 00000000 08:06 6292772                    /home/freddie/jdk1.8.0_121/jre/lib/amd64/server/libjvm.so
7f71d1f54000-7f71d2154000 ---p 00cce000 08:06 6292772                    /home/freddie/jdk1.8.0_121/jre/lib/amd64/server/libjvm.so
7f71d2154000-7f71d222d000 rw-p 00cce000 08:06 6292772                    /home/freddie/jdk1.8.0_121/jre/lib/amd64/server/libjvm.so
7f71d222d000-7f71d2278000 rw-p 00000000 00:00 0 
7f71d2278000-7f71d2433000 r-xp 00000000 08:05 8130782                    /lib/x86_64-linux-gnu/libc-2.19.so
7f71d2433000-7f71d2632000 ---p 001bb000 08:05 8130782                    /lib/x86_64-linux-gnu/libc-2.19.so
7f71d2632000-7f71d2636000 r--p 001ba000 08:05 8130782                    /lib/x86_64-linux-gnu/libc-2.19.so
7f71d2636000-7f71d2638000 rw-p 001be000 08:05 8130782                    /lib/x86_64-linux-gnu/libc-2.19.so
7f71d2638000-7f71d263d000 rw-p 00000000 00:00 0 
7f71d263d000-7f71d2640000 r-xp 00000000 08:05 8130799                    /lib/x86_64-linux-gnu/libdl-2.19.so
7f71d2640000-7f71d283f000 ---p 00003000 08:05 8130799                    /lib/x86_64-linux-gnu/libdl-2.19.so
7f71d283f000-7f71d2840000 r--p 00002000 08:05 8130799                    /lib/x86_64-linux-gnu/libdl-2.19.so
7f71d2840000-7f71d2841000 rw-p 00003000 08:05 8130799                    /lib/x86_64-linux-gnu/libdl-2.19.so
7f71d2841000-7f71d2856000 r-xp 00000000 08:06 6292834                    /home/freddie/jdk1.8.0_121/jre/lib/amd64/jli/libjli.so
7f71d2856000-7f71d2a56000 ---p 00015000 08:06 6292834                    /home/freddie/jdk1.8.0_121/jre/lib/amd64/jli/libjli.so
7f71d2a56000-7f71d2a57000 rw-p 00015000 08:06 6292834                    /home/freddie/jdk1.8.0_121/jre/lib/amd64/jli/libjli.so
7f71d2a57000-7f71d2a70000 r-xp 00000000 08:05 8130902                    /lib/x86_64-linux-gnu/libpthread-2.19.so
7f71d2a70000-7f71d2c6f000 ---p 00019000 08:05 8130902                    /lib/x86_64-linux-gnu/libpthread-2.19.so
7f71d2c6f000-7f71d2c70000 r--p 00018000 08:05 8130902                    /lib/x86_64-linux-gnu/libpthread-2.19.so
7f71d2c70000-7f71d2c71000 rw-p 00019000 08:05 8130902                    /lib/x86_64-linux-gnu/libpthread-2.19.so
7f71d2c71000-7f71d2c75000 rw-p 00000000 00:00 0 
7f71d2c75000-7f71d2c98000 r-xp 00000000 08:05 8130758                    /lib/x86_64-linux-gnu/ld-2.19.so
7f71d2c98000-7f71d2c9c000 r--p 00000000 08:05 1454882                    /usr/share/locale-langpack/en_AU/LC_MESSAGES/gtk20-properties.mo
7f71d2c9c000-7f71d2c9e000 r--p 00000000 08:05 1454883                    /usr/share/locale-langpack/en_AU/LC_MESSAGES/gtk20.mo
7f71d2c9e000-7f71d2c9f000 rw-s 00000000 00:05 1345873                    /drm mm object (deleted)
7f71d2c9f000-7f71d2d70000 rw-p 00000000 00:00 0 
7f71d2d70000-7f71d2d73000 ---p 00000000 00:00 0 
7f71d2d73000-7f71d2e75000 rw-p 00000000 00:00 0                          [stack:18810]
7f71d2e75000-7f71d2e76000 r--p 00000000 08:05 1454840                    /usr/share/locale-langpack/en_AU/LC_MESSAGES/glib20.mo
7f71d2e76000-7f71d2e77000 r--p 00000000 08:05 1454938                    /usr/share/locale-langpack/en_AU/LC_MESSAGES/libc.mo
7f71d2e77000-7f71d2e78000 r--s 00079000 08:06 7210566                    /home/freddie/NetBeansProjects/MDSystem/dist/run192634425/MDSystem.jar
7f71d2e78000-7f71d2e8b000 rw-p 00000000 00:00 0 
7f71d2e8b000-7f71d2e93000 rw-s 00000000 08:05 1055798                    /tmp/hsperfdata_freddie/18807
7f71d2e93000-7f71d2e94000 rw-p 00000000 00:00 0 
7f71d2e94000-7f71d2e95000 r--p 00000000 00:00 0 
7f71d2e95000-7f71d2e97000 rw-p 00000000 00:00 0 
7f71d2e97000-7f71d2e98000 r--p 00022000 08:05 8130758                    /lib/x86_64-linux-gnu/ld-2.19.so
7f71d2e98000-7f71d2e99000 rw-p 00023000 08:05 8130758                    /lib/x86_64-linux-gnu/ld-2.19.so
7f71d2e99000-7f71d2e9a000 rw-p 00000000 00:00 0 
7ffc2bad2000-7ffc2baf3000 rw-p 00000000 00:00 0                          [stack]
7ffc2bb7c000-7ffc2bb7e000 r--p 00000000 00:00 0                          [vvar]
7ffc2bb7e000-7ffc2bb80000 r-xp 00000000 00:00 0                          [vdso]
ffffffffff600000-ffffffffff601000 r-xp 00000000 00:00 0                  [vsyscall]

VM Arguments:
jvm_args: -Dfile.encoding=UTF-8 
java_command: /home/freddie/NetBeansProjects/MDSystem/dist/run192634425/MDSystem.jar
java_class_path (initial): /home/freddie/NetBeansProjects/MDSystem/dist/run192634425/MDSystem.jar
Launcher Type: SUN_STANDARD

Environment Variables:
JAVA_HOME=/usr/local/java/jdk1.8.0_131
JRE_HOME=/usr/local/java/jdk1.8.0_131
PATH=/home/freddie/bin:/usr/local/sbin:/usr/local/bin:/usr/sbin:/usr/bin:/sbin:/bin:/usr/games:/usr/local/games:/usr/local/java/jdk1.8.0_131/bin:/usr/local/java/jdk1.8.0_131/bin
LD_LIBRARY_PATH=/home/freddie/jdk1.8.0_121/jre/lib/amd64:/home/freddie/jdk1.8.0_121/jre/lib/i386:
SHELL=/bin/bash
DISPLAY=:0.0

Signal Handlers:
SIGSEGV: [libjvm.so+0xac78c0], sa_mask[0]=11111111011111111101111111111110, sa_flags=SA_RESTART|SA_SIGINFO
SIGBUS: [libjvm.so+0xac78c0], sa_mask[0]=11111111011111111101111111111110, sa_flags=SA_RESTART|SA_SIGINFO
SIGFPE: [libjvm.so+0x920ac0], sa_mask[0]=11111111011111111101111111111110, sa_flags=SA_RESTART|SA_SIGINFO
SIGPIPE: SIG_IGN, sa_mask[0]=00000000000010000000000000000000, sa_flags=SA_RESTART
SIGXFSZ: [libjvm.so+0x920ac0], sa_mask[0]=11111111011111111101111111111110, sa_flags=SA_RESTART|SA_SIGINFO
SIGILL: [libjvm.so+0x920ac0], sa_mask[0]=11111111011111111101111111111110, sa_flags=SA_RESTART|SA_SIGINFO
SIGUSR1: SIG_DFL, sa_mask[0]=00000000000000000000000000000000, sa_flags=none
SIGUSR2: [libjvm.so+0x922300], sa_mask[0]=00100000000000000000000000000000, sa_flags=SA_RESTART|SA_SIGINFO
SIGHUP: [libjvm.so+0x923700], sa_mask[0]=11111111011111111101111111111110, sa_flags=SA_RESTART|SA_SIGINFO
SIGINT: SIG_IGN, sa_mask[0]=00000000000000000000000000000000, sa_flags=none
SIGTERM: [libjvm.so+0x923700], sa_mask[0]=11111111011111111101111111111110, sa_flags=SA_RESTART|SA_SIGINFO
SIGQUIT: [libjvm.so+0x923700], sa_mask[0]=11111111011111111101111111111110, sa_flags=SA_RESTART|SA_SIGINFO


---------------  S Y S T E M  ---------------

OS:DISTRIB_ID=Ubuntu
DISTRIB_RELEASE=14.04
DISTRIB_CODENAME=trusty
DISTRIB_DESCRIPTION="Ubuntu 14.04.4 LTS"

uname:Linux 4.2.0-35-generic #40~14.04.1-Ubuntu SMP Fri Mar 18 16:37:35 UTC 2016 x86_64
libc:glibc 2.19 NPTL 2.19 
rlimit: STACK 8192k, CORE 0k, NPROC 15255, NOFILE 4096, AS infinity
load average:0.90 0.73 1.04

/proc/meminfo:
MemTotal:        3926808 kB
MemFree:           36076 kB
MemAvailable:     355384 kB
Buffers:           40280 kB
Cached:           546416 kB
SwapCached:        41232 kB
Active:          2813552 kB
Inactive:         876044 kB
Active(anon):    2632372 kB
Inactive(anon):   783892 kB
Active(file):     181180 kB
Inactive(file):    92152 kB
Unevictable:         128 kB
Mlocked:             128 kB
SwapTotal:      19529724 kB
SwapFree:       18546816 kB
Dirty:              1100 kB
Writeback:             0 kB
AnonPages:       3094916 kB
Mapped:           171640 kB
Shmem:            313360 kB
Slab:             112768 kB
SReclaimable:      75268 kB
SUnreclaim:        37500 kB
KernelStack:       10352 kB
PageTables:        40876 kB
NFS_Unstable:          0 kB
Bounce:                0 kB
WritebackTmp:          0 kB
CommitLimit:    21493128 kB
Committed_AS:    8385540 kB
VmallocTotal:   34359738367 kB
VmallocUsed:      353752 kB
VmallocChunk:   34358947836 kB
HardwareCorrupted:     0 kB
AnonHugePages:   1171456 kB
CmaTotal:              0 kB
CmaFree:               0 kB
HugePages_Total:       0
HugePages_Free:        0
HugePages_Rsvd:        0
HugePages_Surp:        0
Hugepagesize:       2048 kB
DirectMap4k:      185984 kB
DirectMap2M:     3889152 kB


CPU:total 4 (2 cores per cpu, 2 threads per core) family 6 model 42 stepping 7, cmov, cx8, fxsr, mmx, sse, sse2, sse3, ssse3, sse4.1, sse4.2, popcnt, avx, clmul, ht, tsc, tscinvbit

/proc/cpuinfo:
processor	: 0
vendor_id	: GenuineIntel
cpu family	: 6
model		: 42
model name	: Intel(R) Core(TM) i3-2370M CPU @ 2.40GHz
stepping	: 7
microcode	: 0x26
cpu MHz		: 2399.906
cache size	: 3072 KB
physical id	: 0
siblings	: 4
core id		: 0
cpu cores	: 2
apicid		: 0
initial apicid	: 0
fpu		: yes
fpu_exception	: yes
cpuid level	: 13
wp		: yes
flags		: fpu vme de pse tsc msr pae mce cx8 apic sep mtrr pge mca cmov pat pse36 clflush dts acpi mmx fxsr sse sse2 ss ht tm pbe syscall nx rdtscp lm constant_tsc arch_perfmon pebs bts nopl xtopology nonstop_tsc aperfmperf eagerfpu pni pclmulqdq dtes64 monitor ds_cpl vmx est tm2 ssse3 cx16 xtpr pdcm pcid sse4_1 sse4_2 x2apic popcnt tsc_deadline_timer xsave avx lahf_lm arat epb pln pts dtherm tpr_shadow vnmi flexpriority ept vpid xsaveopt
bugs		:
bogomips	: 4784.94
clflush size	: 64
cache_alignment	: 64
address sizes	: 36 bits physical, 48 bits virtual
power management:

processor	: 1
vendor_id	: GenuineIntel
cpu family	: 6
model		: 42
model name	: Intel(R) Core(TM) i3-2370M CPU @ 2.40GHz
stepping	: 7
microcode	: 0x26
cpu MHz		: 2399.906
cache size	: 3072 KB
physical id	: 0
siblings	: 4
core id		: 0
cpu cores	: 2
apicid		: 1
initial apicid	: 1
fpu		: yes
fpu_exception	: yes
cpuid level	: 13
wp		: yes
flags		: fpu vme de pse tsc msr pae mce cx8 apic sep mtrr pge mca cmov pat pse36 clflush dts acpi mmx fxsr sse sse2 ss ht tm pbe syscall nx rdtscp lm constant_tsc arch_perfmon pebs bts nopl xtopology nonstop_tsc aperfmperf eagerfpu pni pclmulqdq dtes64 monitor ds_cpl vmx est tm2 ssse3 cx16 xtpr pdcm pcid sse4_1 sse4_2 x2apic popcnt tsc_deadline_timer xsave avx lahf_lm arat epb pln pts dtherm tpr_shadow vnmi flexpriority ept vpid xsaveopt
bugs		:
bogomips	: 4784.94
clflush size	: 64
cache_alignment	: 64
address sizes	: 36 bits physical, 48 bits virtual
power management:

processor	: 2
vendor_id	: GenuineIntel
cpu family	: 6
model		: 42
model name	: Intel(R) Core(TM) i3-2370M CPU @ 2.40GHz
stepping	: 7
microcode	: 0x26
cpu MHz		: 2399.906
cache size	: 3072 KB
physical id	: 0
siblings	: 4
core id		: 1
cpu cores	: 2
apicid		: 2
initial apicid	: 2
fpu		: yes
fpu_exception	: yes
cpuid level	: 13
wp		: yes
flags		: fpu vme de pse tsc msr pae mce cx8 apic sep mtrr pge mca cmov pat pse36 clflush dts acpi mmx fxsr sse sse2 ss ht tm pbe syscall nx rdtscp lm constant_tsc arch_perfmon pebs bts nopl xtopology nonstop_tsc aperfmperf eagerfpu pni pclmulqdq dtes64 monitor ds_cpl vmx est tm2 ssse3 cx16 xtpr pdcm pcid sse4_1 sse4_2 x2apic popcnt tsc_deadline_timer xsave avx lahf_lm arat epb pln pts dtherm tpr_shadow vnmi flexpriority ept vpid xsaveopt
bugs		:
bogomips	: 4784.94
clflush size	: 64
cache_alignment	: 64
address sizes	: 36 bits physical, 48 bits virtual
power management:

processor	: 3
vendor_id	: GenuineIntel
cpu family	: 6
model		: 42
model name	: Intel(R) Core(TM) i3-2370M CPU @ 2.40GHz
stepping	: 7
microcode	: 0x26
cpu MHz		: 2399.906
cache size	: 3072 KB
physical id	: 0
siblings	: 4
core id		: 1
cpu cores	: 2
apicid		: 3
initial apicid	: 3
fpu		: yes
fpu_exception	: yes
cpuid level	: 13
wp		: yes
flags		: fpu vme de pse tsc msr pae mce cx8 apic sep mtrr pge mca cmov pat pse36 clflush dts acpi mmx fxsr sse sse2 ss ht tm pbe syscall nx rdtscp lm constant_tsc arch_perfmon pebs bts nopl xtopology nonstop_tsc aperfmperf eagerfpu pni pclmulqdq dtes64 monitor ds_cpl vmx est tm2 ssse3 cx16 xtpr pdcm pcid sse4_1 sse4_2 x2apic popcnt tsc_deadline_timer xsave avx lahf_lm arat epb pln pts dtherm tpr_shadow vnmi flexpriority ept vpid xsaveopt
bugs		:
bogomips	: 4784.94
clflush size	: 64
cache_alignment	: 64
address sizes	: 36 bits physical, 48 bits virtual
power management:



Memory: 4k page, physical 3926808k(36076k free), swap 19529724k(18546816k free)

vm_info: Java HotSpot(TM) 64-Bit Server VM (25.121-b13) for linux-amd64 JRE (1.8.0_121-b13), built on Dec 12 2016 16:36:53 by "java_re" with gcc 4.3.0 20080428 (Red Hat 4.3.0-8)

time: Mon May  8 18:05:21 2017
elapsed time: 8 seconds (0d 0h 0m 8s)

