#
# A fatal error has been detected by the Java Runtime Environment:
#
#  SIGSEGV (0xb) at pc=0x00007f6b2db18d2f, pid=7523, tid=0x00007f6b66d7d700
#
# JRE version: Java(TM) SE Runtime Environment (8.0_121-b13) (build 1.8.0_121-b13)
# Java VM: Java HotSpot(TM) 64-Bit Server VM (25.121-b13 mixed mode linux-amd64 compressed oops)
# Problematic frame:
# C  [i965_dri.so+0x3f8d2f]
#
# Failed to write core dump. Core dumps have been disabled. To enable core dumping, try "ulimit -c unlimited" before starting Java again
#
# If you would like to submit a bug report, please visit:
#   http://bugreport.java.com/bugreport/crash.jsp
# The crash happened outside the Java Virtual Machine in native code.
# See problematic frame for where to report the bug.
#

---------------  T H R E A D  ---------------

Current thread (0x00007f6b802b3800):  JavaThread "QuantumRenderer-0" daemon [_thread_in_native, id=7541, stack(0x00007f6b66c7d000,0x00007f6b66d7e000)]

siginfo: si_signo: 11 (SIGSEGV), si_code: 1 (SEGV_MAPERR), si_addr: 0x0000000000000210

Registers:
RAX=0x0000000000000000, RBX=0x00007f6b29cc2fb0, RCX=0x0000000000000001, RDX=0x00007f6b2d7dbe40
RSP=0x00007f6b66d7bdc0, RBP=0x0000000000000000, RSI=0x0000000000000052, RDI=0x0000000000000005
R8 =0x0000000000000000, R9 =0x0000000000000001, R10=0x0000000000000003, R11=0x00007f6b857a2800
R12=0x00007f6b29cc2fb0, R13=0x00007f6b2822d258, R14=0x0000000000000de1, R15=0x0000000000000001
RIP=0x00007f6b2db18d2f, EFLAGS=0x0000000000010246, CSGSFS=0x0000000000000033, ERR=0x0000000000000004
  TRAPNO=0x000000000000000e

Top of Stack: (sp=0x00007f6b66d7bdc0)
0x00007f6b66d7bdc0:   000000000000000d 0000068800000005
0x00007f6b66d7bdd0:   0000000000000000 00007f6b2822d258
0x00007f6b66d7bde0:   0000000000000008 00007f6b2822d258
0x00007f6b66d7bdf0:   0000000000000001 00007f6b28251f34
0x00007f6b66d7be00:   0000000000000001 00007f6b28251f34
0x00007f6b66d7be10:   00007f6b29ce1680 00007f6b2db10225
0x00007f6b66d7be20:   0000000000000000 000002e800000521
0x00007f6b66d7be30:   00007f6b28252888 00007f6b2822d258
0x00007f6b66d7be40:   00007f6b28252600 00007f6b2defc560
0x00007f6b66d7be50:   00007f6b28252888 0000000000000000
0x00007f6b66d7be60:   00007f6b66d7bfe0 00007f6b2db102c1
0x00007f6b66d7be70:   00007f6b2822d258 00007f6b2dae521b
0x00007f6b66d7be80:   0000000000001858 00000000272f0ce7
0x00007f6b66d7be90:   000000000c414008 ffffffffffffffff
0x00007f6b66d7bea0:   0000000000000004 00007f6b2828a670
0x00007f6b66d7beb0:   0000000000000000 00007f6b2822d258
0x00007f6b66d7bec0:   00007f6b66d7bfc0 00007f6b66d7bfe0
0x00007f6b66d7bed0:   0000000000000003 0000000000000000
0x00007f6b66d7bee0:   00007f6b66d7bfe0 00007f6b2da6ecb7
0x00007f6b66d7bef0:   0000000000000000 0000000000000000
0x00007f6b66d7bf00:   0000000000000000 00007f6b29b1ac48
0x00007f6b66d7bf10:   0000000000000000 0000000000000000
0x00007f6b66d7bf20:   00007f6b2defc560 0000000100ba3ae7
0x00007f6b66d7bf30:   00007f6b28250ee0 00007f6b2828a670
0x00007f6b66d7bf40:   00007f6b00000000 000000002d84f311
0x00007f6b66d7bf50:   00007f6b2822d258 00007f6b2822d258
0x00007f6b66d7bf60:   0000000000000006 0000000000000000
0x00007f6b66d7bf70:   00000000ffffffff 00007f6b282873d0
0x00007f6b66d7bf80:   0000000000000004 00007f6b2d8aa1db
0x00007f6b66d7bf90:   0000000000000003 0000000000000000
0x00007f6b66d7bfa0:   0000000000000000 0000000000000000
0x00007f6b66d7bfb0:   00007f6b66d7c020 ffffffff701772bd 

Instructions: (pc=0x00007f6b2db18d2f)
0x00007f6b2db18d0f:   44 0f 45 bb a0 00 00 00 48 85 c0 0f 84 30 02 00
0x00007f6b2db18d1f:   00 48 8b 40 38 44 8b 70 38 48 8b 83 88 00 00 00
0x00007f6b2db18d2f:   83 b8 10 02 00 00 03 0f 84 cc 01 00 00 4c 8d 4c
0x00007f6b2db18d3f:   24 1c 45 31 c0 b9 20 00 00 00 ba 18 00 00 00 be 

Register to memory mapping:

RAX=0x0000000000000000 is an unknown value
RBX=0x00007f6b29cc2fb0 is an unknown value
RCX=0x0000000000000001 is an unknown value
RDX=0x00007f6b2d7dbe40: <offset 0xbbe40> in /usr/lib/x86_64-linux-gnu/dri/i965_dri.so at 0x00007f6b2d720000
RSP=0x00007f6b66d7bdc0 is pointing into the stack for thread: 0x00007f6b802b3800
RBP=0x0000000000000000 is an unknown value
RSI=0x0000000000000052 is an unknown value
RDI=0x0000000000000005 is an unknown value
R8 =0x0000000000000000 is an unknown value
R9 =0x0000000000000001 is an unknown value
R10=0x0000000000000003 is an unknown value
R11=0x00007f6b857a2800: <offset 0x186800> in /lib/x86_64-linux-gnu/libc.so.6 at 0x00007f6b8561c000
R12=0x00007f6b29cc2fb0 is an unknown value
R13=0x00007f6b2822d258 is an unknown value
R14=0x0000000000000de1 is an unknown value
R15=0x0000000000000001 is an unknown value


Stack: [0x00007f6b66c7d000,0x00007f6b66d7e000],  sp=0x00007f6b66d7bdc0,  free space=1019k
Native frames: (J=compiled Java code, j=interpreted, Vv=VM code, C=native code)
C  [i965_dri.so+0x3f8d2f]

Java frames: (J=compiled Java code, j=interpreted, Vv=VM code)
J 2508  com.sun.prism.es2.GLContext.nDrawIndexedQuads(JI[F[B)V (0 bytes) @ 0x00007f6b708dbdec [0x00007f6b708dbd80+0x6c]
J 2506 C1 com.sun.prism.es2.ES2Context.renderQuads([F[BI)V (11 bytes) @ 0x00007f6b708dc29c [0x00007f6b708dc140+0x15c]
J 2215 C1 com.sun.prism.impl.BaseContext.flushVertexBuffer()V (8 bytes) @ 0x00007f6b70829e04 [0x00007f6b70829a60+0x3a4]
j  com.sun.prism.es2.ES2SwapChain.drawTexture(Lcom/sun/prism/es2/ES2Graphics;Lcom/sun/prism/RTTexture;FFFFFFFF)V+68
j  com.sun.prism.es2.ES2SwapChain.prepare(Lcom/sun/javafx/geom/Rectangle;)Z+146
j  com.sun.javafx.tk.quantum.PresentingPainter.run()V+350
j  java.util.concurrent.Executors$RunnableAdapter.call()Ljava/lang/Object;+4
j  java.util.concurrent.FutureTask.runAndReset()Z+47
j  com.sun.javafx.tk.RenderJob.run()V+1
j  java.util.concurrent.ThreadPoolExecutor.runWorker(Ljava/util/concurrent/ThreadPoolExecutor$Worker;)V+95
j  java.util.concurrent.ThreadPoolExecutor$Worker.run()V+5
j  com.sun.javafx.tk.quantum.QuantumRenderer$PipelineRunnable.run()V+8
j  java.lang.Thread.run()V+11
v  ~StubRoutines::call_stub

---------------  P R O C E S S  ---------------

Java Threads: ( => current thread )
  0x00007f6b10174000 JavaThread "Prism Font Disposer" daemon [_thread_blocked, id=7547, stack(0x00007f6b24ec2000,0x00007f6b24fc3000)]
  0x00007f6b8035e800 JavaThread "JavaFX-Launcher" [_thread_blocked, id=7546, stack(0x00007f6b25c7f000,0x00007f6b25d80000)]
  0x00007f6b8035a000 JavaThread "JavaFX Application Thread" [_thread_blocked, id=7545, stack(0x00007f6b25d80000,0x00007f6b25e81000)]
  0x00007f6b80356800 JavaThread "Thread-1" daemon [_thread_blocked, id=7544, stack(0x00007f6b25e81000,0x00007f6b25f82000)]
=>0x00007f6b802b3800 JavaThread "QuantumRenderer-0" daemon [_thread_in_native, id=7541, stack(0x00007f6b66c7d000,0x00007f6b66d7e000)]
  0x00007f6b8018f800 JavaThread "Service Thread" daemon [_thread_blocked, id=7539, stack(0x00007f6b66f14000,0x00007f6b67015000)]
  0x00007f6b80184000 JavaThread "C1 CompilerThread2" daemon [_thread_blocked, id=7538, stack(0x00007f6b67015000,0x00007f6b67116000)]
  0x00007f6b80182800 JavaThread "C2 CompilerThread1" daemon [_thread_blocked, id=7537, stack(0x00007f6b67116000,0x00007f6b67217000)]
  0x00007f6b8017f800 JavaThread "C2 CompilerThread0" daemon [_thread_in_native, id=7536, stack(0x00007f6b67217000,0x00007f6b67318000)]
  0x00007f6b8017e000 JavaThread "Signal Dispatcher" daemon [_thread_blocked, id=7535, stack(0x00007f6b67318000,0x00007f6b67419000)]
  0x00007f6b8014b000 JavaThread "Finalizer" daemon [_thread_blocked, id=7534, stack(0x00007f6b67afb000,0x00007f6b67bfc000)]
  0x00007f6b80146800 JavaThread "Reference Handler" daemon [_thread_blocked, id=7533, stack(0x00007f6b67bfc000,0x00007f6b67cfd000)]
  0x00007f6b8000a000 JavaThread "main" [_thread_blocked, id=7527, stack(0x00007f6b86114000,0x00007f6b86215000)]

Other Threads:
  0x00007f6b8013e800 VMThread [stack: 0x00007f6b67cfd000,0x00007f6b67dfe000] [id=7532]
  0x00007f6b80192000 WatcherThread [stack: 0x00007f6b66e13000,0x00007f6b66f14000] [id=7540]

VM state:not at safepoint (normal execution)

VM Mutex/Monitor currently owned by a thread: None

Heap:
 PSYoungGen      total 17920K, used 10906K [0x00000000ec000000, 0x00000000ee300000, 0x0000000100000000)
  eden space 15360K, 54% used [0x00000000ec000000,0x00000000ec82e910,0x00000000ecf00000)
  from space 2560K, 98% used [0x00000000ecf00000,0x00000000ed178040,0x00000000ed180000)
  to   space 2560K, 0% used [0x00000000ee080000,0x00000000ee080000,0x00000000ee300000)
 ParOldGen       total 40960K, used 9364K [0x00000000c4000000, 0x00000000c6800000, 0x00000000ec000000)
  object space 40960K, 22% used [0x00000000c4000000,0x00000000c4925200,0x00000000c6800000)
 Metaspace       used 19576K, capacity 20834K, committed 21120K, reserved 1067008K
  class space    used 2893K, capacity 3130K, committed 3200K, reserved 1048576K

Card table byte_map: [0x00007f6b6fbce000,0x00007f6b6fdaf000] byte_map_base: 0x00007f6b6f5ae000

Marking Bits: (ParMarkBitMap*) 0x00007f6b855eec80
 Begin Bits: [0x00007f6b6d98b000, 0x00007f6b6e88b000)
 End Bits:   [0x00007f6b6e88b000, 0x00007f6b6f78b000)

Polling page: 0x00007f6b86238000

CodeCache: size=245760Kb used=8970Kb max_used=8978Kb free=236789Kb
 bounds [0x00007f6b7016f000, 0x00007f6b70a3f000, 0x00007f6b7f16f000]
 total_blobs=3503 nmethods=2839 adapters=576
 compilation: enabled

Compilation events (10 events):
Event: 5.790 Thread 0x00007f6b80184000 2833       3       java.lang.invoke.LambdaForm$MH/968794385::linkToTargetMethod (10 bytes)
Event: 5.790 Thread 0x00007f6b80184000 nmethod 2833 0x00007f6b70a2ed90 code [0x00007f6b70a2ef20, 0x00007f6b70a2f3b8]
Event: 5.790 Thread 0x00007f6b80184000 2834       3       java.lang.invoke.LambdaForm$DMH/532043982::invokeStatic_LJ_L (17 bytes)
Event: 5.790 Thread 0x00007f6b80184000 nmethod 2834 0x00007f6b70a33610 code [0x00007f6b70a337a0, 0x00007f6b70a33cf8]
Event: 5.790 Thread 0x00007f6b80184000 2836       1       com.sun.javafx.tk.quantum.SceneState::getScene (5 bytes)
Event: 5.790 Thread 0x00007f6b80184000 nmethod 2836 0x00007f6b70a2ead0 code [0x00007f6b70a2ec20, 0x00007f6b70a2ed30]
Event: 5.791 Thread 0x00007f6b80184000 2837       3       com.sun.javafx.geom.DirtyRegionContainer::addDirtyRegion (172 bytes)
Event: 5.793 Thread 0x00007f6b80184000 nmethod 2837 0x00007f6b70a33e50 code [0x00007f6b70a34080, 0x00007f6b70a34dd8]
Event: 5.794 Thread 0x00007f6b80182800 nmethod 2835 0x00007f6b70a38190 code [0x00007f6b70a38320, 0x00007f6b70a38558]
Event: 5.795 Thread 0x00007f6b80182800 2838       4       com.sun.prism.impl.BaseGraphics::validateTransformAndPaint (71 bytes)

GC Heap History (6 events):
Event: 0.696 GC heap before
{Heap before GC invocations=1 (full 0):
 PSYoungGen      total 17920K, used 15360K [0x00000000ec000000, 0x00000000ed400000, 0x0000000100000000)
  eden space 15360K, 100% used [0x00000000ec000000,0x00000000ecf00000,0x00000000ecf00000)
  from space 2560K, 0% used [0x00000000ed180000,0x00000000ed180000,0x00000000ed400000)
  to   space 2560K, 0% used [0x00000000ecf00000,0x00000000ecf00000,0x00000000ed180000)
 ParOldGen       total 40960K, used 0K [0x00000000c4000000, 0x00000000c6800000, 0x00000000ec000000)
  object space 40960K, 0% used [0x00000000c4000000,0x00000000c4000000,0x00000000c6800000)
 Metaspace       used 9311K, capacity 9660K, committed 9856K, reserved 1058816K
  class space    used 1212K, capacity 1300K, committed 1408K, reserved 1048576K
Event: 0.702 GC heap after
Heap after GC invocations=1 (full 0):
 PSYoungGen      total 17920K, used 2528K [0x00000000ec000000, 0x00000000ed400000, 0x0000000100000000)
  eden space 15360K, 0% used [0x00000000ec000000,0x00000000ec000000,0x00000000ecf00000)
  from space 2560K, 98% used [0x00000000ecf00000,0x00000000ed178310,0x00000000ed180000)
  to   space 2560K, 0% used [0x00000000ed180000,0x00000000ed180000,0x00000000ed400000)
 ParOldGen       total 40960K, used 2905K [0x00000000c4000000, 0x00000000c6800000, 0x00000000ec000000)
  object space 40960K, 7% used [0x00000000c4000000,0x00000000c42d64a0,0x00000000c6800000)
 Metaspace       used 9311K, capacity 9660K, committed 9856K, reserved 1058816K
  class space    used 1212K, capacity 1300K, committed 1408K, reserved 1048576K
}
Event: 1.291 GC heap before
{Heap before GC invocations=2 (full 0):
 PSYoungGen      total 17920K, used 17888K [0x00000000ec000000, 0x00000000ed400000, 0x0000000100000000)
  eden space 15360K, 100% used [0x00000000ec000000,0x00000000ecf00000,0x00000000ecf00000)
  from space 2560K, 98% used [0x00000000ecf00000,0x00000000ed178310,0x00000000ed180000)
  to   space 2560K, 0% used [0x00000000ed180000,0x00000000ed180000,0x00000000ed400000)
 ParOldGen       total 40960K, used 2905K [0x00000000c4000000, 0x00000000c6800000, 0x00000000ec000000)
  object space 40960K, 7% used [0x00000000c4000000,0x00000000c42d64a0,0x00000000c6800000)
 Metaspace       used 15343K, capacity 16068K, committed 16128K, reserved 1062912K
  class space    used 2378K, capacity 2528K, committed 2560K, reserved 1048576K
Event: 1.299 GC heap after
Heap after GC invocations=2 (full 0):
 PSYoungGen      total 17920K, used 2528K [0x00000000ec000000, 0x00000000ee300000, 0x0000000100000000)
  eden space 15360K, 0% used [0x00000000ec000000,0x00000000ec000000,0x00000000ecf00000)
  from space 2560K, 98% used [0x00000000ed180000,0x00000000ed3f8020,0x00000000ed400000)
  to   space 2560K, 0% used [0x00000000ecf00000,0x00000000ecf00000,0x00000000ed180000)
 ParOldGen       total 40960K, used 5305K [0x00000000c4000000, 0x00000000c6800000, 0x00000000ec000000)
  object space 40960K, 12% used [0x00000000c4000000,0x00000000c452e780,0x00000000c6800000)
 Metaspace       used 15343K, capacity 16068K, committed 16128K, reserved 1062912K
  class space    used 2378K, capacity 2528K, committed 2560K, reserved 1048576K
}
Event: 1.997 GC heap before
{Heap before GC invocations=3 (full 0):
 PSYoungGen      total 17920K, used 17888K [0x00000000ec000000, 0x00000000ee300000, 0x0000000100000000)
  eden space 15360K, 100% used [0x00000000ec000000,0x00000000ecf00000,0x00000000ecf00000)
  from space 2560K, 98% used [0x00000000ed180000,0x00000000ed3f8020,0x00000000ed400000)
  to   space 2560K, 0% used [0x00000000ecf00000,0x00000000ecf00000,0x00000000ed180000)
 ParOldGen       total 40960K, used 5305K [0x00000000c4000000, 0x00000000c6800000, 0x00000000ec000000)
  object space 40960K, 12% used [0x00000000c4000000,0x00000000c452e780,0x00000000c6800000)
 Metaspace       used 17816K, capacity 18980K, committed 19072K, reserved 1064960K
  class space    used 2717K, capacity 2903K, committed 2944K, reserved 1048576K
Event: 2.018 GC heap after
Heap after GC invocations=3 (full 0):
 PSYoungGen      total 17920K, used 2528K [0x00000000ec000000, 0x00000000ee300000, 0x0000000100000000)
  eden space 15360K, 0% used [0x00000000ec000000,0x00000000ec000000,0x00000000ecf00000)
  from space 2560K, 98% used [0x00000000ecf00000,0x00000000ed178040,0x00000000ed180000)
  to   space 2560K, 0% used [0x00000000ee080000,0x00000000ee080000,0x00000000ee300000)
 ParOldGen       total 40960K, used 9364K [0x00000000c4000000, 0x00000000c6800000, 0x00000000ec000000)
  object space 40960K, 22% used [0x00000000c4000000,0x00000000c4925200,0x00000000c6800000)
 Metaspace       used 17816K, capacity 18980K, committed 19072K, reserved 1064960K
  class space    used 2717K, capacity 2903K, committed 2944K, reserved 1048576K
}

Deoptimization events (10 events):
Event: 2.178 Thread 0x00007f6b8035a000 Uncommon trap: reason=bimorphic action=maybe_recompile pc=0x00007f6b707531b0 method=javafx.scene.Node.impl_geomChanged()V @ 33
Event: 2.423 Thread 0x00007f6b802b3800 Uncommon trap: reason=unstable_if action=reinterpret pc=0x00007f6b7063df80 method=java.util.WeakHashMap.eq(Ljava/lang/Object;Ljava/lang/Object;)Z @ 2
Event: 2.521 Thread 0x00007f6b802b3800 Uncommon trap: reason=unstable_if action=reinterpret pc=0x00007f6b707dfee4 method=com.sun.javafx.geom.RectBounds.isEmpty()Z @ 21
Event: 2.655 Thread 0x00007f6b8035a000 Uncommon trap: reason=unstable_if action=reinterpret pc=0x00007f6b707e68e0 method=javafx.scene.Node.impl_isDirty(Lcom/sun/javafx/scene/DirtyBits;)Z @ 12
Event: 5.460 Thread 0x00007f6b8035a000 Uncommon trap: reason=unstable_if action=reinterpret pc=0x00007f6b708a3288 method=javafx.scene.CssStyleHelper.transitionToState(Ljavafx/scene/Node;)V @ 778
Event: 5.462 Thread 0x00007f6b8035a000 Uncommon trap: reason=unstable_if action=reinterpret pc=0x00007f6b7096a878 method=javafx.scene.Node.updateBounds()V @ 116
Event: 5.657 Thread 0x00007f6b8035a000 Uncommon trap: reason=class_check action=maybe_recompile pc=0x00007f6b7097b1cc method=javafx.scene.Node.updateLocalToParentTransform()V @ 11
Event: 5.657 Thread 0x00007f6b8035a000 Uncommon trap: reason=class_check action=maybe_recompile pc=0x00007f6b7097b1cc method=javafx.scene.Node.updateLocalToParentTransform()V @ 11
Event: 5.657 Thread 0x00007f6b8035a000 Uncommon trap: reason=class_check action=maybe_recompile pc=0x00007f6b7097b1cc method=javafx.scene.Node.updateLocalToParentTransform()V @ 11
Event: 5.657 Thread 0x00007f6b8035a000 Uncommon trap: reason=class_check action=maybe_recompile pc=0x00007f6b7097b1cc method=javafx.scene.Node.updateLocalToParentTransform()V @ 11

Internal exceptions (10 events):
Event: 0.257 Thread 0x00007f6b8000a000 Exception <a 'java/security/PrivilegedActionException'> (0x00000000ec2722e0) thrown at [/HUDSON3/workspace/8-2-build-linux-amd64/jdk8u121/8372/hotspot/src/share/vm/prims/jvm.cpp, line 1390]
Event: 0.257 Thread 0x00007f6b8000a000 Exception <a 'java/security/PrivilegedActionException'> (0x00000000ec2724f0) thrown at [/HUDSON3/workspace/8-2-build-linux-amd64/jdk8u121/8372/hotspot/src/share/vm/prims/jvm.cpp, line 1390]
Event: 0.258 Thread 0x00007f6b8000a000 Exception <a 'java/security/PrivilegedActionException'> (0x00000000ec274958) thrown at [/HUDSON3/workspace/8-2-build-linux-amd64/jdk8u121/8372/hotspot/src/share/vm/prims/jvm.cpp, line 1390]
Event: 0.258 Thread 0x00007f6b8000a000 Exception <a 'java/security/PrivilegedActionException'> (0x00000000ec274b68) thrown at [/HUDSON3/workspace/8-2-build-linux-amd64/jdk8u121/8372/hotspot/src/share/vm/prims/jvm.cpp, line 1390]
Event: 0.258 Thread 0x00007f6b8000a000 Exception <a 'java/lang/NullPointerException'> (0x00000000ec275140) thrown at [/HUDSON3/workspace/8-2-build-linux-amd64/jdk8u121/8372/hotspot/src/share/vm/interpreter/linkResolver.cpp, line 1178]
Event: 0.687 Thread 0x00007f6b8035a000 Exception <a 'java/lang/NullPointerException'> (0x00000000eced13b8) thrown at [/HUDSON3/workspace/8-2-build-linux-amd64/jdk8u121/8372/hotspot/src/share/vm/interpreter/linkResolver.cpp, line 1178]
Event: 0.687 Thread 0x00007f6b8035a000 Exception <a 'java/lang/NullPointerException'> (0x00000000eced13b8) thrown at [/HUDSON3/workspace/8-2-build-linux-amd64/jdk8u121/8372/hotspot/src/share/vm/prims/jvm.cpp, line 1394]
Event: 1.023 Thread 0x00007f6b8035a000 Implicit null exception at 0x00007f6b7037d776 to 0x00007f6b7037db25
Event: 1.061 Thread 0x00007f6b8035a000 Implicit null exception at 0x00007f6b703e0f75 to 0x00007f6b703e1151
Event: 1.287 Thread 0x00007f6b8035a000 Implicit null exception at 0x00007f6b704d5446 to 0x00007f6b704d54e5

Events (10 events):
Event: 5.698 loading class com/sun/prism/shape/ShapeRep$InvalidationType
Event: 5.698 loading class com/sun/prism/shape/ShapeRep$InvalidationType done
Event: 5.701 loading class com/sun/glass/ui/ClipboardAssistance
Event: 5.701 loading class com/sun/glass/ui/ClipboardAssistance done
Event: 5.702 loading class com/sun/javafx/tk/quantum/GlassViewEventHandler
Event: 5.702 loading class com/sun/javafx/tk/quantum/GlassViewEventHandler done
Event: 5.705 loading class com/sun/glass/ui/ClipboardAssistance
Event: 5.705 loading class com/sun/glass/ui/ClipboardAssistance done
Event: 5.706 loading class com/sun/javafx/tk/quantum/GlassSceneDnDEventHandler
Event: 5.706 loading class com/sun/javafx/tk/quantum/GlassSceneDnDEventHandler done


Dynamic libraries:
00400000-00401000 r-xp 00000000 08:06 6293058                            /home/freddie/jdk1.8.0_121/jre/bin/java
00600000-00601000 rw-p 00000000 08:06 6293058                            /home/freddie/jdk1.8.0_121/jre/bin/java
01f83000-01fa4000 rw-p 00000000 00:00 0                                  [heap]
c4000000-c6800000 rw-p 00000000 00:00 0 
c6800000-ec000000 ---p 00000000 00:00 0 
ec000000-ee300000 rw-p 00000000 00:00 0 
ee300000-100000000 ---p 00000000 00:00 0 
100000000-100320000 rw-p 00000000 00:00 0 
100320000-140000000 ---p 00000000 00:00 0 
7f6b08000000-7f6b08021000 rw-p 00000000 00:00 0 
7f6b08021000-7f6b0c000000 ---p 00000000 00:00 0 
7f6b0ff08000-7f6b0ff18000 rw-s 00000000 00:05 133561                     /drm mm object (deleted)
7f6b10000000-7f6b1043b000 rw-p 00000000 00:00 0 
7f6b1043b000-7f6b14000000 ---p 00000000 00:00 0 
7f6b14000000-7f6b14021000 rw-p 00000000 00:00 0 
7f6b14021000-7f6b18000000 ---p 00000000 00:00 0 
7f6b18000000-7f6b18022000 rw-p 00000000 00:00 0 
7f6b18022000-7f6b1c000000 ---p 00000000 00:00 0 
7f6b1c000000-7f6b1c021000 rw-p 00000000 00:00 0 
7f6b1c021000-7f6b20000000 ---p 00000000 00:00 0 
7f6b20000000-7f6b20021000 rw-p 00000000 00:00 0 
7f6b20021000-7f6b24000000 ---p 00000000 00:00 0 
7f6b24010000-7f6b24014000 rw-s 00000000 00:05 132230                     /drm mm object (deleted)
7f6b24014000-7f6b24030000 rw-s 00000000 00:05 132229                     /drm mm object (deleted)
7f6b24030000-7f6b24034000 rw-s 00000000 00:05 135196                     /drm mm object (deleted)
7f6b24034000-7f6b2405c000 rw-s 00000000 00:05 135195                     /drm mm object (deleted)
7f6b2405c000-7f6b24061000 rw-s 00000000 00:05 135194                     /drm mm object (deleted)
7f6b24061000-7f6b24065000 rw-s 00000000 00:05 135193                     /drm mm object (deleted)
7f6b24065000-7f6b24069000 rw-s 00000000 00:05 135192                     /drm mm object (deleted)
7f6b24069000-7f6b24091000 rw-s 00000000 00:05 135191                     /drm mm object (deleted)
7f6b240b0000-7f6b240b1000 rw-p 00000000 00:00 0 
7f6b240b1000-7f6b240c1000 rw-s 00000000 00:05 134183                     /drm mm object (deleted)
7f6b240c1000-7f6b240c9000 rw-s 00000000 00:05 134182                     /drm mm object (deleted)
7f6b240c9000-7f6b240d1000 rw-s 00000000 00:05 134181                     /drm mm object (deleted)
7f6b240d1000-7f6b240d9000 rw-s 00000000 00:05 135184                     /drm mm object (deleted)
7f6b240d9000-7f6b24259000 rw-s 00000000 00:05 135183                     /drm mm object (deleted)
7f6b24259000-7f6b243d9000 rw-s 102243000 00:06 446                       /dev/dri/card0
7f6b243d9000-7f6b243e9000 rw-s 00000000 00:05 134180                     /drm mm object (deleted)
7f6b243e9000-7f6b24569000 rw-s 00000000 00:05 135177                     /drm mm object (deleted)
7f6b24569000-7f6b24579000 rw-s 00000000 00:05 132254                     /drm mm object (deleted)
7f6b24579000-7f6b24581000 rw-s 00000000 00:05 132253                     /drm mm object (deleted)
7f6b24581000-7f6b24589000 rw-s 00000000 00:05 132252                     /drm mm object (deleted)
7f6b24589000-7f6b245e9000 rw-s 00000000 00:05 135173                     /drm mm object (deleted)
7f6b245e9000-7f6b245f5000 rw-s 00000000 00:05 135172                     /drm mm object (deleted)
7f6b245f5000-7f6b24605000 rw-s 00000000 00:05 132251                     /drm mm object (deleted)
7f6b24605000-7f6b24785000 rw-p 00000000 00:00 0 
7f6b24785000-7f6b24805000 ---p 00000000 00:00 0 
7f6b24805000-7f6b248af000 r--p 00000000 08:05 1442495                    /usr/share/fonts/truetype/dejavu/DejaVuSans-Bold.ttf
7f6b248af000-7f6b248c2000 r--s 00345000 08:06 6292787                    /home/freddie/jdk1.8.0_121/jre/lib/resources.jar
7f6b248c2000-7f6b24ac2000 rw-p 00000000 00:00 0 
7f6b24ac2000-7f6b24cc2000 rw-p 00000000 00:00 0 
7f6b24cc2000-7f6b24ec2000 rw-p 00000000 00:00 0 
7f6b24ec2000-7f6b24ec5000 ---p 00000000 00:00 0 
7f6b24ec5000-7f6b24fc3000 rw-p 00000000 00:00 0                          [stack:7547]
7f6b24fc3000-7f6b25079000 r--p 00000000 08:05 1442496                    /usr/share/fonts/truetype/dejavu/DejaVuSans.ttf
7f6b25079000-7f6b25124000 r--p 00000000 08:06 6292701                    /home/freddie/jdk1.8.0_121/jre/lib/fonts/LucidaSansRegular.ttf
7f6b25124000-7f6b25172000 r--p 00000000 08:06 6292686                    /home/freddie/jdk1.8.0_121/jre/lib/fonts/LucidaSansDemiBold.ttf
7f6b25172000-7f6b251ae000 r--p 00000000 08:06 6292646                    /home/freddie/jdk1.8.0_121/jre/lib/fonts/LucidaTypewriterRegular.ttf
7f6b251ae000-7f6b25203000 r--p 00000000 08:06 6292669                    /home/freddie/jdk1.8.0_121/jre/lib/fonts/LucidaBrightRegular.ttf
7f6b25203000-7f6b2523d000 r--p 00000000 08:06 6292661                    /home/freddie/jdk1.8.0_121/jre/lib/fonts/LucidaTypewriterBold.ttf
7f6b2523d000-7f6b25241000 r-xp 00000000 08:06 6292668                    /home/freddie/jdk1.8.0_121/jre/lib/amd64/libjavafx_font_pango.so
7f6b25241000-7f6b25440000 ---p 00004000 08:06 6292668                    /home/freddie/jdk1.8.0_121/jre/lib/amd64/libjavafx_font_pango.so
7f6b25440000-7f6b25441000 rw-p 00003000 08:06 6292668                    /home/freddie/jdk1.8.0_121/jre/lib/amd64/libjavafx_font_pango.so
7f6b25441000-7f6b25446000 r-xp 00000000 08:06 6292650                    /home/freddie/jdk1.8.0_121/jre/lib/amd64/libjavafx_font_freetype.so
7f6b25446000-7f6b25645000 ---p 00005000 08:06 6292650                    /home/freddie/jdk1.8.0_121/jre/lib/amd64/libjavafx_font_freetype.so
7f6b25645000-7f6b25646000 rw-p 00004000 08:06 6292650                    /home/freddie/jdk1.8.0_121/jre/lib/amd64/libjavafx_font_freetype.so
7f6b25646000-7f6b25649000 r-xp 00000000 08:06 6292758                    /home/freddie/jdk1.8.0_121/jre/lib/amd64/libjavafx_font.so
7f6b25649000-7f6b25848000 ---p 00003000 08:06 6292758                    /home/freddie/jdk1.8.0_121/jre/lib/amd64/libjavafx_font.so
7f6b25848000-7f6b25849000 rw-p 00002000 08:06 6292758                    /home/freddie/jdk1.8.0_121/jre/lib/amd64/libjavafx_font.so
7f6b25849000-7f6b25a49000 rw-p 00000000 00:00 0 
7f6b25a49000-7f6b25a7f000 r-xp 00000000 08:06 6292776                    /home/freddie/jdk1.8.0_121/jre/lib/amd64/libjavafx_iio.so
7f6b25a7f000-7f6b25c7e000 ---p 00036000 08:06 6292776                    /home/freddie/jdk1.8.0_121/jre/lib/amd64/libjavafx_iio.so
7f6b25c7e000-7f6b25c7f000 rw-p 00035000 08:06 6292776                    /home/freddie/jdk1.8.0_121/jre/lib/amd64/libjavafx_iio.so
7f6b25c7f000-7f6b25c82000 ---p 00000000 00:00 0 
7f6b25c82000-7f6b25d80000 rw-p 00000000 00:00 0                          [stack:7546]
7f6b25d80000-7f6b25d83000 ---p 00000000 00:00 0 
7f6b25d83000-7f6b25e81000 rw-p 00000000 00:00 0                          [stack:7545]
7f6b25e81000-7f6b25e84000 ---p 00000000 00:00 0 
7f6b25e84000-7f6b25f82000 rw-p 00000000 00:00 0                          [stack:7544]
7f6b25f82000-7f6b25f83000 ---p 00000000 00:00 0 
7f6b25f83000-7f6b26783000 rw-p 00000000 00:00 0                          [stack:7543]
7f6b26783000-7f6b26784000 ---p 00000000 00:00 0 
7f6b26784000-7f6b26f84000 rw-p 00000000 00:00 0                          [stack:7542]
7f6b26f84000-7f6b26f8f000 r-xp 00000000 08:05 787413                     /usr/lib/x86_64-linux-gnu/gio/modules/libdconfsettings.so
7f6b26f8f000-7f6b2718f000 ---p 0000b000 08:05 787413                     /usr/lib/x86_64-linux-gnu/gio/modules/libdconfsettings.so
7f6b2718f000-7f6b27190000 r--p 0000b000 08:05 787413                     /usr/lib/x86_64-linux-gnu/gio/modules/libdconfsettings.so
7f6b27190000-7f6b27191000 rw-p 0000c000 08:05 787413                     /usr/lib/x86_64-linux-gnu/gio/modules/libdconfsettings.so
7f6b27191000-7f6b27198000 r-xp 00000000 08:05 401995                     /usr/lib/x86_64-linux-gnu/libogg.so.0.8.1
7f6b27198000-7f6b27398000 ---p 00007000 08:05 401995                     /usr/lib/x86_64-linux-gnu/libogg.so.0.8.1
7f6b27398000-7f6b27399000 r--p 00007000 08:05 401995                     /usr/lib/x86_64-linux-gnu/libogg.so.0.8.1
7f6b27399000-7f6b2739a000 rw-p 00008000 08:05 401995                     /usr/lib/x86_64-linux-gnu/libogg.so.0.8.1
7f6b2739a000-7f6b273c6000 r-xp 00000000 08:05 402267                     /usr/lib/x86_64-linux-gnu/libvorbis.so.0.4.5
7f6b273c6000-7f6b275c5000 ---p 0002c000 08:05 402267                     /usr/lib/x86_64-linux-gnu/libvorbis.so.0.4.5
7f6b275c5000-7f6b275c6000 r--p 0002b000 08:05 402267                     /usr/lib/x86_64-linux-gnu/libvorbis.so.0.4.5
7f6b275c6000-7f6b275c7000 rw-p 0002c000 08:05 402267                     /usr/lib/x86_64-linux-gnu/libvorbis.so.0.4.5
7f6b275c7000-7f6b275d0000 r-xp 00000000 08:05 401901                     /usr/lib/x86_64-linux-gnu/libltdl.so.7.3.0
7f6b275d0000-7f6b277cf000 ---p 00009000 08:05 401901                     /usr/lib/x86_64-linux-gnu/libltdl.so.7.3.0
7f6b277cf000-7f6b277d0000 r--p 00008000 08:05 401901                     /usr/lib/x86_64-linux-gnu/libltdl.so.7.3.0
7f6b277d0000-7f6b277d1000 rw-p 00009000 08:05 401901                     /usr/lib/x86_64-linux-gnu/libltdl.so.7.3.0
7f6b277d1000-7f6b277e2000 r-xp 00000000 08:05 402190                     /usr/lib/x86_64-linux-gnu/libtdb.so.1.2.12
7f6b277e2000-7f6b279e1000 ---p 00011000 08:05 402190                     /usr/lib/x86_64-linux-gnu/libtdb.so.1.2.12
7f6b279e1000-7f6b279e2000 r--p 00010000 08:05 402190                     /usr/lib/x86_64-linux-gnu/libtdb.so.1.2.12
7f6b279e2000-7f6b279e3000 rw-p 00011000 08:05 402190                     /usr/lib/x86_64-linux-gnu/libtdb.so.1.2.12
7f6b279e3000-7f6b279ea000 r-xp 00000000 08:05 402271                     /usr/lib/x86_64-linux-gnu/libvorbisfile.so.3.3.4
7f6b279ea000-7f6b27be9000 ---p 00007000 08:05 402271                     /usr/lib/x86_64-linux-gnu/libvorbisfile.so.3.3.4
7f6b27be9000-7f6b27bea000 r--p 00006000 08:05 402271                     /usr/lib/x86_64-linux-gnu/libvorbisfile.so.3.3.4
7f6b27bea000-7f6b27beb000 rw-p 00007000 08:05 402271                     /usr/lib/x86_64-linux-gnu/libvorbisfile.so.3.3.4
7f6b27beb000-7f6b27bfa000 r-xp 00000000 08:05 401413                     /usr/lib/x86_64-linux-gnu/libcanberra.so.0.2.5
7f6b27bfa000-7f6b27df9000 ---p 0000f000 08:05 401413                     /usr/lib/x86_64-linux-gnu/libcanberra.so.0.2.5
7f6b27df9000-7f6b27dfa000 r--p 0000e000 08:05 401413                     /usr/lib/x86_64-linux-gnu/libcanberra.so.0.2.5
7f6b27dfa000-7f6b27dfb000 rw-p 0000f000 08:05 401413                     /usr/lib/x86_64-linux-gnu/libcanberra.so.0.2.5
7f6b27dfb000-7f6b27dff000 r-xp 00000000 08:05 401409                     /usr/lib/x86_64-linux-gnu/libcanberra-gtk.so.0.1.9
7f6b27dff000-7f6b27ffe000 ---p 00004000 08:05 401409                     /usr/lib/x86_64-linux-gnu/libcanberra-gtk.so.0.1.9
7f6b27ffe000-7f6b27fff000 r--p 00003000 08:05 401409                     /usr/lib/x86_64-linux-gnu/libcanberra-gtk.so.0.1.9
7f6b27fff000-7f6b28000000 rw-p 00004000 08:05 401409                     /usr/lib/x86_64-linux-gnu/libcanberra-gtk.so.0.1.9
7f6b28000000-7f6b29d26000 rw-p 00000000 00:00 0 
7f6b29d26000-7f6b2c000000 ---p 00000000 00:00 0 
7f6b2c000000-7f6b2c001000 rw-s 102240000 00:06 446                       /dev/dri/card0
7f6b2c001000-7f6b2c00d000 rw-s 00000000 00:05 132065                     /drm mm object (deleted)
7f6b2c00d000-7f6b2c021000 r--p 00000000 08:06 6292684                    /home/freddie/jdk1.8.0_121/jre/lib/fonts/LucidaBrightItalic.ttf
7f6b2c021000-7f6b2c026000 r-xp 00000000 08:05 787668                     /usr/lib/x86_64-linux-gnu/gtk-2.0/modules/libcanberra-gtk-module.so
7f6b2c026000-7f6b2c225000 ---p 00005000 08:05 787668                     /usr/lib/x86_64-linux-gnu/gtk-2.0/modules/libcanberra-gtk-module.so
7f6b2c225000-7f6b2c226000 r--p 00004000 08:05 787668                     /usr/lib/x86_64-linux-gnu/gtk-2.0/modules/libcanberra-gtk-module.so
7f6b2c226000-7f6b2c227000 rw-p 00005000 08:05 787668                     /usr/lib/x86_64-linux-gnu/gtk-2.0/modules/libcanberra-gtk-module.so
7f6b2c227000-7f6b2c256000 r-xp 00000000 08:05 787650                     /usr/lib/x86_64-linux-gnu/gtk-2.0/2.10.0/engines/libmurrine.so
7f6b2c256000-7f6b2c456000 ---p 0002f000 08:05 787650                     /usr/lib/x86_64-linux-gnu/gtk-2.0/2.10.0/engines/libmurrine.so
7f6b2c456000-7f6b2c457000 r--p 0002f000 08:05 787650                     /usr/lib/x86_64-linux-gnu/gtk-2.0/2.10.0/engines/libmurrine.so
7f6b2c457000-7f6b2c458000 rw-p 00030000 08:05 787650                     /usr/lib/x86_64-linux-gnu/gtk-2.0/2.10.0/engines/libmurrine.so
7f6b2c458000-7f6b2c468000 r-xp 00000000 08:05 402237                     /usr/lib/x86_64-linux-gnu/libunity-gtk2-parser.so.0.0.0
7f6b2c468000-7f6b2c667000 ---p 00010000 08:05 402237                     /usr/lib/x86_64-linux-gnu/libunity-gtk2-parser.so.0.0.0
7f6b2c667000-7f6b2c668000 r--p 0000f000 08:05 402237                     /usr/lib/x86_64-linux-gnu/libunity-gtk2-parser.so.0.0.0
7f6b2c668000-7f6b2c669000 rw-p 00010000 08:05 402237                     /usr/lib/x86_64-linux-gnu/libunity-gtk2-parser.so.0.0.0
7f6b2c669000-7f6b2c66e000 r-xp 00000000 08:05 787672                     /usr/lib/x86_64-linux-gnu/gtk-2.0/modules/libunity-gtk-module.so
7f6b2c66e000-7f6b2c86d000 ---p 00005000 08:05 787672                     /usr/lib/x86_64-linux-gnu/gtk-2.0/modules/libunity-gtk-module.so
7f6b2c86d000-7f6b2c86e000 r--p 00004000 08:05 787672                     /usr/lib/x86_64-linux-gnu/gtk-2.0/modules/libunity-gtk-module.so
7f6b2c86e000-7f6b2c86f000 rw-p 00005000 08:05 787672                     /usr/lib/x86_64-linux-gnu/gtk-2.0/modules/libunity-gtk-module.so
7f6b2c86f000-7f6b2c880000 r-xp 00000000 08:05 787671                     /usr/lib/x86_64-linux-gnu/gtk-2.0/modules/liboverlay-scrollbar.so
7f6b2c880000-7f6b2ca7f000 ---p 00011000 08:05 787671                     /usr/lib/x86_64-linux-gnu/gtk-2.0/modules/liboverlay-scrollbar.so
7f6b2ca7f000-7f6b2ca80000 r--p 00010000 08:05 787671                     /usr/lib/x86_64-linux-gnu/gtk-2.0/modules/liboverlay-scrollbar.so
7f6b2ca80000-7f6b2ca81000 rw-p 00011000 08:05 787671                     /usr/lib/x86_64-linux-gnu/gtk-2.0/modules/liboverlay-scrollbar.so
7f6b2ca81000-7f6b2caaa000 r-xp 00000000 08:06 6292870                    /home/freddie/jdk1.8.0_121/jre/lib/amd64/libglass.so
7f6b2caaa000-7f6b2cca9000 ---p 00029000 08:06 6292870                    /home/freddie/jdk1.8.0_121/jre/lib/amd64/libglass.so
7f6b2cca9000-7f6b2ccac000 rw-p 00028000 08:06 6292870                    /home/freddie/jdk1.8.0_121/jre/lib/amd64/libglass.so
7f6b2ccac000-7f6b2cce3000 r-xp 00000000 08:05 402222                     /usr/lib/x86_64-linux-gnu/libtxc_dxtn_s2tc.so.0.0.0
7f6b2cce3000-7f6b2cee2000 ---p 00037000 08:05 402222                     /usr/lib/x86_64-linux-gnu/libtxc_dxtn_s2tc.so.0.0.0
7f6b2cee2000-7f6b2cee3000 r--p 00036000 08:05 402222                     /usr/lib/x86_64-linux-gnu/libtxc_dxtn_s2tc.so.0.0.0
7f6b2cee3000-7f6b2cee4000 rw-p 00037000 08:05 402222                     /usr/lib/x86_64-linux-gnu/libtxc_dxtn_s2tc.so.0.0.0
7f6b2cee4000-7f6b2ceec000 r-xp 00000000 08:05 402027                     /usr/lib/x86_64-linux-gnu/libpciaccess.so.0.11.1
7f6b2ceec000-7f6b2d0eb000 ---p 00008000 08:05 402027                     /usr/lib/x86_64-linux-gnu/libpciaccess.so.0.11.1
7f6b2d0eb000-7f6b2d0ec000 r--p 00007000 08:05 402027                     /usr/lib/x86_64-linux-gnu/libpciaccess.so.0.11.1
7f6b2d0ec000-7f6b2d0ed000 rw-p 00008000 08:05 402027                     /usr/lib/x86_64-linux-gnu/libpciaccess.so.0.11.1
7f6b2d0ed000-7f6b2d0f8000 r-xp 00000000 08:05 401524                     /usr/lib/x86_64-linux-gnu/libdrm_radeon.so.1.0.1
7f6b2d0f8000-7f6b2d2f7000 ---p 0000b000 08:05 401524                     /usr/lib/x86_64-linux-gnu/libdrm_radeon.so.1.0.1
7f6b2d2f7000-7f6b2d2f8000 r--p 0000a000 08:05 401524                     /usr/lib/x86_64-linux-gnu/libdrm_radeon.so.1.0.1
7f6b2d2f8000-7f6b2d2f9000 rw-p 0000b000 08:05 401524                     /usr/lib/x86_64-linux-gnu/libdrm_radeon.so.1.0.1
7f6b2d2f9000-7f6b2d2ff000 r-xp 00000000 08:05 401522                     /usr/lib/x86_64-linux-gnu/libdrm_nouveau.so.2.0.0
7f6b2d2ff000-7f6b2d4fe000 ---p 00006000 08:05 401522                     /usr/lib/x86_64-linux-gnu/libdrm_nouveau.so.2.0.0
7f6b2d4fe000-7f6b2d4ff000 r--p 00005000 08:05 401522                     /usr/lib/x86_64-linux-gnu/libdrm_nouveau.so.2.0.0
7f6b2d4ff000-7f6b2d500000 rw-p 00006000 08:05 401522                     /usr/lib/x86_64-linux-gnu/libdrm_nouveau.so.2.0.0
7f6b2d500000-7f6b2d51f000 r-xp 00000000 08:05 401520                     /usr/lib/x86_64-linux-gnu/libdrm_intel.so.1.0.0
7f6b2d51f000-7f6b2d71e000 ---p 0001f000 08:05 401520                     /usr/lib/x86_64-linux-gnu/libdrm_intel.so.1.0.0
7f6b2d71e000-7f6b2d71f000 r--p 0001e000 08:05 401520                     /usr/lib/x86_64-linux-gnu/libdrm_intel.so.1.0.0
7f6b2d71f000-7f6b2d720000 rw-p 0001f000 08:05 401520                     /usr/lib/x86_64-linux-gnu/libdrm_intel.so.1.0.0
7f6b2d720000-7f6b2dcc4000 r-xp 00000000 08:05 786753                     /usr/lib/x86_64-linux-gnu/dri/i965_dri.so
7f6b2dcc4000-7f6b2dec4000 ---p 005a4000 08:05 786753                     /usr/lib/x86_64-linux-gnu/dri/i965_dri.so
7f6b2dec4000-7f6b2def1000 r--p 005a4000 08:05 786753                     /usr/lib/x86_64-linux-gnu/dri/i965_dri.so
7f6b2def1000-7f6b2def8000 rw-p 005d1000 08:05 786753                     /usr/lib/x86_64-linux-gnu/dri/i965_dri.so
7f6b2def8000-7f6b2deff000 rw-p 00000000 00:00 0 
7f6b2deff000-7f6b2df43000 r-xp 00000000 08:05 8130796                    /lib/x86_64-linux-gnu/libdbus-1.so.3.7.6
7f6b2df43000-7f6b2e142000 ---p 00044000 08:05 8130796                    /lib/x86_64-linux-gnu/libdbus-1.so.3.7.6
7f6b2e142000-7f6b2e143000 r--p 00043000 08:05 8130796                    /lib/x86_64-linux-gnu/libdbus-1.so.3.7.6
7f6b2e143000-7f6b2e144000 rw-p 00044000 08:05 8130796                    /lib/x86_64-linux-gnu/libdbus-1.so.3.7.6
7f6b2e144000-7f6b2e14c000 r-xp 00000000 08:05 8130844                    /lib/x86_64-linux-gnu/libnih-dbus.so.1.0.0
7f6b2e14c000-7f6b2e34c000 ---p 00008000 08:05 8130844                    /lib/x86_64-linux-gnu/libnih-dbus.so.1.0.0
7f6b2e34c000-7f6b2e34d000 r--p 00008000 08:05 8130844                    /lib/x86_64-linux-gnu/libnih-dbus.so.1.0.0
7f6b2e34d000-7f6b2e34e000 rw-p 00009000 08:05 8130844                    /lib/x86_64-linux-gnu/libnih-dbus.so.1.0.0
7f6b2e34e000-7f6b2e365000 r-xp 00000000 08:05 8130846                    /lib/x86_64-linux-gnu/libnih.so.1.0.0
7f6b2e365000-7f6b2e564000 ---p 00017000 08:05 8130846                    /lib/x86_64-linux-gnu/libnih.so.1.0.0
7f6b2e564000-7f6b2e565000 r--p 00016000 08:05 8130846                    /lib/x86_64-linux-gnu/libnih.so.1.0.0
7f6b2e565000-7f6b2e566000 rw-p 00017000 08:05 8130846                    /lib/x86_64-linux-gnu/libnih.so.1.0.0
7f6b2e566000-7f6b2e57f000 r-xp 00000000 08:05 8130787                    /lib/x86_64-linux-gnu/libcgmanager.so.0.0.0
7f6b2e57f000-7f6b2e77e000 ---p 00019000 08:05 8130787                    /lib/x86_64-linux-gnu/libcgmanager.so.0.0.0
7f6b2e77e000-7f6b2e780000 r--p 00018000 08:05 8130787                    /lib/x86_64-linux-gnu/libcgmanager.so.0.0.0
7f6b2e780000-7f6b2e781000 rw-p 0001a000 08:05 8130787                    /lib/x86_64-linux-gnu/libcgmanager.so.0.0.0
7f6b2e781000-7f6b2e791000 r-xp 00000000 08:05 8130930                    /lib/x86_64-linux-gnu/libudev.so.1.3.5
7f6b2e791000-7f6b2e990000 ---p 00010000 08:05 8130930                    /lib/x86_64-linux-gnu/libudev.so.1.3.5
7f6b2e990000-7f6b2e991000 r--p 0000f000 08:05 8130930                    /lib/x86_64-linux-gnu/libudev.so.1.3.5
7f6b2e991000-7f6b2e992000 rw-p 00010000 08:05 8130930                    /lib/x86_64-linux-gnu/libudev.so.1.3.5
7f6b2e992000-7f6b2e998000 r-xp 00000000 08:05 401477                     /usr/lib/x86_64-linux-gnu/libdatrie.so.1.3.1
7f6b2e998000-7f6b2eb97000 ---p 00006000 08:05 401477                     /usr/lib/x86_64-linux-gnu/libdatrie.so.1.3.1
7f6b2eb97000-7f6b2eb98000 r--p 00005000 08:05 401477                     /usr/lib/x86_64-linux-gnu/libdatrie.so.1.3.1
7f6b2eb98000-7f6b2eb99000 rw-p 00006000 08:05 401477                     /usr/lib/x86_64-linux-gnu/libdatrie.so.1.3.1
7f6b2eb99000-7f6b2eb9e000 r-xp 00000000 08:05 401283                     /usr/lib/x86_64-linux-gnu/libXdmcp.so.6.0.0
7f6b2eb9e000-7f6b2ed9d000 ---p 00005000 08:05 401283                     /usr/lib/x86_64-linux-gnu/libXdmcp.so.6.0.0
7f6b2ed9d000-7f6b2ed9e000 r--p 00004000 08:05 401283                     /usr/lib/x86_64-linux-gnu/libXdmcp.so.6.0.0
7f6b2ed9e000-7f6b2ed9f000 rw-p 00005000 08:05 401283                     /usr/lib/x86_64-linux-gnu/libXdmcp.so.6.0.0
7f6b2ed9f000-7f6b2eda1000 r-xp 00000000 08:05 401272                     /usr/lib/x86_64-linux-gnu/libXau.so.6.0.0
7f6b2eda1000-7f6b2efa1000 ---p 00002000 08:05 401272                     /usr/lib/x86_64-linux-gnu/libXau.so.6.0.0
7f6b2efa1000-7f6b2efa2000 r--p 00002000 08:05 401272                     /usr/lib/x86_64-linux-gnu/libXau.so.6.0.0
7f6b2efa2000-7f6b2efa3000 rw-p 00003000 08:05 401272                     /usr/lib/x86_64-linux-gnu/libXau.so.6.0.0
7f6b2efa3000-7f6b2efc7000 r-xp 00000000 08:05 393722                     /usr/lib/x86_64-linux-gnu/libgraphite2.so.3.0.1
7f6b2efc7000-7f6b2f1c6000 ---p 00024000 08:05 393722                     /usr/lib/x86_64-linux-gnu/libgraphite2.so.3.0.1
7f6b2f1c6000-7f6b2f1c8000 r--p 00023000 08:05 393722                     /usr/lib/x86_64-linux-gnu/libgraphite2.so.3.0.1
7f6b2f1c8000-7f6b2f1c9000 rw-p 00025000 08:05 393722                     /usr/lib/x86_64-linux-gnu/libgraphite2.so.3.0.1
7f6b2f1c9000-7f6b2f1d5000 r-xp 00000000 08:05 401516                     /usr/lib/x86_64-linux-gnu/libdrm.so.2.4.0
7f6b2f1d5000-7f6b2f3d4000 ---p 0000c000 08:05 401516                     /usr/lib/x86_64-linux-gnu/libdrm.so.2.4.0
7f6b2f3d4000-7f6b2f3d5000 r--p 0000b000 08:05 401516                     /usr/lib/x86_64-linux-gnu/libdrm.so.2.4.0
7f6b2f3d5000-7f6b2f3d6000 rw-p 0000c000 08:05 401516                     /usr/lib/x86_64-linux-gnu/libdrm.so.2.4.0
7f6b2f3d6000-7f6b2f3d7000 r-xp 00000000 08:05 402350                     /usr/lib/x86_64-linux-gnu/libxshmfence.so.1.0.0
7f6b2f3d7000-7f6b2f5d6000 ---p 00001000 08:05 402350                     /usr/lib/x86_64-linux-gnu/libxshmfence.so.1.0.0
7f6b2f5d6000-7f6b2f5d7000 r--p 00000000 08:05 402350                     /usr/lib/x86_64-linux-gnu/libxshmfence.so.1.0.0
7f6b2f5d7000-7f6b2f5d8000 rw-p 00001000 08:05 402350                     /usr/lib/x86_64-linux-gnu/libxshmfence.so.1.0.0
7f6b2f5d8000-7f6b2f5dd000 r-xp 00000000 08:05 402332                     /usr/lib/x86_64-linux-gnu/libxcb-sync.so.1.0.0
7f6b2f5dd000-7f6b2f7dc000 ---p 00005000 08:05 402332                     /usr/lib/x86_64-linux-gnu/libxcb-sync.so.1.0.0
7f6b2f7dc000-7f6b2f7dd000 r--p 00004000 08:05 402332                     /usr/lib/x86_64-linux-gnu/libxcb-sync.so.1.0.0
7f6b2f7dd000-7f6b2f7de000 rw-p 00005000 08:05 402332                     /usr/lib/x86_64-linux-gnu/libxcb-sync.so.1.0.0
7f6b2f7de000-7f6b2f7e0000 r-xp 00000000 08:05 402320                     /usr/lib/x86_64-linux-gnu/libxcb-present.so.0.0.0
7f6b2f7e0000-7f6b2f9df000 ---p 00002000 08:05 402320                     /usr/lib/x86_64-linux-gnu/libxcb-present.so.0.0.0
7f6b2f9df000-7f6b2f9e0000 r--p 00001000 08:05 402320                     /usr/lib/x86_64-linux-gnu/libxcb-present.so.0.0.0
7f6b2f9e0000-7f6b2f9e1000 rw-p 00002000 08:05 402320                     /usr/lib/x86_64-linux-gnu/libxcb-present.so.0.0.0
7f6b2f9e1000-7f6b2f9e3000 r-xp 00000000 08:05 402310                     /usr/lib/x86_64-linux-gnu/libxcb-dri3.so.0.0.0
7f6b2f9e3000-7f6b2fbe2000 ---p 00002000 08:05 402310                     /usr/lib/x86_64-linux-gnu/libxcb-dri3.so.0.0.0
7f6b2fbe2000-7f6b2fbe3000 r--p 00001000 08:05 402310                     /usr/lib/x86_64-linux-gnu/libxcb-dri3.so.0.0.0
7f6b2fbe3000-7f6b2fbe4000 rw-p 00002000 08:05 402310                     /usr/lib/x86_64-linux-gnu/libxcb-dri3.so.0.0.0
7f6b2fbe4000-7f6b2fbe7000 r-xp 00000000 08:05 402308                     /usr/lib/x86_64-linux-gnu/libxcb-dri2.so.0.0.0
7f6b2fbe7000-7f6b2fde7000 ---p 00003000 08:05 402308                     /usr/lib/x86_64-linux-gnu/libxcb-dri2.so.0.0.0
7f6b2fde7000-7f6b2fde8000 r--p 00003000 08:05 402308                     /usr/lib/x86_64-linux-gnu/libxcb-dri2.so.0.0.0
7f6b2fde8000-7f6b2fde9000 rw-p 00004000 08:05 402308                     /usr/lib/x86_64-linux-gnu/libxcb-dri2.so.0.0.0
7f6b2fde9000-7f6b2fdfe000 r-xp 00000000 08:05 402312                     /usr/lib/x86_64-linux-gnu/libxcb-glx.so.0.0.0
7f6b2fdfe000-7f6b2fffd000 ---p 00015000 08:05 402312                     /usr/lib/x86_64-linux-gnu/libxcb-glx.so.0.0.0
7f6b2fffd000-7f6b2ffff000 r--p 00014000 08:05 402312                     /usr/lib/x86_64-linux-gnu/libxcb-glx.so.0.0.0
7f6b2ffff000-7f6b30000000 rw-p 00016000 08:05 402312                     /usr/lib/x86_64-linux-gnu/libxcb-glx.so.0.0.0
7f6b30000000-7f6b30021000 rw-p 00000000 00:00 0 
7f6b30021000-7f6b34000000 ---p 00000000 00:00 0 
7f6b34000000-7f6b34021000 rw-p 00000000 00:00 0 
7f6b34021000-7f6b38000000 ---p 00000000 00:00 0 
7f6b38000000-7f6b38497000 rw-p 00000000 00:00 0 
7f6b38497000-7f6b3c000000 ---p 00000000 00:00 0 
7f6b3c000000-7f6b3caab000 rw-p 00000000 00:00 0 
7f6b3caab000-7f6b40000000 ---p 00000000 00:00 0 
7f6b40000000-7f6b40021000 rw-p 00000000 00:00 0 
7f6b40021000-7f6b44000000 ---p 00000000 00:00 0 
7f6b44000000-7f6b44f91000 rw-p 00000000 00:00 0 
7f6b44f91000-7f6b48000000 ---p 00000000 00:00 0 
7f6b48000000-7f6b48021000 rw-p 00000000 00:00 0 
7f6b48021000-7f6b4c000000 ---p 00000000 00:00 0 
7f6b4c000000-7f6b4c021000 rw-p 00000000 00:00 0 
7f6b4c021000-7f6b50000000 ---p 00000000 00:00 0 
7f6b50000000-7f6b50021000 rw-p 00000000 00:00 0 
7f6b50021000-7f6b54000000 ---p 00000000 00:00 0 
7f6b54000000-7f6b54021000 rw-p 00000000 00:00 0 
7f6b54021000-7f6b58000000 ---p 00000000 00:00 0 
7f6b58000000-7f6b58021000 rw-p 00000000 00:00 0 
7f6b58021000-7f6b5c000000 ---p 00000000 00:00 0 
7f6b5c000000-7f6b5c004000 rw-s 1023c3000 00:06 446                       /dev/dri/card0
7f6b5c004000-7f6b5c006000 rw-s 102241000 00:06 446                       /dev/dri/card0
7f6b5c006000-7f6b5c00b000 r--s 00084000 08:06 6292910                    /home/freddie/jdk1.8.0_121/jre/lib/jfr.jar
7f6b5c00b000-7f6b5c01e000 r--p 00000000 08:06 6292662                    /home/freddie/jdk1.8.0_121/jre/lib/fonts/LucidaBrightDemiBold.ttf
7f6b5c01e000-7f6b5c031000 r--p 00000000 08:06 6292651                    /home/freddie/jdk1.8.0_121/jre/lib/fonts/LucidaBrightDemiItalic.ttf
7f6b5c031000-7f6b5c032000 r--s 00000000 08:05 1597601                    /var/cache/fontconfig/c05880de57d1f5e948fdfacc138775d9-le64.cache-4
7f6b5c032000-7f6b5c03d000 r--s 00000000 08:05 1597595                    /var/cache/fontconfig/945677eb7aeaf62f1d50efc3fb3ec7d8-le64.cache-4
7f6b5c03d000-7f6b5c043000 r--s 00000000 08:05 1597581                    /var/cache/fontconfig/2cd17615ca594fa2959ae173292e504c-le64.cache-4
7f6b5c043000-7f6b5c044000 r--s 00000000 08:05 1597611                    /var/cache/fontconfig/e7071f4a29fa870f4323321c154eba04-le64.cache-4
7f6b5c044000-7f6b5c045000 r--s 00000000 08:05 1597578                    /var/cache/fontconfig/0d8c3b2ac0904cb8a57a757ad11a4a08-le64.cache-4
7f6b5c045000-7f6b5c04c000 r--s 00000000 08:05 1597598                    /var/cache/fontconfig/a755afe4a08bf5b97852ceb7400b47bc-le64.cache-4
7f6b5c04c000-7f6b5c060000 r--s 00000000 08:05 1597576                    /var/cache/fontconfig/04aabc0a78ac019cf9454389977116d2-le64.cache-4
7f6b5c060000-7f6b5c061000 r--s 00000000 08:05 1597580                    /var/cache/fontconfig/1ac9eb803944fde146138c791f5cc56a-le64.cache-4
7f6b5c061000-7f6b5c065000 r--s 00000000 08:05 1597584                    /var/cache/fontconfig/385c0604a188198f04d133e54aba7fe7-le64.cache-4
7f6b5c065000-7f6b5c067000 r--s 00000000 08:05 1597592                    /var/cache/fontconfig/767a8244fc0220cfb567a839d0392e0b-le64.cache-4
7f6b5c067000-7f6b5c06c000 r--s 00000000 08:05 1597594                    /var/cache/fontconfig/8801497958630a81b71ace7c5f9b32a8-le64.cache-4
7f6b5c06c000-7f6b5c07f000 r--s 00000000 08:05 1597605                    /var/cache/fontconfig/d52a8644073d54c13679302ca1180695-le64.cache-4
7f6b5c07f000-7f6b5c080000 r-xp 00000000 08:05 401266                     /usr/lib/x86_64-linux-gnu/libX11-xcb.so.1.0.0
7f6b5c080000-7f6b5c27f000 ---p 00001000 08:05 401266                     /usr/lib/x86_64-linux-gnu/libX11-xcb.so.1.0.0
7f6b5c27f000-7f6b5c280000 r--p 00000000 08:05 401266                     /usr/lib/x86_64-linux-gnu/libX11-xcb.so.1.0.0
7f6b5c280000-7f6b5c281000 rw-p 00001000 08:05 401266                     /usr/lib/x86_64-linux-gnu/libX11-xcb.so.1.0.0
7f6b5c281000-7f6b5c2aa000 r-xp 00000000 08:05 401663                     /usr/lib/x86_64-linux-gnu/libglapi.so.0.0.0
7f6b5c2aa000-7f6b5c4a9000 ---p 00029000 08:05 401663                     /usr/lib/x86_64-linux-gnu/libglapi.so.0.0.0
7f6b5c4a9000-7f6b5c4ad000 r--p 00028000 08:05 401663                     /usr/lib/x86_64-linux-gnu/libglapi.so.0.0.0
7f6b5c4ad000-7f6b5c4ae000 rw-p 0002c000 08:05 401663                     /usr/lib/x86_64-linux-gnu/libglapi.so.0.0.0
7f6b5c4ae000-7f6b5c4af000 rw-p 00000000 00:00 0 
7f6b5c4af000-7f6b5c4ec000 r-xp 00000000 08:05 8130885                    /lib/x86_64-linux-gnu/libpcre.so.3.13.1
7f6b5c4ec000-7f6b5c6eb000 ---p 0003d000 08:05 8130885                    /lib/x86_64-linux-gnu/libpcre.so.3.13.1
7f6b5c6eb000-7f6b5c6ec000 r--p 0003c000 08:05 8130885                    /lib/x86_64-linux-gnu/libpcre.so.3.13.1
7f6b5c6ec000-7f6b5c6ed000 rw-p 0003d000 08:05 8130885                    /lib/x86_64-linux-gnu/libpcre.so.3.13.1
7f6b5c6ed000-7f6b5c6f4000 r-xp 00000000 08:05 401558                     /usr/lib/x86_64-linux-gnu/libffi.so.6.0.1
7f6b5c6f4000-7f6b5c8f3000 ---p 00007000 08:05 401558                     /usr/lib/x86_64-linux-gnu/libffi.so.6.0.1
7f6b5c8f3000-7f6b5c8f4000 r--p 00006000 08:05 401558                     /usr/lib/x86_64-linux-gnu/libffi.so.6.0.1
7f6b5c8f4000-7f6b5c8f5000 rw-p 00007000 08:05 401558                     /usr/lib/x86_64-linux-gnu/libffi.so.6.0.1
7f6b5c8f5000-7f6b5c91c000 r-xp 00000000 08:05 8130804                    /lib/x86_64-linux-gnu/libexpat.so.1.6.0
7f6b5c91c000-7f6b5cb1c000 ---p 00027000 08:05 8130804                    /lib/x86_64-linux-gnu/libexpat.so.1.6.0
7f6b5cb1c000-7f6b5cb1e000 r--p 00027000 08:05 8130804                    /lib/x86_64-linux-gnu/libexpat.so.1.6.0
7f6b5cb1e000-7f6b5cb1f000 rw-p 00029000 08:05 8130804                    /lib/x86_64-linux-gnu/libexpat.so.1.6.0
7f6b5cb1f000-7f6b5cb27000 r-xp 00000000 08:05 402202                     /usr/lib/x86_64-linux-gnu/libthai.so.0.2.0
7f6b5cb27000-7f6b5cd26000 ---p 00008000 08:05 402202                     /usr/lib/x86_64-linux-gnu/libthai.so.0.2.0
7f6b5cd26000-7f6b5cd27000 r--p 00007000 08:05 402202                     /usr/lib/x86_64-linux-gnu/libthai.so.0.2.0
7f6b5cd27000-7f6b5cd28000 rw-p 00008000 08:05 402202                     /usr/lib/x86_64-linux-gnu/libthai.so.0.2.0
7f6b5cd28000-7f6b5cd45000 r-xp 00000000 08:05 402340                     /usr/lib/x86_64-linux-gnu/libxcb.so.1.1.0
7f6b5cd45000-7f6b5cf45000 ---p 0001d000 08:05 402340                     /usr/lib/x86_64-linux-gnu/libxcb.so.1.1.0
7f6b5cf45000-7f6b5cf46000 r--p 0001d000 08:05 402340                     /usr/lib/x86_64-linux-gnu/libxcb.so.1.1.0
7f6b5cf46000-7f6b5cf47000 rw-p 0001e000 08:05 402340                     /usr/lib/x86_64-linux-gnu/libxcb.so.1.1.0
7f6b5cf47000-7f6b5cf4f000 r-xp 00000000 08:05 402326                     /usr/lib/x86_64-linux-gnu/libxcb-render.so.0.0.0
7f6b5cf4f000-7f6b5d14e000 ---p 00008000 08:05 402326                     /usr/lib/x86_64-linux-gnu/libxcb-render.so.0.0.0
7f6b5d14e000-7f6b5d14f000 r--p 00007000 08:05 402326                     /usr/lib/x86_64-linux-gnu/libxcb-render.so.0.0.0
7f6b5d14f000-7f6b5d150000 rw-p 00008000 08:05 402326                     /usr/lib/x86_64-linux-gnu/libxcb-render.so.0.0.0
7f6b5d150000-7f6b5d152000 r-xp 00000000 08:05 402330                     /usr/lib/x86_64-linux-gnu/libxcb-shm.so.0.0.0
7f6b5d152000-7f6b5d351000 ---p 00002000 08:05 402330                     /usr/lib/x86_64-linux-gnu/libxcb-shm.so.0.0.0
7f6b5d351000-7f6b5d352000 r--p 00001000 08:05 402330                     /usr/lib/x86_64-linux-gnu/libxcb-shm.so.0.0.0
7f6b5d352000-7f6b5d353000 rw-p 00002000 08:05 402330                     /usr/lib/x86_64-linux-gnu/libxcb-shm.so.0.0.0
7f6b5d353000-7f6b5d378000 r-xp 00000000 08:05 8130897                    /lib/x86_64-linux-gnu/libpng12.so.0.50.0
7f6b5d378000-7f6b5d577000 ---p 00025000 08:05 8130897                    /lib/x86_64-linux-gnu/libpng12.so.0.50.0
7f6b5d577000-7f6b5d578000 r--p 00024000 08:05 8130897                    /lib/x86_64-linux-gnu/libpng12.so.0.50.0
7f6b5d578000-7f6b5d579000 rw-p 00025000 08:05 8130897                    /lib/x86_64-linux-gnu/libpng12.so.0.50.0
7f6b5d579000-7f6b5d619000 r-xp 00000000 08:05 394131                     /usr/lib/x86_64-linux-gnu/libpixman-1.so.0.30.2
7f6b5d619000-7f6b5d819000 ---p 000a0000 08:05 394131                     /usr/lib/x86_64-linux-gnu/libpixman-1.so.0.30.2
7f6b5d819000-7f6b5d820000 r--p 000a0000 08:05 394131                     /usr/lib/x86_64-linux-gnu/libpixman-1.so.0.30.2
7f6b5d820000-7f6b5d821000 rw-p 000a7000 08:05 394131                     /usr/lib/x86_64-linux-gnu/libpixman-1.so.0.30.2
7f6b5d821000-7f6b5d874000 r-xp 00000000 08:05 401818                     /usr/lib/x86_64-linux-gnu/libharfbuzz.so.0.927.0
7f6b5d874000-7f6b5da74000 ---p 00053000 08:05 401818                     /usr/lib/x86_64-linux-gnu/libharfbuzz.so.0.927.0
7f6b5da74000-7f6b5da75000 r--p 00053000 08:05 401818                     /usr/lib/x86_64-linux-gnu/libharfbuzz.so.0.927.0
7f6b5da75000-7f6b5da76000 rw-p 00054000 08:05 401818                     /usr/lib/x86_64-linux-gnu/libharfbuzz.so.0.927.0
7f6b5da76000-7f6b5da8d000 r-xp 00000000 08:05 8130908                    /lib/x86_64-linux-gnu/libresolv-2.19.so
7f6b5da8d000-7f6b5dc8d000 ---p 00017000 08:05 8130908                    /lib/x86_64-linux-gnu/libresolv-2.19.so
7f6b5dc8d000-7f6b5dc8e000 r--p 00017000 08:05 8130908                    /lib/x86_64-linux-gnu/libresolv-2.19.so
7f6b5dc8e000-7f6b5dc8f000 rw-p 00018000 08:05 8130908                    /lib/x86_64-linux-gnu/libresolv-2.19.so
7f6b5dc8f000-7f6b5dc91000 rw-p 00000000 00:00 0 
7f6b5dc91000-7f6b5dcb1000 r-xp 00000000 08:05 8130912                    /lib/x86_64-linux-gnu/libselinux.so.1
7f6b5dcb1000-7f6b5deb0000 ---p 00020000 08:05 8130912                    /lib/x86_64-linux-gnu/libselinux.so.1
7f6b5deb0000-7f6b5deb1000 r--p 0001f000 08:05 8130912                    /lib/x86_64-linux-gnu/libselinux.so.1
7f6b5deb1000-7f6b5deb2000 rw-p 00020000 08:05 8130912                    /lib/x86_64-linux-gnu/libselinux.so.1
7f6b5deb2000-7f6b5deb4000 rw-p 00000000 00:00 0 
7f6b5deb4000-7f6b5decc000 r-xp 00000000 08:05 8130945                    /lib/x86_64-linux-gnu/libz.so.1.2.8
7f6b5decc000-7f6b5e0cb000 ---p 00018000 08:05 8130945                    /lib/x86_64-linux-gnu/libz.so.1.2.8
7f6b5e0cb000-7f6b5e0cc000 r--p 00017000 08:05 8130945                    /lib/x86_64-linux-gnu/libz.so.1.2.8
7f6b5e0cc000-7f6b5e0cd000 rw-p 00018000 08:05 8130945                    /lib/x86_64-linux-gnu/libz.so.1.2.8
7f6b5e0cd000-7f6b5e0de000 r-xp 00000000 08:05 401285                     /usr/lib/x86_64-linux-gnu/libXext.so.6.4.0
7f6b5e0de000-7f6b5e2dd000 ---p 00011000 08:05 401285                     /usr/lib/x86_64-linux-gnu/libXext.so.6.4.0
7f6b5e2dd000-7f6b5e2de000 r--p 00010000 08:05 401285                     /usr/lib/x86_64-linux-gnu/libXext.so.6.4.0
7f6b5e2de000-7f6b5e2df000 rw-p 00011000 08:05 401285                     /usr/lib/x86_64-linux-gnu/libXext.so.6.4.0
7f6b5e2df000-7f6b5e2e1000 r-xp 00000000 08:05 401281                     /usr/lib/x86_64-linux-gnu/libXdamage.so.1.1.0
7f6b5e2e1000-7f6b5e4e0000 ---p 00002000 08:05 401281                     /usr/lib/x86_64-linux-gnu/libXdamage.so.1.1.0
7f6b5e4e0000-7f6b5e4e1000 r--p 00001000 08:05 401281                     /usr/lib/x86_64-linux-gnu/libXdamage.so.1.1.0
7f6b5e4e1000-7f6b5e4e2000 rw-p 00002000 08:05 401281                     /usr/lib/x86_64-linux-gnu/libXdamage.so.1.1.0
7f6b5e4e2000-7f6b5e4e4000 r-xp 00000000 08:05 401277                     /usr/lib/x86_64-linux-gnu/libXcomposite.so.1.0.0
7f6b5e4e4000-7f6b5e6e3000 ---p 00002000 08:05 401277                     /usr/lib/x86_64-linux-gnu/libXcomposite.so.1.0.0
7f6b5e6e3000-7f6b5e6e4000 r--p 00001000 08:05 401277                     /usr/lib/x86_64-linux-gnu/libXcomposite.so.1.0.0
7f6b5e6e4000-7f6b5e6e5000 rw-p 00002000 08:05 401277                     /usr/lib/x86_64-linux-gnu/libXcomposite.so.1.0.0
7f6b5e6e5000-7f6b5e6ee000 r-xp 00000000 08:05 401279                     /usr/lib/x86_64-linux-gnu/libXcursor.so.1.0.2
7f6b5e6ee000-7f6b5e8ed000 ---p 00009000 08:05 401279                     /usr/lib/x86_64-linux-gnu/libXcursor.so.1.0.2
7f6b5e8ed000-7f6b5e8ee000 r--p 00008000 08:05 401279                     /usr/lib/x86_64-linux-gnu/libXcursor.so.1.0.2
7f6b5e8ee000-7f6b5e8ef000 rw-p 00009000 08:05 401279                     /usr/lib/x86_64-linux-gnu/libXcursor.so.1.0.2
7f6b5e8ef000-7f6b5e8f8000 r-xp 00000000 08:05 401305                     /usr/lib/x86_64-linux-gnu/libXrandr.so.2.2.0
7f6b5e8f8000-7f6b5eaf7000 ---p 00009000 08:05 401305                     /usr/lib/x86_64-linux-gnu/libXrandr.so.2.2.0
7f6b5eaf7000-7f6b5eaf8000 r--p 00008000 08:05 401305                     /usr/lib/x86_64-linux-gnu/libXrandr.so.2.2.0
7f6b5eaf8000-7f6b5eaf9000 rw-p 00009000 08:05 401305                     /usr/lib/x86_64-linux-gnu/libXrandr.so.2.2.0
7f6b5eaf9000-7f6b5eb08000 r-xp 00000000 08:05 401293                     /usr/lib/x86_64-linux-gnu/libXi.so.6.1.0
7f6b5eb08000-7f6b5ed07000 ---p 0000f000 08:05 401293                     /usr/lib/x86_64-linux-gnu/libXi.so.6.1.0
7f6b5ed07000-7f6b5ed08000 r--p 0000e000 08:05 401293                     /usr/lib/x86_64-linux-gnu/libXi.so.6.1.0
7f6b5ed08000-7f6b5ed09000 rw-p 0000f000 08:05 401293                     /usr/lib/x86_64-linux-gnu/libXi.so.6.1.0
7f6b5ed09000-7f6b5ed0b000 r-xp 00000000 08:05 401295                     /usr/lib/x86_64-linux-gnu/libXinerama.so.1.0.0
7f6b5ed0b000-7f6b5ef0a000 ---p 00002000 08:05 401295                     /usr/lib/x86_64-linux-gnu/libXinerama.so.1.0.0
7f6b5ef0a000-7f6b5ef0b000 r--p 00001000 08:05 401295                     /usr/lib/x86_64-linux-gnu/libXinerama.so.1.0.0
7f6b5ef0b000-7f6b5ef0c000 rw-p 00002000 08:05 401295                     /usr/lib/x86_64-linux-gnu/libXinerama.so.1.0.0
7f6b5ef0c000-7f6b5ef15000 r-xp 00000000 08:05 401307                     /usr/lib/x86_64-linux-gnu/libXrender.so.1.3.0
7f6b5ef15000-7f6b5f114000 ---p 00009000 08:05 401307                     /usr/lib/x86_64-linux-gnu/libXrender.so.1.3.0
7f6b5f114000-7f6b5f115000 r--p 00008000 08:05 401307                     /usr/lib/x86_64-linux-gnu/libXrender.so.1.3.0
7f6b5f115000-7f6b5f116000 rw-p 00009000 08:05 401307                     /usr/lib/x86_64-linux-gnu/libXrender.so.1.3.0
7f6b5f116000-7f6b5f11b000 r-xp 00000000 08:05 401287                     /usr/lib/x86_64-linux-gnu/libXfixes.so.3.1.0
7f6b5f11b000-7f6b5f31a000 ---p 00005000 08:05 401287                     /usr/lib/x86_64-linux-gnu/libXfixes.so.3.1.0
7f6b5f31a000-7f6b5f31b000 r--p 00004000 08:05 401287                     /usr/lib/x86_64-linux-gnu/libXfixes.so.3.1.0
7f6b5f31b000-7f6b5f31c000 rw-p 00005000 08:05 401287                     /usr/lib/x86_64-linux-gnu/libXfixes.so.3.1.0
7f6b5f31c000-7f6b5f332000 r-xp 00000000 08:05 8130809                    /lib/x86_64-linux-gnu/libgcc_s.so.1
7f6b5f332000-7f6b5f531000 ---p 00016000 08:05 8130809                    /lib/x86_64-linux-gnu/libgcc_s.so.1
7f6b5f531000-7f6b5f532000 rw-p 00015000 08:05 8130809                    /lib/x86_64-linux-gnu/libgcc_s.so.1
7f6b5f532000-7f6b5f618000 r-xp 00000000 08:05 402180                     /usr/lib/x86_64-linux-gnu/libstdc++.so.6.0.19
7f6b5f618000-7f6b5f817000 ---p 000e6000 08:05 402180                     /usr/lib/x86_64-linux-gnu/libstdc++.so.6.0.19
7f6b5f817000-7f6b5f81f000 r--p 000e5000 08:05 402180                     /usr/lib/x86_64-linux-gnu/libstdc++.so.6.0.19
7f6b5f81f000-7f6b5f821000 rw-p 000ed000 08:05 402180                     /usr/lib/x86_64-linux-gnu/libstdc++.so.6.0.19
7f6b5f821000-7f6b5f836000 rw-p 00000000 00:00 0 
7f6b5f836000-7f6b5f8c0000 r-xp 00000000 08:05 787859                     /usr/lib/x86_64-linux-gnu/mesa/libGL.so.1.2.0
7f6b5f8c0000-7f6b5fac0000 ---p 0008a000 08:05 787859                     /usr/lib/x86_64-linux-gnu/mesa/libGL.so.1.2.0
7f6b5fac0000-7f6b5fac3000 r--p 0008a000 08:05 787859                     /usr/lib/x86_64-linux-gnu/mesa/libGL.so.1.2.0
7f6b5fac3000-7f6b5fac4000 rw-p 0008d000 08:05 787859                     /usr/lib/x86_64-linux-gnu/mesa/libGL.so.1.2.0
7f6b5fac4000-7f6b5fac5000 rw-p 00000000 00:00 0 
7f6b5fac5000-7f6b5fac9000 r-xp 00000000 08:05 401323                     /usr/lib/x86_64-linux-gnu/libXxf86vm.so.1.0.0
7f6b5fac9000-7f6b5fcc9000 ---p 00004000 08:05 401323                     /usr/lib/x86_64-linux-gnu/libXxf86vm.so.1.0.0
7f6b5fcc9000-7f6b5fcca000 r--p 00004000 08:05 401323                     /usr/lib/x86_64-linux-gnu/libXxf86vm.so.1.0.0
7f6b5fcca000-7f6b5fccb000 rw-p 00005000 08:05 401323                     /usr/lib/x86_64-linux-gnu/libXxf86vm.so.1.0.0
7f6b5fccb000-7f6b5fdfb000 r-xp 00000000 08:05 401268                     /usr/lib/x86_64-linux-gnu/libX11.so.6.3.0
7f6b5fdfb000-7f6b5fffb000 ---p 00130000 08:05 401268                     /usr/lib/x86_64-linux-gnu/libX11.so.6.3.0
7f6b5fffb000-7f6b5fffc000 r--p 00130000 08:05 401268                     /usr/lib/x86_64-linux-gnu/libX11.so.6.3.0
7f6b5fffc000-7f6b60000000 rw-p 00131000 08:05 401268                     /usr/lib/x86_64-linux-gnu/libX11.so.6.3.0
7f6b60000000-7f6b60021000 rw-p 00000000 00:00 0 
7f6b60021000-7f6b64000000 ---p 00000000 00:00 0 
7f6b64000000-7f6b64001000 r--s 00000000 08:05 1597608                    /var/cache/fontconfig/dc05db6664285cc2f12bf69c139ae4c3-le64.cache-4
7f6b64001000-7f6b64002000 r--s 00000000 08:05 1597586                    /var/cache/fontconfig/4794a0821666d79190d59a36cb4f44b5-le64.cache-4
7f6b64002000-7f6b64006000 r--s 00000000 08:05 1598905                    /var/cache/fontconfig/c57959a16110560c8d0fcea73374aeeb-le64.cache-4
7f6b64006000-7f6b6400d000 r--s 00000000 08:05 1597582                    /var/cache/fontconfig/3047814df9a2f067bd2d96a2b9c36e5a-le64.cache-4
7f6b6400d000-7f6b64012000 r-xp 00000000 08:05 401313                     /usr/lib/x86_64-linux-gnu/libXtst.so.6.1.0
7f6b64012000-7f6b64211000 ---p 00005000 08:05 401313                     /usr/lib/x86_64-linux-gnu/libXtst.so.6.1.0
7f6b64211000-7f6b64212000 r--p 00004000 08:05 401313                     /usr/lib/x86_64-linux-gnu/libXtst.so.6.1.0
7f6b64212000-7f6b64213000 rw-p 00005000 08:05 401313                     /usr/lib/x86_64-linux-gnu/libXtst.so.6.1.0
7f6b64213000-7f6b64319000 r-xp 00000000 08:05 8130813                    /lib/x86_64-linux-gnu/libglib-2.0.so.0.4002.0
7f6b64319000-7f6b64518000 ---p 00106000 08:05 8130813                    /lib/x86_64-linux-gnu/libglib-2.0.so.0.4002.0
7f6b64518000-7f6b64519000 r--p 00105000 08:05 8130813                    /lib/x86_64-linux-gnu/libglib-2.0.so.0.4002.0
7f6b64519000-7f6b6451a000 rw-p 00106000 08:05 8130813                    /lib/x86_64-linux-gnu/libglib-2.0.so.0.4002.0
7f6b6451a000-7f6b6451b000 rw-p 00000000 00:00 0 
7f6b6451b000-7f6b6451c000 r-xp 00000000 08:05 401794                     /usr/lib/x86_64-linux-gnu/libgthread-2.0.so.0.4002.0
7f6b6451c000-7f6b6471b000 ---p 00001000 08:05 401794                     /usr/lib/x86_64-linux-gnu/libgthread-2.0.so.0.4002.0
7f6b6471b000-7f6b6471c000 r--p 00000000 08:05 401794                     /usr/lib/x86_64-linux-gnu/libgthread-2.0.so.0.4002.0
7f6b6471c000-7f6b6471d000 rw-p 00001000 08:05 401794                     /usr/lib/x86_64-linux-gnu/libgthread-2.0.so.0.4002.0
7f6b6471d000-7f6b64720000 r-xp 00000000 08:05 401671                     /usr/lib/x86_64-linux-gnu/libgmodule-2.0.so.0.4002.0
7f6b64720000-7f6b6491f000 ---p 00003000 08:05 401671                     /usr/lib/x86_64-linux-gnu/libgmodule-2.0.so.0.4002.0
7f6b6491f000-7f6b64920000 r--p 00002000 08:05 401671                     /usr/lib/x86_64-linux-gnu/libgmodule-2.0.so.0.4002.0
7f6b64920000-7f6b64921000 rw-p 00003000 08:05 401671                     /usr/lib/x86_64-linux-gnu/libgmodule-2.0.so.0.4002.0
7f6b64921000-7f6b64970000 r-xp 00000000 08:05 401687                     /usr/lib/x86_64-linux-gnu/libgobject-2.0.so.0.4002.0
7f6b64970000-7f6b64b70000 ---p 0004f000 08:05 401687                     /usr/lib/x86_64-linux-gnu/libgobject-2.0.so.0.4002.0
7f6b64b70000-7f6b64b71000 r--p 0004f000 08:05 401687                     /usr/lib/x86_64-linux-gnu/libgobject-2.0.so.0.4002.0
7f6b64b71000-7f6b64b72000 rw-p 00050000 08:05 401687                     /usr/lib/x86_64-linux-gnu/libgobject-2.0.so.0.4002.0
7f6b64b72000-7f6b64bac000 r-xp 00000000 08:05 401572                     /usr/lib/x86_64-linux-gnu/libfontconfig.so.1.8.0
7f6b64bac000-7f6b64dab000 ---p 0003a000 08:05 401572                     /usr/lib/x86_64-linux-gnu/libfontconfig.so.1.8.0
7f6b64dab000-7f6b64dad000 r--p 00039000 08:05 401572                     /usr/lib/x86_64-linux-gnu/libfontconfig.so.1.8.0
7f6b64dad000-7f6b64dae000 rw-p 0003b000 08:05 401572                     /usr/lib/x86_64-linux-gnu/libfontconfig.so.1.8.0
7f6b64dae000-7f6b64e4b000 r-xp 00000000 08:05 401600                     /usr/lib/x86_64-linux-gnu/libfreetype.so.6.11.1
7f6b64e4b000-7f6b6504a000 ---p 0009d000 08:05 401600                     /usr/lib/x86_64-linux-gnu/libfreetype.so.6.11.1
7f6b6504a000-7f6b65050000 r--p 0009c000 08:05 401600                     /usr/lib/x86_64-linux-gnu/libfreetype.so.6.11.1
7f6b65050000-7f6b65051000 rw-p 000a2000 08:05 401600                     /usr/lib/x86_64-linux-gnu/libfreetype.so.6.11.1
7f6b65051000-7f6b6509b000 r-xp 00000000 08:05 402011                     /usr/lib/x86_64-linux-gnu/libpango-1.0.so.0.3600.3
7f6b6509b000-7f6b6529b000 ---p 0004a000 08:05 402011                     /usr/lib/x86_64-linux-gnu/libpango-1.0.so.0.3600.3
7f6b6529b000-7f6b6529d000 r--p 0004a000 08:05 402011                     /usr/lib/x86_64-linux-gnu/libpango-1.0.so.0.3600.3
7f6b6529d000-7f6b6529e000 rw-p 0004c000 08:05 402011                     /usr/lib/x86_64-linux-gnu/libpango-1.0.so.0.3600.3
7f6b6529e000-7f6b653a4000 r-xp 00000000 08:05 401405                     /usr/lib/x86_64-linux-gnu/libcairo.so.2.11301.0
7f6b653a4000-7f6b655a3000 ---p 00106000 08:05 401405                     /usr/lib/x86_64-linux-gnu/libcairo.so.2.11301.0
7f6b655a3000-7f6b655a6000 r--p 00105000 08:05 401405                     /usr/lib/x86_64-linux-gnu/libcairo.so.2.11301.0
7f6b655a6000-7f6b655a7000 rw-p 00108000 08:05 401405                     /usr/lib/x86_64-linux-gnu/libcairo.so.2.11301.0
7f6b655a7000-7f6b655a9000 rw-p 00000000 00:00 0 
7f6b655a9000-7f6b655b4000 r-xp 00000000 08:05 402013                     /usr/lib/x86_64-linux-gnu/libpangocairo-1.0.so.0.3600.3
7f6b655b4000-7f6b657b4000 ---p 0000b000 08:05 402013                     /usr/lib/x86_64-linux-gnu/libpangocairo-1.0.so.0.3600.3
7f6b657b4000-7f6b657b5000 r--p 0000b000 08:05 402013                     /usr/lib/x86_64-linux-gnu/libpangocairo-1.0.so.0.3600.3
7f6b657b5000-7f6b657b6000 rw-p 0000c000 08:05 402013                     /usr/lib/x86_64-linux-gnu/libpangocairo-1.0.so.0.3600.3
7f6b657b6000-7f6b657d6000 r-xp 00000000 08:05 401635                     /usr/lib/x86_64-linux-gnu/libgdk_pixbuf-2.0.so.0.3000.7
7f6b657d6000-7f6b659d5000 ---p 00020000 08:05 401635                     /usr/lib/x86_64-linux-gnu/libgdk_pixbuf-2.0.so.0.3000.7
7f6b659d5000-7f6b659d6000 r--p 0001f000 08:05 401635                     /usr/lib/x86_64-linux-gnu/libgdk_pixbuf-2.0.so.0.3000.7
7f6b659d6000-7f6b659d7000 rw-p 00020000 08:05 401635                     /usr/lib/x86_64-linux-gnu/libgdk_pixbuf-2.0.so.0.3000.7
7f6b659d7000-7f6b659eb000 r-xp 00000000 08:05 402015                     /usr/lib/x86_64-linux-gnu/libpangoft2-1.0.so.0.3600.3
7f6b659eb000-7f6b65bea000 ---p 00014000 08:05 402015                     /usr/lib/x86_64-linux-gnu/libpangoft2-1.0.so.0.3600.3
7f6b65bea000-7f6b65beb000 r--p 00013000 08:05 402015                     /usr/lib/x86_64-linux-gnu/libpangoft2-1.0.so.0.3600.3
7f6b65beb000-7f6b65bec000 rw-p 00014000 08:05 402015                     /usr/lib/x86_64-linux-gnu/libpangoft2-1.0.so.0.3600.3
7f6b65bec000-7f6b65d58000 r-xp 00000000 08:05 401659                     /usr/lib/x86_64-linux-gnu/libgio-2.0.so.0.4002.0
7f6b65d58000-7f6b65f57000 ---p 0016c000 08:05 401659                     /usr/lib/x86_64-linux-gnu/libgio-2.0.so.0.4002.0
7f6b65f57000-7f6b65f5b000 r--p 0016b000 08:05 401659                     /usr/lib/x86_64-linux-gnu/libgio-2.0.so.0.4002.0
7f6b65f5b000-7f6b65f5d000 rw-p 0016f000 08:05 401659                     /usr/lib/x86_64-linux-gnu/libgio-2.0.so.0.4002.0
7f6b65f5d000-7f6b65f5f000 rw-p 00000000 00:00 0 
7f6b65f5f000-7f6b65f7e000 r-xp 00000000 08:05 401366                     /usr/lib/x86_64-linux-gnu/libatk-1.0.so.0.21009.1
7f6b65f7e000-7f6b6617e000 ---p 0001f000 08:05 401366                     /usr/lib/x86_64-linux-gnu/libatk-1.0.so.0.21009.1
7f6b6617e000-7f6b66180000 r--p 0001f000 08:05 401366                     /usr/lib/x86_64-linux-gnu/libatk-1.0.so.0.21009.1
7f6b66180000-7f6b66181000 rw-p 00021000 08:05 401366                     /usr/lib/x86_64-linux-gnu/libatk-1.0.so.0.21009.1
7f6b66181000-7f6b6622e000 r-xp 00000000 08:05 401633                     /usr/lib/x86_64-linux-gnu/libgdk-x11-2.0.so.0.2400.23
7f6b6622e000-7f6b6642e000 ---p 000ad000 08:05 401633                     /usr/lib/x86_64-linux-gnu/libgdk-x11-2.0.so.0.2400.23
7f6b6642e000-7f6b66432000 r--p 000ad000 08:05 401633                     /usr/lib/x86_64-linux-gnu/libgdk-x11-2.0.so.0.2400.23
7f6b66432000-7f6b66434000 rw-p 000b1000 08:05 401633                     /usr/lib/x86_64-linux-gnu/libgdk-x11-2.0.so.0.2400.23
7f6b66434000-7f6b66864000 r-xp 00000000 08:05 401798                     /usr/lib/x86_64-linux-gnu/libgtk-x11-2.0.so.0.2400.23
7f6b66864000-7f6b66a63000 ---p 00430000 08:05 401798                     /usr/lib/x86_64-linux-gnu/libgtk-x11-2.0.so.0.2400.23
7f6b66a63000-7f6b66a6a000 r--p 0042f000 08:05 401798                     /usr/lib/x86_64-linux-gnu/libgtk-x11-2.0.so.0.2400.23
7f6b66a6a000-7f6b66a6e000 rw-p 00436000 08:05 401798                     /usr/lib/x86_64-linux-gnu/libgtk-x11-2.0.so.0.2400.23
7f6b66a6e000-7f6b66a71000 rw-p 00000000 00:00 0 
7f6b66a71000-7f6b66a7d000 r-xp 00000000 08:06 6292790                    /home/freddie/jdk1.8.0_121/jre/lib/amd64/libprism_es2.so
7f6b66a7d000-7f6b66c7c000 ---p 0000c000 08:06 6292790                    /home/freddie/jdk1.8.0_121/jre/lib/amd64/libprism_es2.so
7f6b66c7c000-7f6b66c7d000 rw-p 0000b000 08:06 6292790                    /home/freddie/jdk1.8.0_121/jre/lib/amd64/libprism_es2.so
7f6b66c7d000-7f6b66c80000 ---p 00000000 00:00 0 
7f6b66c80000-7f6b66d7e000 rw-p 00000000 00:00 0                          [stack:7541]
7f6b66d7e000-7f6b66e13000 r--s 01101000 08:06 6292794                    /home/freddie/jdk1.8.0_121/jre/lib/ext/jfxrt.jar
7f6b66e13000-7f6b66e14000 ---p 00000000 00:00 0 
7f6b66e14000-7f6b66f14000 rw-p 00000000 00:00 0                          [stack:7540]
7f6b66f14000-7f6b66f17000 ---p 00000000 00:00 0 
7f6b66f17000-7f6b67015000 rw-p 00000000 00:00 0                          [stack:7539]
7f6b67015000-7f6b67018000 ---p 00000000 00:00 0 
7f6b67018000-7f6b67116000 rw-p 00000000 00:00 0                          [stack:7538]
7f6b67116000-7f6b67119000 ---p 00000000 00:00 0 
7f6b67119000-7f6b67217000 rw-p 00000000 00:00 0                          [stack:7537]
7f6b67217000-7f6b6721a000 ---p 00000000 00:00 0 
7f6b6721a000-7f6b67318000 rw-p 00000000 00:00 0                          [stack:7536]
7f6b67318000-7f6b6731b000 ---p 00000000 00:00 0 
7f6b6731b000-7f6b67419000 rw-p 00000000 00:00 0                          [stack:7535]
7f6b67419000-7f6b67afb000 r--p 00000000 08:05 400257                     /usr/lib/locale/locale-archive
7f6b67afb000-7f6b67afe000 ---p 00000000 00:00 0 
7f6b67afe000-7f6b67bfc000 rw-p 00000000 00:00 0                          [stack:7534]
7f6b67bfc000-7f6b67bff000 ---p 00000000 00:00 0 
7f6b67bff000-7f6b67cfd000 rw-p 00000000 00:00 0                          [stack:7533]
7f6b67cfd000-7f6b67cfe000 ---p 00000000 00:00 0 
7f6b67cfe000-7f6b68000000 rw-p 00000000 00:00 0                          [stack:7532]
7f6b68000000-7f6b68021000 rw-p 00000000 00:00 0 
7f6b68021000-7f6b6c000000 ---p 00000000 00:00 0 
7f6b6c000000-7f6b6c001000 r--s 00000000 08:05 1597588                    /var/cache/fontconfig/56cf4f4769d0f4abc89a4895d7bd3ae1-le64.cache-4
7f6b6c001000-7f6b6c002000 r--s 00000000 08:05 1597600                    /var/cache/fontconfig/b9d506c9ac06c20b433354fa67a72993-le64.cache-4
7f6b6c002000-7f6b6c008000 r--s 00000000 08:05 1597599                    /var/cache/fontconfig/b47c4e1ecd0709278f4910c18777a504-le64.cache-4
7f6b6c008000-7f6b6c011000 r--s 00000000 08:05 1597585                    /var/cache/fontconfig/3f7329c5293ffd510edef78f73874cfd-le64.cache-4
7f6b6c011000-7f6b6c015000 r--s 00000000 08:05 1597606                    /var/cache/fontconfig/d589a48862398ed80a3d6066f4f56f4c-le64.cache-4
7f6b6c015000-7f6b6c022000 r--s 00000000 08:05 1597719                    /var/cache/fontconfig/089dead882dea3570ffc31a9898cfb69-le64.cache-4
7f6b6c022000-7f6b6c023000 r--s 00000000 08:05 1597577                    /var/cache/fontconfig/0c9eb80ebd1c36541ebe2852d3bb0c49-le64.cache-4
7f6b6c023000-7f6b6c026000 r--s 00000000 08:05 1597624                    /var/cache/fontconfig/e13b20fdb08344e0e664864cc2ede53d-le64.cache-4
7f6b6c026000-7f6b6c02e000 rw-s 00000000 00:05 132064                     /drm mm object (deleted)
7f6b6c02e000-7f6b6c036000 rw-s 00000000 00:05 132056                     /drm mm object (deleted)
7f6b6c036000-7f6b6c076000 r--p 00000000 08:05 794068                     /usr/share/glib-2.0/schemas/gschemas.compiled
7f6b6c076000-7f6b6cdd2000 rw-p 00000000 00:00 0 
7f6b6cdd2000-7f6b6cfab000 r--s 03d3e000 08:06 6293039                    /home/freddie/jdk1.8.0_121/jre/lib/rt.jar
7f6b6cfab000-7f6b6f78b000 rw-p 00000000 00:00 0 
7f6b6f78b000-7f6b6f78c000 ---p 00000000 00:00 0 
7f6b6f78c000-7f6b6f88c000 rw-p 00000000 00:00 0                          [stack:7531]
7f6b6f88c000-7f6b6f88d000 ---p 00000000 00:00 0 
7f6b6f88d000-7f6b6f98d000 rw-p 00000000 00:00 0                          [stack:7530]
7f6b6f98d000-7f6b6f98e000 ---p 00000000 00:00 0 
7f6b6f98e000-7f6b6faa2000 rw-p 00000000 00:00 0                          [stack:7529]
7f6b6faa2000-7f6b6fbce000 ---p 00000000 00:00 0 
7f6b6fbce000-7f6b6fbe2000 rw-p 00000000 00:00 0 
7f6b6fbe2000-7f6b6fd0e000 ---p 00000000 00:00 0 
7f6b6fd0e000-7f6b6fd20000 rw-p 00000000 00:00 0 
7f6b6fd20000-7f6b6fdae000 ---p 00000000 00:00 0 
7f6b6fdae000-7f6b6fdd3000 rw-p 00000000 00:00 0 
7f6b6fdd3000-7f6b7016f000 ---p 00000000 00:00 0 
7f6b7016f000-7f6b70a3f000 rwxp 00000000 00:00 0 
7f6b70a3f000-7f6b7f16f000 ---p 00000000 00:00 0 
7f6b7f16f000-7f6b7f189000 r-xp 00000000 08:06 6292913                    /home/freddie/jdk1.8.0_121/jre/lib/amd64/libzip.so
7f6b7f189000-7f6b7f389000 ---p 0001a000 08:06 6292913                    /home/freddie/jdk1.8.0_121/jre/lib/amd64/libzip.so
7f6b7f389000-7f6b7f38a000 rw-p 0001a000 08:06 6292913                    /home/freddie/jdk1.8.0_121/jre/lib/amd64/libzip.so
7f6b7f38a000-7f6b7f395000 r-xp 00000000 08:05 8130857                    /lib/x86_64-linux-gnu/libnss_files-2.19.so
7f6b7f395000-7f6b7f594000 ---p 0000b000 08:05 8130857                    /lib/x86_64-linux-gnu/libnss_files-2.19.so
7f6b7f594000-7f6b7f595000 r--p 0000a000 08:05 8130857                    /lib/x86_64-linux-gnu/libnss_files-2.19.so
7f6b7f595000-7f6b7f596000 rw-p 0000b000 08:05 8130857                    /lib/x86_64-linux-gnu/libnss_files-2.19.so
7f6b7f596000-7f6b7f5a1000 r-xp 00000000 08:05 8130867                    /lib/x86_64-linux-gnu/libnss_nis-2.19.so
7f6b7f5a1000-7f6b7f7a0000 ---p 0000b000 08:05 8130867                    /lib/x86_64-linux-gnu/libnss_nis-2.19.so
7f6b7f7a0000-7f6b7f7a1000 r--p 0000a000 08:05 8130867                    /lib/x86_64-linux-gnu/libnss_nis-2.19.so
7f6b7f7a1000-7f6b7f7a2000 rw-p 0000b000 08:05 8130867                    /lib/x86_64-linux-gnu/libnss_nis-2.19.so
7f6b7f7a2000-7f6b7f7b9000 r-xp 00000000 08:05 8130851                    /lib/x86_64-linux-gnu/libnsl-2.19.so
7f6b7f7b9000-7f6b7f9b8000 ---p 00017000 08:05 8130851                    /lib/x86_64-linux-gnu/libnsl-2.19.so
7f6b7f9b8000-7f6b7f9b9000 r--p 00016000 08:05 8130851                    /lib/x86_64-linux-gnu/libnsl-2.19.so
7f6b7f9b9000-7f6b7f9ba000 rw-p 00017000 08:05 8130851                    /lib/x86_64-linux-gnu/libnsl-2.19.so
7f6b7f9ba000-7f6b7f9bc000 rw-p 00000000 00:00 0 
7f6b7f9bc000-7f6b7f9c5000 r-xp 00000000 08:05 8130853                    /lib/x86_64-linux-gnu/libnss_compat-2.19.so
7f6b7f9c5000-7f6b7fbc4000 ---p 00009000 08:05 8130853                    /lib/x86_64-linux-gnu/libnss_compat-2.19.so
7f6b7fbc4000-7f6b7fbc5000 r--p 00008000 08:05 8130853                    /lib/x86_64-linux-gnu/libnss_compat-2.19.so
7f6b7fbc5000-7f6b7fbc6000 rw-p 00009000 08:05 8130853                    /lib/x86_64-linux-gnu/libnss_compat-2.19.so
7f6b7fbc6000-7f6b7fbf1000 r-xp 00000000 08:06 6292888                    /home/freddie/jdk1.8.0_121/jre/lib/amd64/libjava.so
7f6b7fbf1000-7f6b7fdf0000 ---p 0002b000 08:06 6292888                    /home/freddie/jdk1.8.0_121/jre/lib/amd64/libjava.so
7f6b7fdf0000-7f6b7fdf2000 rw-p 0002a000 08:06 6292888                    /home/freddie/jdk1.8.0_121/jre/lib/amd64/libjava.so
7f6b7fdf2000-7f6b7fdff000 r-xp 00000000 08:06 6292853                    /home/freddie/jdk1.8.0_121/jre/lib/amd64/libverify.so
7f6b7fdff000-7f6b7fffe000 ---p 0000d000 08:06 6292853                    /home/freddie/jdk1.8.0_121/jre/lib/amd64/libverify.so
7f6b7fffe000-7f6b80000000 rw-p 0000c000 08:06 6292853                    /home/freddie/jdk1.8.0_121/jre/lib/amd64/libverify.so
7f6b80000000-7f6b80500000 rw-p 00000000 00:00 0 
7f6b80500000-7f6b84000000 ---p 00000000 00:00 0 
7f6b84000000-7f6b84004000 r--s 00000000 08:05 1598904                    /var/cache/fontconfig/7ef2298fde41cc6eeb7af42e48b7d293-le64.cache-4
7f6b84004000-7f6b84005000 rw-s 00000000 00:05 134177                     /drm mm object (deleted)
7f6b84005000-7f6b8400b000 r--p 00000000 08:06 5243159                    /home/freddie/.config/dconf/user
7f6b8400b000-7f6b8400c000 r--s 00000000 00:17 30                         /run/user/1000/dconf/user
7f6b8400c000-7f6b84013000 r--s 00000000 08:05 787320                     /usr/lib/x86_64-linux-gnu/gconv/gconv-modules.cache
7f6b84013000-7f6b8401b000 rw-s 00000000 00:05 133545                     /drm mm object (deleted)
7f6b8401b000-7f6b8401c000 ---p 00000000 00:00 0 
7f6b8401c000-7f6b8411c000 rw-p 00000000 00:00 0                          [stack:7528]
7f6b8411c000-7f6b84123000 r-xp 00000000 08:05 8130910                    /lib/x86_64-linux-gnu/librt-2.19.so
7f6b84123000-7f6b84322000 ---p 00007000 08:05 8130910                    /lib/x86_64-linux-gnu/librt-2.19.so
7f6b84322000-7f6b84323000 r--p 00006000 08:05 8130910                    /lib/x86_64-linux-gnu/librt-2.19.so
7f6b84323000-7f6b84324000 rw-p 00007000 08:05 8130910                    /lib/x86_64-linux-gnu/librt-2.19.so
7f6b84324000-7f6b84429000 r-xp 00000000 08:05 8130832                    /lib/x86_64-linux-gnu/libm-2.19.so
7f6b84429000-7f6b84628000 ---p 00105000 08:05 8130832                    /lib/x86_64-linux-gnu/libm-2.19.so
7f6b84628000-7f6b84629000 r--p 00104000 08:05 8130832                    /lib/x86_64-linux-gnu/libm-2.19.so
7f6b84629000-7f6b8462a000 rw-p 00105000 08:05 8130832                    /lib/x86_64-linux-gnu/libm-2.19.so
7f6b8462a000-7f6b852f8000 r-xp 00000000 08:06 6292772                    /home/freddie/jdk1.8.0_121/jre/lib/amd64/server/libjvm.so
7f6b852f8000-7f6b854f8000 ---p 00cce000 08:06 6292772                    /home/freddie/jdk1.8.0_121/jre/lib/amd64/server/libjvm.so
7f6b854f8000-7f6b855d1000 rw-p 00cce000 08:06 6292772                    /home/freddie/jdk1.8.0_121/jre/lib/amd64/server/libjvm.so
7f6b855d1000-7f6b8561c000 rw-p 00000000 00:00 0 
7f6b8561c000-7f6b857d7000 r-xp 00000000 08:05 8130782                    /lib/x86_64-linux-gnu/libc-2.19.so
7f6b857d7000-7f6b859d6000 ---p 001bb000 08:05 8130782                    /lib/x86_64-linux-gnu/libc-2.19.so
7f6b859d6000-7f6b859da000 r--p 001ba000 08:05 8130782                    /lib/x86_64-linux-gnu/libc-2.19.so
7f6b859da000-7f6b859dc000 rw-p 001be000 08:05 8130782                    /lib/x86_64-linux-gnu/libc-2.19.so
7f6b859dc000-7f6b859e1000 rw-p 00000000 00:00 0 
7f6b859e1000-7f6b859e4000 r-xp 00000000 08:05 8130799                    /lib/x86_64-linux-gnu/libdl-2.19.so
7f6b859e4000-7f6b85be3000 ---p 00003000 08:05 8130799                    /lib/x86_64-linux-gnu/libdl-2.19.so
7f6b85be3000-7f6b85be4000 r--p 00002000 08:05 8130799                    /lib/x86_64-linux-gnu/libdl-2.19.so
7f6b85be4000-7f6b85be5000 rw-p 00003000 08:05 8130799                    /lib/x86_64-linux-gnu/libdl-2.19.so
7f6b85be5000-7f6b85bfa000 r-xp 00000000 08:06 6292834                    /home/freddie/jdk1.8.0_121/jre/lib/amd64/jli/libjli.so
7f6b85bfa000-7f6b85dfa000 ---p 00015000 08:06 6292834                    /home/freddie/jdk1.8.0_121/jre/lib/amd64/jli/libjli.so
7f6b85dfa000-7f6b85dfb000 rw-p 00015000 08:06 6292834                    /home/freddie/jdk1.8.0_121/jre/lib/amd64/jli/libjli.so
7f6b85dfb000-7f6b85e14000 r-xp 00000000 08:05 8130902                    /lib/x86_64-linux-gnu/libpthread-2.19.so
7f6b85e14000-7f6b86013000 ---p 00019000 08:05 8130902                    /lib/x86_64-linux-gnu/libpthread-2.19.so
7f6b86013000-7f6b86014000 r--p 00018000 08:05 8130902                    /lib/x86_64-linux-gnu/libpthread-2.19.so
7f6b86014000-7f6b86015000 rw-p 00019000 08:05 8130902                    /lib/x86_64-linux-gnu/libpthread-2.19.so
7f6b86015000-7f6b86019000 rw-p 00000000 00:00 0 
7f6b86019000-7f6b8603c000 r-xp 00000000 08:05 8130758                    /lib/x86_64-linux-gnu/ld-2.19.so
7f6b8603c000-7f6b86040000 r--p 00000000 08:05 1454882                    /usr/share/locale-langpack/en_AU/LC_MESSAGES/gtk20-properties.mo
7f6b86040000-7f6b86042000 r--p 00000000 08:05 1454883                    /usr/share/locale-langpack/en_AU/LC_MESSAGES/gtk20.mo
7f6b86042000-7f6b86043000 rw-s 00000000 00:05 133547                     /drm mm object (deleted)
7f6b86043000-7f6b86114000 rw-p 00000000 00:00 0 
7f6b86114000-7f6b86117000 ---p 00000000 00:00 0 
7f6b86117000-7f6b86219000 rw-p 00000000 00:00 0                          [stack:7527]
7f6b86219000-7f6b8621a000 r--p 00000000 08:05 1454840                    /usr/share/locale-langpack/en_AU/LC_MESSAGES/glib20.mo
7f6b8621a000-7f6b8621b000 r--p 00000000 08:05 1454938                    /usr/share/locale-langpack/en_AU/LC_MESSAGES/libc.mo
7f6b8621b000-7f6b8621c000 r--s 00079000 08:06 7210626                    /home/freddie/NetBeansProjects/MDSystem/dist/run71175438/MDSystem.jar
7f6b8621c000-7f6b8622f000 rw-p 00000000 00:00 0 
7f6b8622f000-7f6b86237000 rw-s 00000000 08:05 1055773                    /tmp/hsperfdata_freddie/7523
7f6b86237000-7f6b86238000 rw-p 00000000 00:00 0 
7f6b86238000-7f6b86239000 r--p 00000000 00:00 0 
7f6b86239000-7f6b8623b000 rw-p 00000000 00:00 0 
7f6b8623b000-7f6b8623c000 r--p 00022000 08:05 8130758                    /lib/x86_64-linux-gnu/ld-2.19.so
7f6b8623c000-7f6b8623d000 rw-p 00023000 08:05 8130758                    /lib/x86_64-linux-gnu/ld-2.19.so
7f6b8623d000-7f6b8623e000 rw-p 00000000 00:00 0 
7ffe36a68000-7ffe36a89000 rw-p 00000000 00:00 0                          [stack]
7ffe36bc2000-7ffe36bc4000 r--p 00000000 00:00 0                          [vvar]
7ffe36bc4000-7ffe36bc6000 r-xp 00000000 00:00 0                          [vdso]
ffffffffff600000-ffffffffff601000 r-xp 00000000 00:00 0                  [vsyscall]

VM Arguments:
jvm_args: -Dfile.encoding=UTF-8 
java_command: /home/freddie/NetBeansProjects/MDSystem/dist/run71175438/MDSystem.jar
java_class_path (initial): /home/freddie/NetBeansProjects/MDSystem/dist/run71175438/MDSystem.jar
Launcher Type: SUN_STANDARD

Environment Variables:
JAVA_HOME=/usr/local/java/jdk1.8.0_131
JRE_HOME=/usr/local/java/jdk1.8.0_131
PATH=/home/freddie/bin:/usr/local/sbin:/usr/local/bin:/usr/sbin:/usr/bin:/sbin:/bin:/usr/games:/usr/local/games:/usr/local/java/jdk1.8.0_131/bin:/usr/local/java/jdk1.8.0_131/bin
LD_LIBRARY_PATH=/home/freddie/jdk1.8.0_121/jre/lib/amd64:/home/freddie/jdk1.8.0_121/jre/lib/i386:
SHELL=/bin/bash
DISPLAY=:0.0

Signal Handlers:
SIGSEGV: [libjvm.so+0xac78c0], sa_mask[0]=11111111011111111101111111111110, sa_flags=SA_RESTART|SA_SIGINFO
SIGBUS: [libjvm.so+0xac78c0], sa_mask[0]=11111111011111111101111111111110, sa_flags=SA_RESTART|SA_SIGINFO
SIGFPE: [libjvm.so+0x920ac0], sa_mask[0]=11111111011111111101111111111110, sa_flags=SA_RESTART|SA_SIGINFO
SIGPIPE: SIG_IGN, sa_mask[0]=00000000000010000000000000000000, sa_flags=SA_RESTART
SIGXFSZ: [libjvm.so+0x920ac0], sa_mask[0]=11111111011111111101111111111110, sa_flags=SA_RESTART|SA_SIGINFO
SIGILL: [libjvm.so+0x920ac0], sa_mask[0]=11111111011111111101111111111110, sa_flags=SA_RESTART|SA_SIGINFO
SIGUSR1: SIG_DFL, sa_mask[0]=00000000000000000000000000000000, sa_flags=none
SIGUSR2: [libjvm.so+0x922300], sa_mask[0]=00100000000000000000000000000000, sa_flags=SA_RESTART|SA_SIGINFO
SIGHUP: [libjvm.so+0x923700], sa_mask[0]=11111111011111111101111111111110, sa_flags=SA_RESTART|SA_SIGINFO
SIGINT: SIG_IGN, sa_mask[0]=00000000000000000000000000000000, sa_flags=none
SIGTERM: [libjvm.so+0x923700], sa_mask[0]=11111111011111111101111111111110, sa_flags=SA_RESTART|SA_SIGINFO
SIGQUIT: [libjvm.so+0x923700], sa_mask[0]=11111111011111111101111111111110, sa_flags=SA_RESTART|SA_SIGINFO


---------------  S Y S T E M  ---------------

OS:DISTRIB_ID=Ubuntu
DISTRIB_RELEASE=14.04
DISTRIB_CODENAME=trusty
DISTRIB_DESCRIPTION="Ubuntu 14.04.4 LTS"

uname:Linux 4.2.0-35-generic #40~14.04.1-Ubuntu SMP Fri Mar 18 16:37:35 UTC 2016 x86_64
libc:glibc 2.19 NPTL 2.19 
rlimit: STACK 8192k, CORE 0k, NPROC 15255, NOFILE 4096, AS infinity
load average:0.74 0.56 0.51

/proc/meminfo:
MemTotal:        3926808 kB
MemFree:          117152 kB
MemAvailable:     526064 kB
Buffers:           30272 kB
Cached:           731192 kB
SwapCached:         4608 kB
Active:          2640396 kB
Inactive:         993300 kB
Active(anon):    2452608 kB
Inactive(anon):   809992 kB
Active(file):     187788 kB
Inactive(file):   183308 kB
Unevictable:          48 kB
Mlocked:              48 kB
SwapTotal:      19529724 kB
SwapFree:       19439492 kB
Dirty:              1624 kB
Writeback:             0 kB
AnonPages:       2869200 kB
Mapped:           329344 kB
Shmem:            390336 kB
Slab:              97572 kB
SReclaimable:      67108 kB
SUnreclaim:        30464 kB
KernelStack:        8784 kB
PageTables:        31816 kB
NFS_Unstable:          0 kB
Bounce:                0 kB
WritebackTmp:          0 kB
CommitLimit:    21493128 kB
Committed_AS:    6122152 kB
VmallocTotal:   34359738367 kB
VmallocUsed:      353616 kB
VmallocChunk:   34358947836 kB
HardwareCorrupted:     0 kB
AnonHugePages:   1548288 kB
CmaTotal:              0 kB
CmaFree:               0 kB
HugePages_Total:       0
HugePages_Free:        0
HugePages_Rsvd:        0
HugePages_Surp:        0
Hugepagesize:       2048 kB
DirectMap4k:       99968 kB
DirectMap2M:     3975168 kB


CPU:total 4 (2 cores per cpu, 2 threads per core) family 6 model 42 stepping 7, cmov, cx8, fxsr, mmx, sse, sse2, sse3, ssse3, sse4.1, sse4.2, popcnt, avx, clmul, ht, tsc, tscinvbit

/proc/cpuinfo:
processor	: 0
vendor_id	: GenuineIntel
cpu family	: 6
model		: 42
model name	: Intel(R) Core(TM) i3-2370M CPU @ 2.40GHz
stepping	: 7
microcode	: 0x26
cpu MHz		: 2400.000
cache size	: 3072 KB
physical id	: 0
siblings	: 4
core id		: 0
cpu cores	: 2
apicid		: 0
initial apicid	: 0
fpu		: yes
fpu_exception	: yes
cpuid level	: 13
wp		: yes
flags		: fpu vme de pse tsc msr pae mce cx8 apic sep mtrr pge mca cmov pat pse36 clflush dts acpi mmx fxsr sse sse2 ss ht tm pbe syscall nx rdtscp lm constant_tsc arch_perfmon pebs bts nopl xtopology nonstop_tsc aperfmperf eagerfpu pni pclmulqdq dtes64 monitor ds_cpl vmx est tm2 ssse3 cx16 xtpr pdcm pcid sse4_1 sse4_2 x2apic popcnt tsc_deadline_timer xsave avx lahf_lm arat epb pln pts dtherm tpr_shadow vnmi flexpriority ept vpid xsaveopt
bugs		:
bogomips	: 4784.53
clflush size	: 64
cache_alignment	: 64
address sizes	: 36 bits physical, 48 bits virtual
power management:

processor	: 1
vendor_id	: GenuineIntel
cpu family	: 6
model		: 42
model name	: Intel(R) Core(TM) i3-2370M CPU @ 2.40GHz
stepping	: 7
microcode	: 0x26
cpu MHz		: 2400.000
cache size	: 3072 KB
physical id	: 0
siblings	: 4
core id		: 0
cpu cores	: 2
apicid		: 1
initial apicid	: 1
fpu		: yes
fpu_exception	: yes
cpuid level	: 13
wp		: yes
flags		: fpu vme de pse tsc msr pae mce cx8 apic sep mtrr pge mca cmov pat pse36 clflush dts acpi mmx fxsr sse sse2 ss ht tm pbe syscall nx rdtscp lm constant_tsc arch_perfmon pebs bts nopl xtopology nonstop_tsc aperfmperf eagerfpu pni pclmulqdq dtes64 monitor ds_cpl vmx est tm2 ssse3 cx16 xtpr pdcm pcid sse4_1 sse4_2 x2apic popcnt tsc_deadline_timer xsave avx lahf_lm arat epb pln pts dtherm tpr_shadow vnmi flexpriority ept vpid xsaveopt
bugs		:
bogomips	: 4784.53
clflush size	: 64
cache_alignment	: 64
address sizes	: 36 bits physical, 48 bits virtual
power management:

processor	: 2
vendor_id	: GenuineIntel
cpu family	: 6
model		: 42
model name	: Intel(R) Core(TM) i3-2370M CPU @ 2.40GHz
stepping	: 7
microcode	: 0x26
cpu MHz		: 2400.000
cache size	: 3072 KB
physical id	: 0
siblings	: 4
core id		: 1
cpu cores	: 2
apicid		: 2
initial apicid	: 2
fpu		: yes
fpu_exception	: yes
cpuid level	: 13
wp		: yes
flags		: fpu vme de pse tsc msr pae mce cx8 apic sep mtrr pge mca cmov pat pse36 clflush dts acpi mmx fxsr sse sse2 ss ht tm pbe syscall nx rdtscp lm constant_tsc arch_perfmon pebs bts nopl xtopology nonstop_tsc aperfmperf eagerfpu pni pclmulqdq dtes64 monitor ds_cpl vmx est tm2 ssse3 cx16 xtpr pdcm pcid sse4_1 sse4_2 x2apic popcnt tsc_deadline_timer xsave avx lahf_lm arat epb pln pts dtherm tpr_shadow vnmi flexpriority ept vpid xsaveopt
bugs		:
bogomips	: 4784.53
clflush size	: 64
cache_alignment	: 64
address sizes	: 36 bits physical, 48 bits virtual
power management:

processor	: 3
vendor_id	: GenuineIntel
cpu family	: 6
model		: 42
model name	: Intel(R) Core(TM) i3-2370M CPU @ 2.40GHz
stepping	: 7
microcode	: 0x26
cpu MHz		: 2400.000
cache size	: 3072 KB
physical id	: 0
siblings	: 4
core id		: 1
cpu cores	: 2
apicid		: 3
initial apicid	: 3
fpu		: yes
fpu_exception	: yes
cpuid level	: 13
wp		: yes
flags		: fpu vme de pse tsc msr pae mce cx8 apic sep mtrr pge mca cmov pat pse36 clflush dts acpi mmx fxsr sse sse2 ss ht tm pbe syscall nx rdtscp lm constant_tsc arch_perfmon pebs bts nopl xtopology nonstop_tsc aperfmperf eagerfpu pni pclmulqdq dtes64 monitor ds_cpl vmx est tm2 ssse3 cx16 xtpr pdcm pcid sse4_1 sse4_2 x2apic popcnt tsc_deadline_timer xsave avx lahf_lm arat epb pln pts dtherm tpr_shadow vnmi flexpriority ept vpid xsaveopt
bugs		:
bogomips	: 4784.53
clflush size	: 64
cache_alignment	: 64
address sizes	: 36 bits physical, 48 bits virtual
power management:



Memory: 4k page, physical 3926808k(117152k free), swap 19529724k(19439492k free)

vm_info: Java HotSpot(TM) 64-Bit Server VM (25.121-b13) for linux-amd64 JRE (1.8.0_121-b13), built on Dec 12 2016 16:36:53 by "java_re" with gcc 4.3.0 20080428 (Red Hat 4.3.0-8)

time: Mon May  8 20:31:08 2017
elapsed time: 5 seconds (0d 0h 0m 5s)

